<?xml version="1.0" encoding="UTF-8"?>
<coverage generated="1767451860417" clover="3.2.0">
  <project timestamp="1767451860417" name="All files">
    <metrics statements="791" coveredstatements="449" conditionals="360" coveredconditionals="205" methods="242" coveredmethods="134" elements="1393" coveredelements="788" complexity="0" loc="791" ncloc="791" packages="17" files="79" classes="79"/>
    <package name="src">
      <metrics statements="0" coveredstatements="0" conditionals="0" coveredconditionals="0" methods="0" coveredmethods="0"/>
      <file name="app.d.ts" path="/Users/lorenzo/code/jbcb-championship/src/app.d.ts">
        <metrics statements="0" coveredstatements="0" conditionals="0" coveredconditionals="0" methods="0" coveredmethods="0"/>
      </file>
      <file name="info.d.ts" path="/Users/lorenzo/code/jbcb-championship/src/info.d.ts">
        <metrics statements="0" coveredstatements="0" conditionals="0" coveredconditionals="0" methods="0" coveredmethods="0"/>
      </file>
    </package>
    <package name="src.lib.components">
      <metrics statements="52" coveredstatements="0" conditionals="28" coveredconditionals="0" methods="14" coveredmethods="0"/>
      <file name="athlete-list.svelte" path="/Users/lorenzo/code/jbcb-championship/src/lib/components/athlete-list.svelte">
        <metrics statements="13" coveredstatements="0" conditionals="19" coveredconditionals="0" methods="1" coveredmethods="0"/>
        <line num="29" count="0" type="cond" truecount="0" falsecount="2"/>
        <line num="30" count="0" type="cond" truecount="0" falsecount="2"/>
        <line num="33" count="0" type="cond" truecount="0" falsecount="4"/>
        <line num="37" count="0" type="stmt"/>
        <line num="41" count="0" type="stmt"/>
        <line num="42" count="0" type="cond" truecount="0" falsecount="2"/>
        <line num="43" count="0" type="stmt"/>
        <line num="46" count="0" type="cond" truecount="0" falsecount="2"/>
        <line num="47" count="0" type="stmt"/>
        <line num="49" count="0" type="cond" truecount="0" falsecount="2"/>
        <line num="55" count="0" type="stmt"/>
        <line num="57" count="0" type="stmt"/>
        <line num="63" count="0" type="cond" truecount="0" falsecount="2"/>
      </file>
      <file name="card.svelte" path="/Users/lorenzo/code/jbcb-championship/src/lib/components/card.svelte">
        <metrics statements="3" coveredstatements="0" conditionals="3" coveredconditionals="0" methods="1" coveredmethods="0"/>
        <line num="8" count="0" type="cond" truecount="0" falsecount="1"/>
        <line num="18" count="0" type="cond" truecount="0" falsecount="2"/>
        <line num="19" count="0" type="stmt"/>
      </file>
      <file name="category-move-dialog.svelte" path="/Users/lorenzo/code/jbcb-championship/src/lib/components/category-move-dialog.svelte">
        <metrics statements="24" coveredstatements="0" conditionals="2" coveredconditionals="0" methods="6" coveredmethods="0"/>
        <line num="23" count="0" type="stmt"/>
        <line num="25" count="0" type="stmt"/>
        <line num="28" count="0" type="stmt"/>
        <line num="29" count="0" type="stmt"/>
        <line num="33" count="0" type="stmt"/>
        <line num="35" count="0" type="stmt"/>
        <line num="38" count="0" type="cond" truecount="0" falsecount="2"/>
        <line num="42" count="0" type="stmt"/>
        <line num="43" count="0" type="stmt"/>
        <line num="54" count="0" type="stmt"/>
        <line num="55" count="0" type="stmt"/>
        <line num="57" count="0" type="stmt"/>
        <line num="60" count="0" type="stmt"/>
        <line num="62" count="0" type="stmt"/>
        <line num="67" count="0" type="stmt"/>
        <line num="69" count="0" type="stmt"/>
        <line num="93" count="0" type="stmt"/>
        <line num="96" count="0" type="stmt"/>
        <line num="98" count="0" type="stmt"/>
        <line num="112" count="0" type="stmt"/>
        <line num="125" count="0" type="stmt"/>
        <line num="126" count="0" type="stmt"/>
        <line num="129" count="0" type="stmt"/>
        <line num="130" count="0" type="stmt"/>
      </file>
      <file name="light-switch.svelte" path="/Users/lorenzo/code/jbcb-championship/src/lib/components/light-switch.svelte">
        <metrics statements="8" coveredstatements="0" conditionals="4" coveredconditionals="0" methods="3" coveredmethods="0"/>
        <line num="7" count="0" type="stmt"/>
        <line num="14" count="0" type="stmt"/>
        <line num="15" count="0" type="cond" truecount="0" falsecount="2"/>
        <line num="16" count="0" type="stmt"/>
        <line num="17" count="0" type="stmt"/>
        <line num="18" count="0" type="stmt"/>
        <line num="36" count="0" type="stmt"/>
        <line num="37" count="0" type="cond" truecount="0" falsecount="2"/>
      </file>
      <file name="loading-spinner.svelte" path="/Users/lorenzo/code/jbcb-championship/src/lib/components/loading-spinner.svelte">
        <metrics statements="0" coveredstatements="0" conditionals="0" coveredconditionals="0" methods="0" coveredmethods="0"/>
      </file>
      <file name="move-button.svelte" path="/Users/lorenzo/code/jbcb-championship/src/lib/components/move-button.svelte">
        <metrics statements="4" coveredstatements="0" conditionals="0" coveredconditionals="0" methods="3" coveredmethods="0"/>
        <line num="11" count="0" type="stmt"/>
        <line num="12" count="0" type="stmt"/>
        <line num="15" count="0" type="stmt"/>
        <line num="19" count="0" type="stmt"/>
      </file>
    </package>
    <package name="src.lib.icons">
      <metrics statements="9" coveredstatements="0" conditionals="0" coveredconditionals="0" methods="9" coveredmethods="0"/>
      <file name="add.svelte" path="/Users/lorenzo/code/jbcb-championship/src/lib/icons/add.svelte">
        <metrics statements="1" coveredstatements="0" conditionals="0" coveredconditionals="0" methods="1" coveredmethods="0"/>
        <line num="6" count="0" type="stmt"/>
      </file>
      <file name="check.svelte" path="/Users/lorenzo/code/jbcb-championship/src/lib/icons/check.svelte">
        <metrics statements="1" coveredstatements="0" conditionals="0" coveredconditionals="0" methods="1" coveredmethods="0"/>
        <line num="6" count="0" type="stmt"/>
      </file>
      <file name="delete.svelte" path="/Users/lorenzo/code/jbcb-championship/src/lib/icons/delete.svelte">
        <metrics statements="1" coveredstatements="0" conditionals="0" coveredconditionals="0" methods="1" coveredmethods="0"/>
        <line num="6" count="0" type="stmt"/>
      </file>
      <file name="moon.svelte" path="/Users/lorenzo/code/jbcb-championship/src/lib/icons/moon.svelte">
        <metrics statements="1" coveredstatements="0" conditionals="0" coveredconditionals="0" methods="1" coveredmethods="0"/>
        <line num="6" count="0" type="stmt"/>
      </file>
      <file name="move-icon.svelte" path="/Users/lorenzo/code/jbcb-championship/src/lib/icons/move-icon.svelte">
        <metrics statements="1" coveredstatements="0" conditionals="0" coveredconditionals="0" methods="1" coveredmethods="0"/>
        <line num="6" count="0" type="stmt"/>
      </file>
      <file name="reload.svelte" path="/Users/lorenzo/code/jbcb-championship/src/lib/icons/reload.svelte">
        <metrics statements="0" coveredstatements="0" conditionals="0" coveredconditionals="0" methods="0" coveredmethods="0"/>
      </file>
      <file name="search.svelte" path="/Users/lorenzo/code/jbcb-championship/src/lib/icons/search.svelte">
        <metrics statements="1" coveredstatements="0" conditionals="0" coveredconditionals="0" methods="1" coveredmethods="0"/>
        <line num="6" count="0" type="stmt"/>
      </file>
      <file name="settings.svelte" path="/Users/lorenzo/code/jbcb-championship/src/lib/icons/settings.svelte">
        <metrics statements="1" coveredstatements="0" conditionals="0" coveredconditionals="0" methods="1" coveredmethods="0"/>
        <line num="6" count="0" type="stmt"/>
      </file>
      <file name="subtract.svelte" path="/Users/lorenzo/code/jbcb-championship/src/lib/icons/subtract.svelte">
        <metrics statements="1" coveredstatements="0" conditionals="0" coveredconditionals="0" methods="1" coveredmethods="0"/>
        <line num="6" count="0" type="stmt"/>
      </file>
      <file name="sun.svelte" path="/Users/lorenzo/code/jbcb-championship/src/lib/icons/sun.svelte">
        <metrics statements="1" coveredstatements="0" conditionals="0" coveredconditionals="0" methods="1" coveredmethods="0"/>
        <line num="6" count="0" type="stmt"/>
      </file>
    </package>
    <package name="src.lib.models">
      <metrics statements="2" coveredstatements="2" conditionals="4" coveredconditionals="4" methods="2" coveredmethods="2"/>
      <file name="match.ts" path="/Users/lorenzo/code/jbcb-championship/src/lib/models/match.ts">
        <metrics statements="2" coveredstatements="2" conditionals="4" coveredconditionals="4" methods="2" coveredmethods="2"/>
        <line num="7" count="2950" type="stmt"/>
        <line num="17" count="4041" type="stmt"/>
      </file>
    </package>
    <package name="src.lib.models.categories.brackets">
      <metrics statements="195" coveredstatements="165" conditionals="99" coveredconditionals="78" methods="51" coveredmethods="45"/>
      <file name="auto-update-next-match.ts" path="/Users/lorenzo/code/jbcb-championship/src/lib/models/categories/brackets/auto-update-next-match.ts">
        <metrics statements="13" coveredstatements="0" conditionals="8" coveredconditionals="0" methods="3" coveredmethods="0"/>
        <line num="7" count="0" type="cond" truecount="0" falsecount="2"/>
        <line num="8" count="0" type="stmt"/>
        <line num="11" count="0" type="stmt"/>
        <line num="12" count="0" type="stmt"/>
        <line num="15" count="0" type="cond" truecount="0" falsecount="2"/>
        <line num="16" count="0" type="stmt"/>
        <line num="19" count="0" type="stmt"/>
        <line num="23" count="0" type="stmt"/>
        <line num="24" count="0" type="cond" truecount="0" falsecount="2"/>
        <line num="25" count="0" type="stmt"/>
        <line num="27" count="0" type="cond" truecount="0" falsecount="2"/>
        <line num="28" count="0" type="stmt"/>
        <line num="30" count="0" type="stmt"/>
      </file>
      <file name="brackets.ts" path="/Users/lorenzo/code/jbcb-championship/src/lib/models/categories/brackets/brackets.ts">
        <metrics statements="0" coveredstatements="0" conditionals="0" coveredconditionals="0" methods="0" coveredmethods="0"/>
      </file>
      <file name="create-brackets.ts" path="/Users/lorenzo/code/jbcb-championship/src/lib/models/categories/brackets/create-brackets.ts">
        <metrics statements="3" coveredstatements="3" conditionals="1" coveredconditionals="1" methods="1" coveredmethods="1"/>
        <line num="13" count="116" type="stmt"/>
        <line num="14" count="116" type="stmt"/>
        <line num="15" count="116" type="stmt"/>
      </file>
      <file name="create-matches.ts" path="/Users/lorenzo/code/jbcb-championship/src/lib/models/categories/brackets/create-matches.ts">
        <metrics statements="40" coveredstatements="40" conditionals="20" coveredconditionals="20" methods="9" coveredmethods="9"/>
        <line num="15" count="1461" type="cond" truecount="2" falsecount="0"/>
        <line num="16" count="8" type="stmt"/>
        <line num="18" count="1461" type="cond" truecount="2" falsecount="0"/>
        <line num="19" count="1461" type="stmt"/>
        <line num="22" count="1461" type="stmt"/>
        <line num="23" count="1461" type="stmt"/>
        <line num="27" count="209" type="stmt"/>
        <line num="28" count="775" type="stmt"/>
        <line num="33" count="1646" type="stmt"/>
        <line num="34" count="1646" type="stmt"/>
        <line num="35" count="1646" type="stmt"/>
        <line num="36" count="1646" type="stmt"/>
        <line num="37" count="2937" type="cond" truecount="4" falsecount="0"/>
        <line num="38" count="2278" type="stmt"/>
        <line num="39" count="2278" type="stmt"/>
        <line num="42" count="659" type="cond" truecount="2" falsecount="0"/>
        <line num="43" count="112" type="stmt"/>
        <line num="47" count="547" type="stmt"/>
        <line num="48" count="547" type="stmt"/>
        <line num="51" count="547" type="stmt"/>
        <line num="52" count="2937" type="stmt"/>
        <line num="54" count="2937" type="stmt"/>
        <line num="56" count="1646" type="stmt"/>
        <line num="64" count="429" type="stmt"/>
        <line num="68" count="429" type="stmt"/>
        <line num="70" count="823" type="stmt"/>
        <line num="72" count="823" type="stmt"/>
        <line num="74" count="823" type="stmt"/>
        <line num="75" count="823" type="cond" truecount="2" falsecount="0"/>
        <line num="76" count="823" type="stmt"/>
        <line num="77" count="3076" type="stmt"/>
        <line num="78" count="3076" type="stmt"/>
        <line num="79" count="3076" type="cond" truecount="2" falsecount="0"/>
        <line num="82" count="3076" type="cond" truecount="2" falsecount="0"/>
        <line num="84" count="367" type="stmt"/>
        <line num="85" count="367" type="stmt"/>
        <line num="86" count="367" type="stmt"/>
        <line num="87" count="367" type="stmt"/>
        <line num="90" count="2709" type="stmt"/>
        <line num="95" count="823" type="stmt"/>
      </file>
      <file name="create-rounds.ts" path="/Users/lorenzo/code/jbcb-championship/src/lib/models/categories/brackets/create-rounds.ts">
        <metrics statements="28" coveredstatements="28" conditionals="10" coveredconditionals="10" methods="5" coveredmethods="5"/>
        <line num="9" count="116" type="stmt"/>
        <line num="10" count="116" type="stmt"/>
        <line num="12" count="116" type="cond" truecount="2" falsecount="0"/>
        <line num="13" count="46" type="stmt"/>
        <line num="21" count="70" type="stmt"/>
        <line num="22" count="70" type="stmt"/>
        <line num="23" count="70" type="stmt"/>
        <line num="24" count="70" type="stmt"/>
        <line num="25" count="70" type="stmt"/>
        <line num="28" count="426" type="stmt"/>
        <line num="29" count="426" type="stmt"/>
        <line num="30" count="426" type="stmt"/>
        <line num="33" count="70" type="stmt"/>
        <line num="43" count="116" type="stmt"/>
        <line num="45" count="116" type="stmt"/>
        <line num="47" count="116" type="stmt"/>
        <line num="48" count="116" type="stmt"/>
        <line num="49" count="429" type="stmt"/>
        <line num="50" count="429" type="stmt"/>
        <line num="51" count="429" type="cond" truecount="2" falsecount="0"/>
        <line num="54" count="429" type="stmt"/>
        <line num="55" count="429" type="cond" truecount="2" falsecount="0"/>
        <line num="57" count="429" type="stmt"/>
        <line num="60" count="682" type="stmt"/>
        <line num="63" count="682" type="stmt"/>
        <line num="66" count="429" type="stmt"/>
        <line num="67" count="429" type="stmt"/>
        <line num="70" count="429" type="stmt"/>
      </file>
      <file name="find-round-and-match.ts" path="/Users/lorenzo/code/jbcb-championship/src/lib/models/categories/brackets/find-round-and-match.ts">
        <metrics statements="24" coveredstatements="21" conditionals="12" coveredconditionals="9" methods="13" coveredmethods="13"/>
        <line num="10" count="93" type="stmt"/>
        <line num="11" count="232" type="stmt"/>
        <line num="14" count="93" type="cond" truecount="1" falsecount="1"/>
        <line num="15" count="0" type="stmt"/>
        <line num="21" count="93" type="stmt"/>
        <line num="32" count="154" type="stmt"/>
        <line num="34" count="92" type="cond" truecount="1" falsecount="1"/>
        <line num="35" count="0" type="stmt"/>
        <line num="37" count="92" type="stmt"/>
        <line num="41" count="84" type="stmt"/>
        <line num="42" count="84" type="cond" truecount="2" falsecount="0"/>
        <line num="46" count="93" type="stmt"/>
        <line num="47" count="1339" type="stmt"/>
        <line num="49" count="93" type="cond" truecount="2" falsecount="0"/>
        <line num="50" count="82" type="stmt"/>
        <line num="52" count="11" type="stmt"/>
        <line num="53" count="86" type="stmt"/>
        <line num="55" count="11" type="cond" truecount="2" falsecount="0"/>
        <line num="56" count="9" type="stmt"/>
        <line num="58" count="2" type="stmt"/>
        <line num="59" count="20" type="stmt"/>
        <line num="61" count="2" type="cond" truecount="1" falsecount="1"/>
        <line num="62" count="2" type="stmt"/>
        <line num="64" count="0" type="stmt"/>
      </file>
      <file name="get-current-match.ts" path="/Users/lorenzo/code/jbcb-championship/src/lib/models/categories/brackets/get-current-match.ts">
        <metrics statements="5" coveredstatements="5" conditionals="4" coveredconditionals="4" methods="2" coveredmethods="2"/>
        <line num="4" count="103" type="stmt"/>
        <line num="5" count="696" type="stmt"/>
        <line num="7" count="103" type="cond" truecount="4" falsecount="0"/>
        <line num="8" count="10" type="stmt"/>
        <line num="10" count="93" type="stmt"/>
      </file>
      <file name="remove-athlete.ts" path="/Users/lorenzo/code/jbcb-championship/src/lib/models/categories/brackets/remove-athlete.ts">
        <metrics statements="9" coveredstatements="3" conditionals="2" coveredconditionals="1" methods="5" coveredmethods="3"/>
        <line num="4" count="1887" type="stmt"/>
        <line num="5" count="1887" type="cond" truecount="1" falsecount="1"/>
        <line num="6" count="0" type="stmt"/>
        <line num="7" count="0" type="stmt"/>
        <line num="9" count="0" type="stmt"/>
        <line num="10" count="0" type="stmt"/>
        <line num="12" count="0" type="stmt"/>
        <line num="13" count="0" type="stmt"/>
        <line num="16" count="15868" type="stmt"/>
      </file>
      <file name="reset-athlete.ts" path="/Users/lorenzo/code/jbcb-championship/src/lib/models/categories/brackets/reset-athlete.ts">
        <metrics statements="1" coveredstatements="1" conditionals="2" coveredconditionals="2" methods="1" coveredmethods="1"/>
        <line num="7" count="208" type="cond" truecount="2" falsecount="0"/>
      </file>
      <file name="update-brackets.ts" path="/Users/lorenzo/code/jbcb-championship/src/lib/models/categories/brackets/update-brackets.ts">
        <metrics statements="14" coveredstatements="12" conditionals="10" coveredconditionals="8" methods="1" coveredmethods="1"/>
        <line num="14" count="93" type="stmt"/>
        <line num="15" count="93" type="cond" truecount="1" falsecount="1"/>
        <line num="16" count="0" type="stmt"/>
        <line num="19" count="93" type="stmt"/>
        <line num="20" count="93" type="cond" truecount="1" falsecount="1"/>
        <line num="21" count="0" type="stmt"/>
        <line num="24" count="93" type="stmt"/>
        <line num="25" count="93" type="cond" truecount="2" falsecount="0"/>
        <line num="26" count="82" type="stmt"/>
        <line num="28" count="93" type="cond" truecount="4" falsecount="0"/>
        <line num="29" count="11" type="stmt"/>
        <line num="32" count="93" type="stmt"/>
        <line num="33" count="93" type="stmt"/>
        <line num="34" count="93" type="stmt"/>
      </file>
      <file name="update-loser-brackets.ts" path="/Users/lorenzo/code/jbcb-championship/src/lib/models/categories/brackets/update-loser-brackets.ts">
        <metrics statements="22" coveredstatements="21" conditionals="12" coveredconditionals="10" methods="4" coveredmethods="4"/>
        <line num="17" count="11" type="cond" truecount="2" falsecount="0"/>
        <line num="18" count="1" type="stmt"/>
        <line num="20" count="10" type="stmt"/>
        <line num="22" count="10" type="cond" truecount="1" falsecount="1"/>
        <line num="23" count="0" type="stmt"/>
        <line num="26" count="10" type="stmt"/>
        <line num="29" count="10" type="cond" truecount="2" falsecount="0"/>
        <line num="31" count="11" type="stmt"/>
        <line num="32" count="10" type="cond" truecount="2" falsecount="0"/>
        <line num="33" count="8" type="stmt"/>
        <line num="35" count="10" type="stmt"/>
        <line num="38" count="11" type="stmt"/>
        <line num="39" count="11" type="stmt"/>
        <line num="42" count="10" type="cond" truecount="2" falsecount="0"/>
        <line num="43" count="8" type="stmt"/>
        <line num="45" count="2" type="stmt"/>
        <line num="46" count="2" type="cond" truecount="1" falsecount="1"/>
        <line num="47" count="2" type="stmt"/>
        <line num="48" count="2" type="stmt"/>
        <line num="53" count="11" type="stmt"/>
        <line num="54" count="10" type="stmt"/>
        <line num="55" count="10" type="stmt"/>
      </file>
      <file name="update-winner-brackets.ts" path="/Users/lorenzo/code/jbcb-championship/src/lib/models/categories/brackets/update-winner-brackets.ts">
        <metrics statements="36" coveredstatements="31" conditionals="18" coveredconditionals="13" methods="7" coveredmethods="6"/>
        <line num="20" count="82" type="stmt"/>
        <line num="22" count="82" type="stmt"/>
        <line num="27" count="82" type="stmt"/>
        <line num="28" count="82" type="stmt"/>
        <line num="29" count="82" type="cond" truecount="2" falsecount="0"/>
        <line num="39" count="82" type="stmt"/>
        <line num="52" count="82" type="cond" truecount="1" falsecount="1"/>
        <line num="53" count="0" type="stmt"/>
        <line num="55" count="82" type="stmt"/>
        <line num="56" count="82" type="cond" truecount="1" falsecount="1"/>
        <line num="57" count="0" type="stmt"/>
        <line num="60" count="82" type="stmt"/>
        <line num="62" count="82" type="cond" truecount="1" falsecount="1"/>
        <line num="63" count="0" type="stmt"/>
        <line num="66" count="82" type="stmt"/>
        <line num="70" count="82" type="stmt"/>
        <line num="71" count="82" type="stmt"/>
        <line num="73" count="82" type="stmt"/>
        <line num="74" count="82" type="stmt"/>
        <line num="76" count="82" type="stmt"/>
        <line num="77" count="82" type="cond" truecount="1" falsecount="1"/>
        <line num="78" count="0" type="stmt"/>
        <line num="79" count="0" type="stmt"/>
        <line num="83" count="82" type="stmt"/>
        <line num="86" count="82" type="stmt"/>
        <line num="87" count="82" type="cond" truecount="2" falsecount="0"/>
        <line num="88" count="11" type="stmt"/>
        <line num="95" count="82" type="stmt"/>
        <line num="98" count="82" type="stmt"/>
        <line num="104" count="82" type="stmt"/>
        <line num="107" count="82" type="cond" truecount="4" falsecount="0"/>
        <line num="108" count="67" type="stmt"/>
        <line num="115" count="82" type="stmt"/>
        <line num="116" count="82" type="stmt"/>
        <line num="117" count="82" type="stmt"/>
        <line num="118" count="82" type="stmt"/>
      </file>
    </package>
    <package name="src.lib.models.categories.doublePool">
      <metrics statements="112" coveredstatements="105" conditionals="47" coveredconditionals="42" methods="35" coveredmethods="33"/>
      <file name="create-double-pool.ts" path="/Users/lorenzo/code/jbcb-championship/src/lib/models/categories/doublePool/create-double-pool.ts">
        <metrics statements="25" coveredstatements="25" conditionals="7" coveredconditionals="6" methods="4" coveredmethods="4"/>
        <line num="10" count="11" type="stmt"/>
        <line num="11" count="11" type="stmt"/>
        <line num="13" count="11" type="stmt"/>
        <line num="14" count="11" type="stmt"/>
        <line num="15" count="143" type="stmt"/>
        <line num="16" count="143" type="cond" truecount="2" falsecount="0"/>
        <line num="17" count="77" type="stmt"/>
        <line num="18" count="77" type="stmt"/>
        <line num="20" count="66" type="stmt"/>
        <line num="23" count="11" type="stmt"/>
        <line num="36" count="11" type="stmt"/>
        <line num="37" count="11" type="stmt"/>
        <line num="38" count="11" type="stmt"/>
        <line num="39" count="231" type="stmt"/>
        <line num="40" count="231" type="cond" truecount="1" falsecount="1"/>
        <line num="41" count="231" type="stmt"/>
        <line num="43" count="231" type="stmt"/>
        <line num="44" count="231" type="cond" truecount="2" falsecount="0"/>
        <line num="45" count="165" type="stmt"/>
        <line num="48" count="11" type="stmt"/>
        <line num="57" count="11" type="stmt"/>
        <line num="58" count="11" type="stmt"/>
        <line num="62" count="11" type="stmt"/>
        <line num="63" count="11" type="stmt"/>
        <line num="65" count="11" type="stmt"/>
      </file>
      <file name="map-finals-to-rounds.ts" path="/Users/lorenzo/code/jbcb-championship/src/lib/models/categories/doublePool/map-finals-to-rounds.ts">
        <metrics statements="3" coveredstatements="0" conditionals="0" coveredconditionals="0" methods="1" coveredmethods="0"/>
        <line num="5" count="0" type="stmt"/>
        <line num="10" count="0" type="stmt"/>
        <line num="15" count="0" type="stmt"/>
      </file>
      <file name="update-double-pool.ts" path="/Users/lorenzo/code/jbcb-championship/src/lib/models/categories/doublePool/update-double-pool.ts">
        <metrics statements="84" coveredstatements="80" conditionals="40" coveredconditionals="36" methods="30" coveredmethods="29"/>
        <line num="10" count="11" type="stmt"/>
        <line num="11" count="11" type="stmt"/>
        <line num="12" count="211" type="cond" truecount="2" falsecount="0"/>
        <line num="13" count="105" type="stmt"/>
        <line num="18" count="8" type="stmt"/>
        <line num="19" count="128" type="cond" truecount="1" falsecount="1"/>
        <line num="20" count="8" type="stmt"/>
        <line num="22" count="0" type="cond" truecount="0" falsecount="2"/>
        <line num="23" count="0" type="stmt"/>
        <line num="25" count="0" type="stmt"/>
        <line num="29" count="11" type="stmt"/>
        <line num="30" count="16" type="stmt"/>
        <line num="34" count="1" type="stmt"/>
        <line num="35" count="1" type="stmt"/>
        <line num="39" count="12" type="cond" truecount="2" falsecount="0"/>
        <line num="41" count="12" type="cond" truecount="2" falsecount="0"/>
        <line num="42" count="12" type="cond" truecount="2" falsecount="0"/>
        <line num="44" count="12" type="cond" truecount="2" falsecount="0"/>
        <line num="45" count="12" type="stmt"/>
        <line num="46" count="12" type="stmt"/>
        <line num="48" count="12" type="stmt"/>
        <line num="49" count="24" type="stmt"/>
        <line num="51" count="12" type="stmt"/>
        <line num="53" count="36" type="stmt"/>
        <line num="56" count="36" type="stmt"/>
        <line num="64" count="3" type="stmt"/>
        <line num="66" count="3" type="stmt"/>
        <line num="67" count="6" type="stmt"/>
        <line num="75" count="4" type="stmt"/>
        <line num="76" count="109" type="stmt"/>
        <line num="78" count="4" type="stmt"/>
        <line num="79" count="4" type="stmt"/>
        <line num="80" count="4" type="stmt"/>
        <line num="81" count="4" type="stmt"/>
        <line num="84" count="84" type="cond" truecount="2" falsecount="0"/>
        <line num="85" count="4" type="stmt"/>
        <line num="87" count="80" type="stmt"/>
        <line num="90" count="4" type="stmt"/>
        <line num="94" count="156" type="cond" truecount="2" falsecount="0"/>
        <line num="95" count="4" type="stmt"/>
        <line num="97" count="152" type="stmt"/>
        <line num="102" count="4" type="cond" truecount="2" falsecount="0"/>
        <line num="103" count="3" type="stmt"/>
        <line num="104" count="3" type="stmt"/>
        <line num="105" count="3" type="stmt"/>
        <line num="106" count="3" type="stmt"/>
        <line num="107" count="117" type="cond" truecount="2" falsecount="0"/>
        <line num="108" count="3" type="stmt"/>
        <line num="113" count="114" type="cond" truecount="2" falsecount="0"/>
        <line num="114" count="3" type="stmt"/>
        <line num="119" count="111" type="stmt"/>
        <line num="122" count="4" type="stmt"/>
        <line num="129" count="6" type="stmt"/>
        <line num="130" count="225" type="stmt"/>
        <line num="132" count="6" type="stmt"/>
        <line num="136" count="234" type="cond" truecount="2" falsecount="0"/>
        <line num="137" count="228" type="stmt"/>
        <line num="139" count="6" type="stmt"/>
        <line num="142" count="12" type="cond" truecount="2" falsecount="0"/>
        <line num="143" count="6" type="stmt"/>
        <line num="145" count="6" type="stmt"/>
        <line num="149" count="6" type="stmt"/>
        <line num="150" count="6" type="cond" truecount="2" falsecount="0"/>
        <line num="152" count="3" type="stmt"/>
        <line num="154" count="3" type="stmt"/>
        <line num="155" count="3" type="stmt"/>
        <line num="156" count="3" type="stmt"/>
        <line num="157" count="3" type="stmt"/>
        <line num="158" count="117" type="cond" truecount="2" falsecount="0"/>
        <line num="159" count="114" type="stmt"/>
        <line num="161" count="3" type="stmt"/>
        <line num="164" count="6" type="stmt"/>
        <line num="168" count="1" type="stmt"/>
        <line num="173" count="39" type="cond" truecount="2" falsecount="0"/>
        <line num="174" count="38" type="stmt"/>
        <line num="176" count="1" type="stmt"/>
        <line num="180" count="1" type="stmt"/>
        <line num="187" count="11" type="cond" truecount="2" falsecount="0"/>
        <line num="188" count="4" type="stmt"/>
        <line num="191" count="7" type="cond" truecount="2" falsecount="0"/>
        <line num="192" count="6" type="stmt"/>
        <line num="195" count="1" type="cond" truecount="1" falsecount="1"/>
        <line num="196" count="1" type="stmt"/>
        <line num="199" count="0" type="stmt"/>
      </file>
    </package>
    <package name="src.lib.models.categories.singlePool">
      <metrics statements="33" coveredstatements="25" conditionals="11" coveredconditionals="7" methods="8" coveredmethods="5"/>
      <file name="create-single-pool.ts" path="/Users/lorenzo/code/jbcb-championship/src/lib/models/categories/singlePool/create-single-pool.ts">
        <metrics statements="25" coveredstatements="25" conditionals="7" coveredconditionals="7" methods="5" coveredmethods="5"/>
        <line num="14" count="249" type="stmt"/>
        <line num="15" count="249" type="stmt"/>
        <line num="16" count="816" type="stmt"/>
        <line num="17" count="816" type="stmt"/>
        <line num="18" count="816" type="stmt"/>
        <line num="19" count="816" type="stmt"/>
        <line num="21" count="249" type="stmt"/>
        <line num="25" count="48" type="stmt"/>
        <line num="27" count="48" type="stmt"/>
        <line num="28" count="48" type="stmt"/>
        <line num="29" count="48" type="cond" truecount="2" falsecount="0"/>
        <line num="30" count="25" type="stmt"/>
        <line num="33" count="48" type="stmt"/>
        <line num="35" count="48" type="stmt"/>
        <line num="36" count="48" type="stmt"/>
        <line num="37" count="48" type="stmt"/>
        <line num="39" count="48" type="stmt"/>
        <line num="40" count="249" type="cond" truecount="2" falsecount="0"/>
        <line num="42" count="202" type="stmt"/>
        <line num="43" count="202" type="stmt"/>
        <line num="45" count="249" type="stmt"/>
        <line num="47" count="673" type="stmt"/>
        <line num="50" count="249" type="stmt"/>
        <line num="59" count="26" type="stmt"/>
        <line num="60" count="26" type="stmt"/>
      </file>
      <file name="update-single-pool.ts" path="/Users/lorenzo/code/jbcb-championship/src/lib/models/categories/singlePool/update-single-pool.ts">
        <metrics statements="8" coveredstatements="0" conditionals="4" coveredconditionals="0" methods="3" coveredmethods="0"/>
        <line num="5" count="0" type="stmt"/>
        <line num="6" count="0" type="stmt"/>
        <line num="8" count="0" type="stmt"/>
        <line num="9" count="0" type="stmt"/>
        <line num="13" count="0" type="cond" truecount="0" falsecount="2"/>
        <line num="14" count="0" type="stmt"/>
        <line num="16" count="0" type="stmt"/>
        <line num="19" count="0" type="stmt"/>
      </file>
    </package>
    <package name="src.lib.models.ranking">
      <metrics statements="149" coveredstatements="139" conditionals="87" coveredconditionals="68" methods="44" coveredmethods="44"/>
      <file name="category.ts" path="/Users/lorenzo/code/jbcb-championship/src/lib/models/ranking/category.ts">
        <metrics statements="20" coveredstatements="17" conditionals="17" coveredconditionals="14" methods="5" coveredmethods="5"/>
        <line num="14" count="816" type="cond" truecount="2" falsecount="0"/>
        <line num="16" count="4" type="stmt"/>
        <line num="19" count="5" type="cond" truecount="5" falsecount="0"/>
        <line num="21" count="1" type="stmt"/>
        <line num="23" count="1" type="stmt"/>
        <line num="26" count="2" type="stmt"/>
        <line num="29" count="1" type="stmt"/>
        <line num="34" count="11" type="stmt"/>
        <line num="35" count="354" type="stmt"/>
        <line num="39" count="19" type="cond" truecount="1" falsecount="1"/>
        <line num="40" count="0" type="stmt"/>
        <line num="44" count="19" type="cond" truecount="1" falsecount="1"/>
        <line num="45" count="0" type="stmt"/>
        <line num="48" count="19" type="cond" truecount="2" falsecount="0"/>
        <line num="49" count="7" type="stmt"/>
        <line num="51" count="12" type="cond" truecount="2" falsecount="0"/>
        <line num="52" count="6" type="stmt"/>
        <line num="54" count="6" type="cond" truecount="1" falsecount="1"/>
        <line num="55" count="6" type="stmt"/>
        <line num="57" count="0" type="stmt"/>
      </file>
      <file name="club-ranking.ts" path="/Users/lorenzo/code/jbcb-championship/src/lib/models/ranking/club-ranking.ts">
        <metrics statements="28" coveredstatements="26" conditionals="12" coveredconditionals="11" methods="14" coveredmethods="14"/>
        <line num="17" count="90" type="stmt"/>
        <line num="19" count="306" type="stmt"/>
        <line num="25" count="6" type="stmt"/>
        <line num="26" count="90" type="stmt"/>
        <line num="27" count="90" type="cond" truecount="1" falsecount="1"/>
        <line num="28" count="0" type="stmt"/>
        <line num="30" count="90" type="cond" truecount="2" falsecount="0"/>
        <line num="31" count="18" type="stmt"/>
        <line num="36" count="72" type="stmt"/>
        <line num="37" count="72" type="stmt"/>
        <line num="43" count="18" type="stmt"/>
        <line num="45" count="90" type="cond" truecount="2" falsecount="0"/>
        <line num="46" count="18" type="stmt"/>
        <line num="47" count="18" type="stmt"/>
        <line num="49" count="18" type="stmt"/>
        <line num="51" count="72" type="cond" truecount="2" falsecount="0"/>
        <line num="52" count="18" type="stmt"/>
        <line num="53" count="18" type="stmt"/>
        <line num="56" count="54" type="cond" truecount="4" falsecount="0"/>
        <line num="57" count="36" type="stmt"/>
        <line num="58" count="36" type="stmt"/>
        <line num="62" count="18" type="stmt"/>
        <line num="69" count="18" type="stmt"/>
        <line num="72" count="6" type="stmt"/>
        <line num="73" count="6" type="stmt"/>
        <line num="74" count="18" type="stmt"/>
        <line num="80" count="6" type="stmt"/>
        <line num="85" count="0" type="stmt"/>
      </file>
      <file name="ranking-brackets.ts" path="/Users/lorenzo/code/jbcb-championship/src/lib/models/ranking/ranking-brackets.ts">
        <metrics statements="17" coveredstatements="17" conditionals="8" coveredconditionals="5" methods="2" coveredmethods="2"/>
        <line num="6" count="8" type="stmt"/>
        <line num="7" count="8" type="cond" truecount="2" falsecount="0"/>
        <line num="8" count="1" type="stmt"/>
        <line num="10" count="7" type="stmt"/>
        <line num="11" count="7" type="stmt"/>
        <line num="12" count="7" type="stmt"/>
        <line num="14" count="7" type="stmt"/>
        <line num="16" count="7" type="cond" truecount="1" falsecount="1"/>
        <line num="17" count="7" type="stmt"/>
        <line num="21" count="7" type="stmt"/>
        <line num="27" count="7" type="cond" truecount="1" falsecount="1"/>
        <line num="28" count="7" type="stmt"/>
        <line num="32" count="7" type="stmt"/>
        <line num="37" count="7" type="cond" truecount="1" falsecount="1"/>
        <line num="38" count="7" type="stmt"/>
        <line num="42" count="7" type="stmt"/>
        <line num="48" count="56" type="stmt"/>
      </file>
      <file name="ranking-double-pool.ts" path="/Users/lorenzo/code/jbcb-championship/src/lib/models/ranking/ranking-double-pool.ts">
        <metrics statements="22" coveredstatements="20" conditionals="18" coveredconditionals="10" methods="2" coveredmethods="2"/>
        <line num="9" count="7" type="stmt"/>
        <line num="10" count="7" type="cond" truecount="1" falsecount="1"/>
        <line num="11" count="0" type="stmt"/>
        <line num="13" count="7" type="stmt"/>
        <line num="14" count="7" type="stmt"/>
        <line num="15" count="7" type="stmt"/>
        <line num="16" count="7" type="cond" truecount="1" falsecount="1"/>
        <line num="17" count="7" type="cond" truecount="1" falsecount="1"/>
        <line num="18" count="7" type="cond" truecount="3" falsecount="1"/>
        <line num="19" count="0" type="stmt"/>
        <line num="21" count="7" type="stmt"/>
        <line num="22" count="7" type="stmt"/>
        <line num="24" count="7" type="stmt"/>
        <line num="26" count="7" type="cond" truecount="1" falsecount="1"/>
        <line num="27" count="7" type="stmt"/>
        <line num="33" count="7" type="cond" truecount="1" falsecount="1"/>
        <line num="34" count="7" type="stmt"/>
        <line num="40" count="7" type="cond" truecount="1" falsecount="1"/>
        <line num="41" count="7" type="stmt"/>
        <line num="47" count="7" type="cond" truecount="1" falsecount="1"/>
        <line num="48" count="7" type="stmt"/>
        <line num="54" count="21" type="stmt"/>
      </file>
      <file name="ranking-single-pool.ts" path="/Users/lorenzo/code/jbcb-championship/src/lib/models/ranking/ranking-single-pool.ts">
        <metrics statements="62" coveredstatements="59" conditionals="32" coveredconditionals="28" methods="21" coveredmethods="21"/>
        <line num="18" count="160" type="stmt"/>
        <line num="19" count="160" type="cond" truecount="2" falsecount="0"/>
        <line num="20" count="16" type="stmt"/>
        <line num="22" count="144" type="stmt"/>
        <line num="23" count="144" type="cond" truecount="1" falsecount="1"/>
        <line num="24" count="0" type="stmt"/>
        <line num="27" count="144" type="stmt"/>
        <line num="31" count="216" type="stmt"/>
        <line num="36" count="22" type="stmt"/>
        <line num="37" count="22" type="stmt"/>
        <line num="38" count="81" type="stmt"/>
        <line num="39" count="81" type="cond" truecount="1" falsecount="1"/>
        <line num="40" count="0" type="stmt"/>
        <line num="42" count="81" type="cond" truecount="2" falsecount="0"/>
        <line num="46" count="53" type="stmt"/>
        <line num="48" count="28" type="stmt"/>
        <line num="53" count="36" type="stmt"/>
        <line num="54" count="166" type="stmt"/>
        <line num="55" count="166" type="stmt"/>
        <line num="57" count="166" type="cond" truecount="4" falsecount="0"/>
        <line num="58" count="144" type="stmt"/>
        <line num="61" count="22" type="stmt"/>
        <line num="62" count="22" type="stmt"/>
        <line num="67" count="22" type="stmt"/>
        <line num="68" count="41" type="stmt"/>
        <line num="70" count="22" type="stmt"/>
        <line num="71" count="40" type="stmt"/>
        <line num="74" count="22" type="cond" truecount="2" falsecount="0"/>
        <line num="82" count="36" type="stmt"/>
        <line num="83" count="205" type="stmt"/>
        <line num="84" count="205" type="stmt"/>
        <line num="90" count="36" type="stmt"/>
        <line num="91" count="520" type="cond" truecount="2" falsecount="0"/>
        <line num="92" count="426" type="stmt"/>
        <line num="94" count="94" type="stmt"/>
        <line num="95" count="94" type="cond" truecount="1" falsecount="1"/>
        <line num="96" count="0" type="stmt"/>
        <line num="98" count="94" type="stmt"/>
        <line num="99" count="94" type="cond" truecount="4" falsecount="0"/>
        <line num="100" count="520" type="stmt"/>
        <line num="101" count="520" type="cond" truecount="2" falsecount="0"/>
        <line num="102" count="9" type="stmt"/>
        <line num="104" count="85" type="cond" truecount="1" falsecount="1"/>
        <line num="105" count="520" type="stmt"/>
        <line num="108" count="36" type="stmt"/>
        <line num="109" count="205" type="stmt"/>
        <line num="111" count="205" type="stmt"/>
        <line num="112" count="3260" type="stmt"/>
        <line num="113" count="3260" type="cond" truecount="2" falsecount="0"/>
        <line num="114" count="2802" type="stmt"/>
        <line num="116" count="458" type="stmt"/>
        <line num="119" count="205" type="stmt"/>
        <line num="120" count="94" type="stmt"/>
        <line num="121" count="94" type="stmt"/>
        <line num="122" count="205" type="stmt"/>
        <line num="125" count="36" type="stmt"/>
        <line num="127" count="36" type="stmt"/>
        <line num="128" count="166" type="cond" truecount="2" falsecount="0"/>
        <line num="129" count="6" type="stmt"/>
        <line num="131" count="160" type="stmt"/>
        <line num="134" count="36" type="stmt"/>
        <line num="140" count="205" type="stmt"/>
      </file>
    </package>
    <package name="src.lib.server">
      <metrics statements="64" coveredstatements="0" conditionals="31" coveredconditionals="0" methods="17" coveredmethods="0"/>
      <file name="categories-collection.ts" path="/Users/lorenzo/code/jbcb-championship/src/lib/server/categories-collection.ts">
        <metrics statements="1" coveredstatements="0" conditionals="0" coveredconditionals="0" methods="0" coveredmethods="0"/>
        <line num="3" count="0" type="stmt"/>
      </file>
      <file name="create-cateogry.ts" path="/Users/lorenzo/code/jbcb-championship/src/lib/server/create-cateogry.ts">
        <metrics statements="7" coveredstatements="0" conditionals="4" coveredconditionals="0" methods="2" coveredmethods="0"/>
        <line num="15" count="0" type="cond" truecount="0" falsecount="4"/>
        <line num="17" count="0" type="stmt"/>
        <line num="19" count="0" type="stmt"/>
        <line num="21" count="0" type="stmt"/>
        <line num="23" count="0" type="stmt"/>
        <line num="34" count="0" type="stmt"/>
        <line num="37" count="0" type="stmt"/>
      </file>
      <file name="edit-category.ts" path="/Users/lorenzo/code/jbcb-championship/src/lib/server/edit-category.ts">
        <metrics statements="24" coveredstatements="0" conditionals="15" coveredconditionals="0" methods="5" coveredmethods="0"/>
        <line num="16" count="0" type="stmt"/>
        <line num="26" count="0" type="stmt"/>
        <line num="27" count="0" type="stmt"/>
        <line num="29" count="0" type="stmt"/>
        <line num="33" count="0" type="cond" truecount="0" falsecount="2"/>
        <line num="34" count="0" type="stmt"/>
        <line num="36" count="0" type="cond" truecount="0" falsecount="2"/>
        <line num="37" count="0" type="stmt"/>
        <line num="39" count="0" type="cond" truecount="0" falsecount="2"/>
        <line num="40" count="0" type="stmt"/>
        <line num="42" count="0" type="stmt"/>
        <line num="50" count="0" type="stmt"/>
        <line num="51" count="0" type="cond" truecount="0" falsecount="2"/>
        <line num="52" count="0" type="stmt"/>
        <line num="55" count="0" type="stmt"/>
        <line num="57" count="0" type="stmt"/>
        <line num="58" count="0" type="stmt"/>
        <line num="61" count="0" type="cond" truecount="0" falsecount="2"/>
        <line num="63" count="0" type="cond" truecount="0" falsecount="2"/>
        <line num="68" count="0" type="stmt"/>
        <line num="69" count="0" type="stmt"/>
        <line num="71" count="0" type="stmt"/>
        <line num="72" count="0" type="stmt"/>
        <line num="79" count="0" type="stmt"/>
      </file>
      <file name="firebase.ts" path="/Users/lorenzo/code/jbcb-championship/src/lib/server/firebase.ts">
        <metrics statements="6" coveredstatements="0" conditionals="0" coveredconditionals="0" methods="2" coveredmethods="0"/>
        <line num="10" count="0" type="stmt"/>
        <line num="14" count="0" type="stmt"/>
        <line num="16" count="0" type="stmt"/>
        <line num="17" count="0" type="stmt"/>
        <line num="20" count="0" type="stmt"/>
        <line num="21" count="0" type="stmt"/>
      </file>
      <file name="get-category.ts" path="/Users/lorenzo/code/jbcb-championship/src/lib/server/get-category.ts">
        <metrics statements="26" coveredstatements="0" conditionals="12" coveredconditionals="0" methods="8" coveredmethods="0"/>
        <line num="7" count="0" type="stmt"/>
        <line num="8" count="0" type="cond" truecount="0" falsecount="2"/>
        <line num="9" count="0" type="stmt"/>
        <line num="11" count="0" type="stmt"/>
        <line num="17" count="0" type="stmt"/>
        <line num="20" count="0" type="cond" truecount="0" falsecount="2"/>
        <line num="21" count="0" type="stmt"/>
        <line num="23" count="0" type="stmt"/>
        <line num="24" count="0" type="stmt"/>
        <line num="31" count="0" type="stmt"/>
        <line num="34" count="0" type="cond" truecount="0" falsecount="2"/>
        <line num="35" count="0" type="stmt"/>
        <line num="37" count="0" type="stmt"/>
        <line num="39" count="0" type="stmt"/>
        <line num="40" count="0" type="cond" truecount="0" falsecount="2"/>
        <line num="41" count="0" type="stmt"/>
        <line num="43" count="0" type="stmt"/>
        <line num="44" count="0" type="stmt"/>
        <line num="46" count="0" type="stmt"/>
        <line num="52" count="0" type="cond" truecount="0" falsecount="2"/>
        <line num="53" count="0" type="stmt"/>
        <line num="56" count="0" type="stmt"/>
        <line num="61" count="0" type="cond" truecount="0" falsecount="2"/>
        <line num="62" count="0" type="stmt"/>
        <line num="65" count="0" type="stmt"/>
        <line num="66" count="0" type="stmt"/>
      </file>
      <file name="index.ts" path="/Users/lorenzo/code/jbcb-championship/src/lib/server/index.ts">
        <metrics statements="0" coveredstatements="0" conditionals="0" coveredconditionals="0" methods="0" coveredmethods="0"/>
      </file>
    </package>
    <package name="src.lib.state">
      <metrics statements="47" coveredstatements="8" conditionals="4" coveredconditionals="2" methods="19" coveredmethods="3"/>
      <file name="athletes-state.svelte.ts" path="/Users/lorenzo/code/jbcb-championship/src/lib/state/athletes-state.svelte.ts">
        <metrics statements="7" coveredstatements="0" conditionals="0" coveredconditionals="0" methods="6" coveredmethods="0"/>
        <line num="6" count="0" type="stmt"/>
        <line num="9" count="0" type="stmt"/>
        <line num="13" count="0" type="stmt"/>
        <line num="23" count="0" type="stmt"/>
        <line num="27" count="0" type="stmt"/>
        <line num="31" count="0" type="stmt"/>
        <line num="35" count="0" type="stmt"/>
      </file>
      <file name="categories-not-started-state.svelte.ts" path="/Users/lorenzo/code/jbcb-championship/src/lib/state/categories-not-started-state.svelte.ts">
        <metrics statements="3" coveredstatements="0" conditionals="0" coveredconditionals="0" methods="1" coveredmethods="0"/>
        <line num="4" count="0" type="stmt"/>
        <line num="7" count="0" type="stmt"/>
        <line num="11" count="0" type="stmt"/>
      </file>
      <file name="category-name-state.svelte.ts" path="/Users/lorenzo/code/jbcb-championship/src/lib/state/category-name-state.svelte.ts">
        <metrics statements="2" coveredstatements="0" conditionals="0" coveredconditionals="0" methods="0" coveredmethods="0"/>
        <line num="2" count="0" type="stmt"/>
        <line num="5" count="0" type="stmt"/>
      </file>
      <file name="category-type-state.svelte.ts" path="/Users/lorenzo/code/jbcb-championship/src/lib/state/category-type-state.svelte.ts">
        <metrics statements="3" coveredstatements="0" conditionals="0" coveredconditionals="0" methods="0" coveredmethods="0"/>
        <line num="3" count="0" type="stmt"/>
        <line num="10" count="0" type="stmt"/>
        <line num="13" count="0" type="stmt"/>
      </file>
      <file name="duration-state.svelte.ts" path="/Users/lorenzo/code/jbcb-championship/src/lib/state/duration-state.svelte.ts">
        <metrics statements="2" coveredstatements="0" conditionals="0" coveredconditionals="0" methods="0" coveredmethods="0"/>
        <line num="2" count="0" type="stmt"/>
        <line num="5" count="0" type="stmt"/>
      </file>
      <file name="local-state.svelte.ts" path="/Users/lorenzo/code/jbcb-championship/src/lib/state/local-state.svelte.ts">
        <metrics statements="12" coveredstatements="8" conditionals="4" coveredconditionals="2" methods="6" coveredmethods="3"/>
        <line num="5" count="4" type="stmt"/>
        <line num="8" count="4" type="stmt"/>
        <line num="9" count="4" type="stmt"/>
        <line num="11" count="4" type="cond" truecount="1" falsecount="1"/>
        <line num="12" count="4" type="stmt"/>
        <line num="13" count="4" type="cond" truecount="1" falsecount="1"/>
        <line num="14" count="0" type="stmt"/>
        <line num="27" count="0" type="stmt"/>
        <line num="31" count="0" type="stmt"/>
        <line num="35" count="4" type="stmt"/>
        <line num="39" count="3" type="stmt"/>
        <line num="44" count="0" type="stmt"/>
      </file>
      <file name="original-cateogry-id-state.svelte.ts" path="/Users/lorenzo/code/jbcb-championship/src/lib/state/original-cateogry-id-state.svelte.ts">
        <metrics statements="2" coveredstatements="0" conditionals="0" coveredconditionals="0" methods="0" coveredmethods="0"/>
        <line num="2" count="0" type="stmt"/>
        <line num="5" count="0" type="stmt"/>
      </file>
      <file name="settings-state.svelte.ts" path="/Users/lorenzo/code/jbcb-championship/src/lib/state/settings-state.svelte.ts">
        <metrics statements="5" coveredstatements="0" conditionals="0" coveredconditionals="0" methods="4" coveredmethods="0"/>
        <line num="4" count="0" type="stmt"/>
        <line num="7" count="0" type="stmt"/>
        <line num="11" count="0" type="stmt"/>
        <line num="15" count="0" type="stmt"/>
        <line num="19" count="0" type="stmt"/>
      </file>
      <file name="timer-state.svelte.ts" path="/Users/lorenzo/code/jbcb-championship/src/lib/state/timer-state.svelte.ts">
        <metrics statements="7" coveredstatements="0" conditionals="0" coveredconditionals="0" methods="0" coveredmethods="0"/>
        <line num="1" count="0" type="stmt"/>
        <line num="4" count="0" type="stmt"/>
        <line num="5" count="0" type="stmt"/>
        <line num="6" count="0" type="stmt"/>
        <line num="7" count="0" type="stmt"/>
        <line num="8" count="0" type="stmt"/>
        <line num="11" count="0" type="stmt"/>
      </file>
      <file name="tournament-state.ts" path="/Users/lorenzo/code/jbcb-championship/src/lib/state/tournament-state.ts">
        <metrics statements="4" coveredstatements="0" conditionals="0" coveredconditionals="0" methods="2" coveredmethods="0"/>
        <line num="4" count="0" type="stmt"/>
        <line num="7" count="0" type="stmt"/>
        <line num="11" count="0" type="stmt"/>
        <line num="15" count="0" type="stmt"/>
      </file>
    </package>
    <package name="src.lib.types">
      <metrics statements="11" coveredstatements="0" conditionals="0" coveredconditionals="0" methods="0" coveredmethods="0"/>
      <file name="category.type.ts" path="/Users/lorenzo/code/jbcb-championship/src/lib/types/category.type.ts">
        <metrics statements="5" coveredstatements="0" conditionals="0" coveredconditionals="0" methods="0" coveredmethods="0"/>
        <line num="7" count="0" type="stmt"/>
        <line num="9" count="0" type="stmt"/>
        <line num="21" count="0" type="stmt"/>
        <line num="28" count="0" type="stmt"/>
        <line num="36" count="0" type="stmt"/>
      </file>
      <file name="judoka.type.ts" path="/Users/lorenzo/code/jbcb-championship/src/lib/types/judoka.type.ts">
        <metrics statements="1" coveredstatements="0" conditionals="0" coveredconditionals="0" methods="0" coveredmethods="0"/>
        <line num="3" count="0" type="stmt"/>
      </file>
      <file name="match.type.ts" path="/Users/lorenzo/code/jbcb-championship/src/lib/types/match.type.ts">
        <metrics statements="3" coveredstatements="0" conditionals="0" coveredconditionals="0" methods="0" coveredmethods="0"/>
        <line num="5" count="0" type="stmt"/>
        <line num="9" count="0" type="stmt"/>
        <line num="17" count="0" type="stmt"/>
      </file>
      <file name="rounds.type.ts" path="/Users/lorenzo/code/jbcb-championship/src/lib/types/rounds.type.ts">
        <metrics statements="2" coveredstatements="0" conditionals="0" coveredconditionals="0" methods="0" coveredmethods="0"/>
        <line num="5" count="0" type="stmt"/>
        <line num="11" count="0" type="stmt"/>
      </file>
    </package>
    <package name="src.lib.utils">
      <metrics statements="28" coveredstatements="5" conditionals="16" coveredconditionals="4" methods="12" coveredmethods="2"/>
      <file name="categories-utils.ts" path="/Users/lorenzo/code/jbcb-championship/src/lib/utils/categories-utils.ts">
        <metrics statements="19" coveredstatements="0" conditionals="10" coveredconditionals="0" methods="7" coveredmethods="0"/>
        <line num="28" count="0" type="cond" truecount="0" falsecount="2"/>
        <line num="31" count="0" type="stmt"/>
        <line num="34" count="0" type="stmt"/>
        <line num="38" count="0" type="stmt"/>
        <line num="39" count="0" type="cond" truecount="0" falsecount="2"/>
        <line num="40" count="0" type="stmt"/>
        <line num="42" count="0" type="stmt"/>
        <line num="43" count="0" type="cond" truecount="0" falsecount="2"/>
        <line num="44" count="0" type="stmt"/>
        <line num="47" count="0" type="stmt"/>
        <line num="51" count="0" type="stmt"/>
        <line num="53" count="0" type="stmt"/>
        <line num="61" count="0" type="stmt"/>
        <line num="68" count="0" type="stmt"/>
        <line num="70" count="0" type="stmt"/>
        <line num="73" count="0" type="stmt"/>
        <line num="75" count="0" type="stmt"/>
        <line num="81" count="0" type="stmt"/>
        <line num="82" count="0" type="stmt"/>
      </file>
      <file name="judoka-utils.ts" path="/Users/lorenzo/code/jbcb-championship/src/lib/utils/judoka-utils.ts">
        <metrics statements="5" coveredstatements="4" conditionals="4" coveredconditionals="3" methods="1" coveredmethods="1"/>
        <line num="4" count="218" type="cond" truecount="2" falsecount="0"/>
        <line num="5" count="146" type="stmt"/>
        <line num="7" count="72" type="cond" truecount="1" falsecount="1"/>
        <line num="8" count="72" type="stmt"/>
        <line num="10" count="0" type="stmt"/>
      </file>
      <file name="match-utils.ts" path="/Users/lorenzo/code/jbcb-championship/src/lib/utils/match-utils.ts">
        <metrics statements="1" coveredstatements="1" conditionals="2" coveredconditionals="1" methods="1" coveredmethods="1"/>
        <line num="2" count="1887" type="cond" truecount="1" falsecount="1"/>
      </file>
      <file name="timer-utils.ts" path="/Users/lorenzo/code/jbcb-championship/src/lib/utils/timer-utils.ts">
        <metrics statements="3" coveredstatements="0" conditionals="0" coveredconditionals="0" methods="3" coveredmethods="0"/>
        <line num="2" count="0" type="stmt"/>
        <line num="6" count="0" type="stmt"/>
        <line num="10" count="0" type="stmt"/>
      </file>
    </package>
    <package name="src.routes">
      <metrics statements="12" coveredstatements="0" conditionals="6" coveredconditionals="0" methods="3" coveredmethods="0"/>
      <file name="+error.svelte" path="/Users/lorenzo/code/jbcb-championship/src/routes/+error.svelte">
        <metrics statements="7" coveredstatements="0" conditionals="4" coveredconditionals="0" methods="1" coveredmethods="0"/>
        <line num="5" count="0" type="cond" truecount="0" falsecount="2"/>
        <line num="7" count="0" type="cond" truecount="0" falsecount="2"/>
        <line num="9" count="0" type="stmt"/>
        <line num="17" count="0" type="stmt"/>
        <line num="18" count="0" type="stmt"/>
        <line num="22" count="0" type="stmt"/>
        <line num="30" count="0" type="stmt"/>
      </file>
      <file name="+layout.svelte" path="/Users/lorenzo/code/jbcb-championship/src/routes/+layout.svelte">
        <metrics statements="5" coveredstatements="0" conditionals="2" coveredconditionals="0" methods="1" coveredmethods="0"/>
        <line num="11" count="0" type="stmt"/>
        <line num="12" count="0" type="cond" truecount="0" falsecount="2"/>
        <line num="14" count="0" type="stmt"/>
        <line num="19" count="0" type="stmt"/>
        <line num="52" count="0" type="stmt"/>
      </file>
      <file name="+page.svelte" path="/Users/lorenzo/code/jbcb-championship/src/routes/+page.svelte">
        <metrics statements="0" coveredstatements="0" conditionals="0" coveredconditionals="0" methods="1" coveredmethods="0"/>
      </file>
    </package>
    <package name="src.routes.categories">
      <metrics statements="17" coveredstatements="0" conditionals="6" coveredconditionals="0" methods="5" coveredmethods="0"/>
      <file name="+page.server.ts" path="/Users/lorenzo/code/jbcb-championship/src/routes/categories/+page.server.ts">
        <metrics statements="5" coveredstatements="0" conditionals="2" coveredconditionals="0" methods="2" coveredmethods="0"/>
        <line num="9" count="0" type="stmt"/>
        <line num="10" count="0" type="stmt"/>
        <line num="11" count="0" type="cond" truecount="0" falsecount="2"/>
        <line num="13" count="0" type="stmt"/>
        <line num="17" count="0" type="stmt"/>
      </file>
      <file name="+page.svelte" path="/Users/lorenzo/code/jbcb-championship/src/routes/categories/+page.svelte">
        <metrics statements="12" coveredstatements="0" conditionals="4" coveredconditionals="0" methods="3" coveredmethods="0"/>
        <line num="6" count="0" type="stmt"/>
        <line num="8" count="0" type="stmt"/>
        <line num="10" count="0" type="stmt"/>
        <line num="11" count="0" type="cond" truecount="0" falsecount="2"/>
        <line num="12" count="0" type="stmt"/>
        <line num="14" count="0" type="stmt"/>
        <line num="15" count="0" type="stmt"/>
        <line num="23" count="0" type="stmt"/>
        <line num="29" count="0" type="stmt"/>
        <line num="33" count="0" type="stmt"/>
        <line num="41" count="0" type="stmt"/>
        <line num="42" count="0" type="cond" truecount="0" falsecount="2"/>
      </file>
    </package>
    <package name="src.routes.new">
      <metrics statements="8" coveredstatements="0" conditionals="4" coveredconditionals="0" methods="4" coveredmethods="0"/>
      <file name="+page.svelte" path="/Users/lorenzo/code/jbcb-championship/src/routes/new/+page.svelte">
        <metrics statements="8" coveredstatements="0" conditionals="4" coveredconditionals="0" methods="4" coveredmethods="0"/>
        <line num="13" count="0" type="stmt"/>
        <line num="14" count="0" type="stmt"/>
        <line num="15" count="0" type="stmt"/>
        <line num="19" count="0" type="cond" truecount="0" falsecount="4"/>
        <line num="22" count="0" type="stmt"/>
        <line num="32" count="0" type="stmt"/>
        <line num="33" count="0" type="stmt"/>
        <line num="38" count="0" type="stmt"/>
      </file>
    </package>
    <package name="src.routes.new.components">
      <metrics statements="40" coveredstatements="0" conditionals="13" coveredconditionals="0" methods="16" coveredmethods="0"/>
      <file name="athletes.svelte" path="/Users/lorenzo/code/jbcb-championship/src/routes/new/components/athletes.svelte">
        <metrics statements="2" coveredstatements="0" conditionals="0" coveredconditionals="0" methods="3" coveredmethods="0"/>
        <line num="6" count="0" type="stmt"/>
        <line num="10" count="0" type="stmt"/>
      </file>
      <file name="category-duration.svelte" path="/Users/lorenzo/code/jbcb-championship/src/routes/new/components/category-duration.svelte">
        <metrics statements="11" coveredstatements="0" conditionals="4" coveredconditionals="0" methods="4" coveredmethods="0"/>
        <line num="8" count="0" type="stmt"/>
        <line num="9" count="0" type="stmt"/>
        <line num="10" count="0" type="stmt"/>
        <line num="13" count="0" type="cond" truecount="0" falsecount="2"/>
        <line num="14" count="0" type="stmt"/>
        <line num="19" count="0" type="cond" truecount="0" falsecount="2"/>
        <line num="20" count="0" type="stmt"/>
        <line num="30" count="0" type="stmt"/>
        <line num="47" count="0" type="stmt"/>
        <line num="53" count="0" type="stmt"/>
        <line num="58" count="0" type="stmt"/>
      </file>
      <file name="category-edit.svelte" path="/Users/lorenzo/code/jbcb-championship/src/routes/new/components/category-edit.svelte">
        <metrics statements="6" coveredstatements="0" conditionals="4" coveredconditionals="0" methods="1" coveredmethods="0"/>
        <line num="19" count="0" type="stmt"/>
        <line num="21" count="0" type="stmt"/>
        <line num="28" count="0" type="stmt"/>
        <line num="48" count="0" type="cond" truecount="0" falsecount="2"/>
        <line num="55" count="0" type="stmt"/>
        <line num="57" count="0" type="cond" truecount="0" falsecount="2"/>
      </file>
      <file name="category-name.svelte" path="/Users/lorenzo/code/jbcb-championship/src/routes/new/components/category-name.svelte">
        <metrics statements="1" coveredstatements="0" conditionals="0" coveredconditionals="0" methods="1" coveredmethods="0"/>
        <line num="12" count="0" type="stmt"/>
      </file>
      <file name="category-type-button.svelte" path="/Users/lorenzo/code/jbcb-championship/src/routes/new/components/category-type-button.svelte">
        <metrics statements="7" coveredstatements="0" conditionals="3" coveredconditionals="0" methods="2" coveredmethods="0"/>
        <line num="11" count="0" type="cond" truecount="0" falsecount="1"/>
        <line num="13" count="0" type="stmt"/>
        <line num="14" count="0" type="cond" truecount="0" falsecount="2"/>
        <line num="15" count="0" type="stmt"/>
        <line num="19" count="0" type="stmt"/>
        <line num="25" count="0" type="stmt"/>
        <line num="32" count="0" type="stmt"/>
      </file>
      <file name="category-type.svelte" path="/Users/lorenzo/code/jbcb-championship/src/routes/new/components/category-type.svelte">
        <metrics statements="3" coveredstatements="0" conditionals="0" coveredconditionals="0" methods="1" coveredmethods="0"/>
        <line num="6" count="0" type="stmt"/>
        <line num="22" count="0" type="stmt"/>
        <line num="23" count="0" type="stmt"/>
      </file>
      <file name="new-athlete.svelte" path="/Users/lorenzo/code/jbcb-championship/src/routes/new/components/new-athlete.svelte">
        <metrics statements="10" coveredstatements="0" conditionals="2" coveredconditionals="0" methods="4" coveredmethods="0"/>
        <line num="5" count="0" type="stmt"/>
        <line num="6" count="0" type="stmt"/>
        <line num="9" count="0" type="cond" truecount="0" falsecount="2"/>
        <line num="12" count="0" type="stmt"/>
        <line num="13" count="0" type="stmt"/>
        <line num="28" count="0" type="stmt"/>
        <line num="32" count="0" type="stmt"/>
        <line num="34" count="0" type="stmt"/>
        <line num="35" count="0" type="stmt"/>
        <line num="42" count="0" type="stmt"/>
      </file>
    </package>
    <package name="src.routes.settings">
      <metrics statements="12" coveredstatements="0" conditionals="4" coveredconditionals="0" methods="3" coveredmethods="0"/>
      <file name="+page.svelte" path="/Users/lorenzo/code/jbcb-championship/src/routes/settings/+page.svelte">
        <metrics statements="12" coveredstatements="0" conditionals="4" coveredconditionals="0" methods="3" coveredmethods="0"/>
        <line num="8" count="0" type="stmt"/>
        <line num="11" count="0" type="cond" truecount="0" falsecount="2"/>
        <line num="14" count="0" type="stmt"/>
        <line num="15" count="0" type="stmt"/>
        <line num="19" count="0" type="cond" truecount="0" falsecount="2"/>
        <line num="22" count="0" type="stmt"/>
        <line num="39" count="0" type="stmt"/>
        <line num="43" count="0" type="stmt"/>
        <line num="51" count="0" type="stmt"/>
        <line num="53" count="0" type="stmt"/>
        <line num="75" count="0" type="stmt"/>
        <line num="80" count="0" type="stmt"/>
      </file>
    </package>
  </project>
</coverage>
