{"/Users/lorenzo/code/jbcb-championship/src/app.d.ts": {"path":"/Users/lorenzo/code/jbcb-championship/src/app.d.ts","statementMap":{},"fnMap":{},"branchMap":{},"s":{},"f":{},"b":{},"meta":{"lastBranch":0,"lastFunction":0,"lastStatement":0,"seen":{}}}
,"/Users/lorenzo/code/jbcb-championship/src/info.d.ts": {"path":"/Users/lorenzo/code/jbcb-championship/src/info.d.ts","statementMap":{},"fnMap":{},"branchMap":{},"s":{},"f":{},"b":{},"meta":{"lastBranch":0,"lastFunction":0,"lastStatement":0,"seen":{}}}
,"/Users/lorenzo/code/jbcb-championship/src/lib/components/athlete-list.svelte": {"path":"/Users/lorenzo/code/jbcb-championship/src/lib/components/athlete-list.svelte","statementMap":{"0":{"start":{"line":29,"column":19},"end":{"line":29,"column":75}},"1":{"start":{"line":30,"column":24},"end":{"line":30,"column":74}},"2":{"start":{"line":33,"column":5},"end":{"line":33,"column":null}},"3":{"start":{"line":37,"column":9},"end":{"line":37,"column":21}},"4":{"start":{"line":37,"column":28},"end":{"line":37,"column":null}},"5":{"start":{"line":41,"column":31},"end":{"line":41,"column":null}},"6":{"start":{"line":42,"column":13},"end":{"line":43,"column":null}},"7":{"start":{"line":43,"column":32},"end":{"line":43,"column":null}},"8":{"start":{"line":46,"column":11},"end":{"line":47,"column":null}},"9":{"start":{"line":47,"column":31},"end":{"line":47,"column":null}},"10":{"start":{"line":49,"column":11},"end":{"line":57,"column":null}},"11":{"start":{"line":55,"column":17},"end":{"line":55,"column":null}},"12":{"start":{"line":57,"column":60},"end":{"line":57,"column":null}},"13":{"start":{"line":63,"column":7},"end":{"line":63,"column":null}}},"fnMap":{"0":{"name":"(anonymous_0)","decl":{"start":{"line":1,"column":0},"end":{"line":1,"column":null}},"loc":{"start":{"line":1,"column":0},"end":{"line":31,"column":null}},"line":1}},"branchMap":{"0":{"loc":{"start":{"line":24,"column":4},"end":{"line":24,"column":21}},"type":"default-arg","locations":[{"start":{"line":24,"column":17},"end":{"line":24,"column":21}}],"line":24},"1":{"loc":{"start":{"line":25,"column":4},"end":{"line":25,"column":24}},"type":"default-arg","locations":[{"start":{"line":25,"column":22},"end":{"line":25,"column":24}}],"line":25},"2":{"loc":{"start":{"line":26,"column":4},"end":{"line":26,"column":null}},"type":"default-arg","locations":[{"start":{"line":26,"column":16},"end":{"line":26,"column":null}}],"line":26},"3":{"loc":{"start":{"line":29,"column":19},"end":{"line":29,"column":75}},"type":"cond-expr","locations":[{"start":{"line":29,"column":29},"end":{"line":29,"column":70}},{"start":{"line":29,"column":70},"end":{"line":29,"column":75}}],"line":29},"4":{"loc":{"start":{"line":30,"column":24},"end":{"line":30,"column":74}},"type":"binary-expr","locations":[{"start":{"line":30,"column":24},"end":{"line":30,"column":32}},{"start":{"line":30,"column":36},"end":{"line":30,"column":74}}],"line":30},"5":{"loc":{"start":{"line":33,"column":5},"end":{"line":33,"column":null}},"type":"if","locations":[{"start":{"line":33,"column":5},"end":{"line":33,"column":null}}],"line":33},"6":{"loc":{"start":{"line":33,"column":5},"end":{"line":33,"column":37}},"type":"binary-expr","locations":[{"start":{"line":33,"column":5},"end":{"line":33,"column":14}},{"start":{"line":33,"column":18},"end":{"line":33,"column":37}}],"line":33},"7":{"loc":{"start":{"line":42,"column":13},"end":{"line":43,"column":null}},"type":"if","locations":[{"start":{"line":42,"column":13},"end":{"line":43,"column":null}}],"line":42},"8":{"loc":{"start":{"line":46,"column":11},"end":{"line":47,"column":null}},"type":"if","locations":[{"start":{"line":46,"column":11},"end":{"line":47,"column":null}}],"line":46},"9":{"loc":{"start":{"line":49,"column":11},"end":{"line":57,"column":null}},"type":"if","locations":[{"start":{"line":49,"column":11},"end":{"line":57,"column":null}}],"line":49},"10":{"loc":{"start":{"line":63,"column":7},"end":{"line":63,"column":null}},"type":"if","locations":[{"start":{"line":63,"column":7},"end":{"line":63,"column":null}}],"line":63}},"s":{"0":0,"1":0,"2":0,"3":0,"4":0,"5":0,"6":0,"7":0,"8":0,"9":0,"10":0,"11":0,"12":0,"13":0},"f":{"0":0},"b":{"0":[0],"1":[0],"2":[0],"3":[0,0],"4":[0,0],"5":[0,null],"6":[0,0],"7":[0,null],"8":[0,null],"9":[0,null],"10":[0,null]},"meta":{"lastBranch":11,"lastFunction":1,"lastStatement":14,"seen":{"f:1:0:1:Infinity":0,"b:24:17:24:21":0,"b:25:22:25:24":1,"b:26:16:26:Infinity":2,"s:29:19:29:75":0,"b:29:29:29:70:29:70:29:75":3,"s:30:24:30:74":1,"b:30:24:30:32:30:36:30:74":4,"b:33:5:33:Infinity":5,"s:33:5:33:Infinity":2,"b:33:5:33:14:33:18:33:37":6,"s:37:9:37:21":3,"s:37:28:37:Infinity":4,"s:41:31:41:Infinity":5,"b:42:13:43:Infinity":7,"s:42:13:43:Infinity":6,"s:43:32:43:Infinity":7,"b:46:11:47:Infinity":8,"s:46:11:47:Infinity":8,"s:47:31:47:Infinity":9,"b:49:11:57:Infinity":9,"s:49:11:57:Infinity":10,"s:55:17:55:Infinity":11,"s:57:60:57:Infinity":12,"b:63:7:63:Infinity":10,"s:63:7:63:Infinity":13}}}
,"/Users/lorenzo/code/jbcb-championship/src/lib/components/card.svelte": {"path":"/Users/lorenzo/code/jbcb-championship/src/lib/components/card.svelte","statementMap":{"0":{"start":{"line":8,"column":38},"end":{"line":8,"column":null}},"1":{"start":{"line":18,"column":18},"end":{"line":19,"column":33}},"2":{"start":{"line":19,"column":33},"end":{"line":19,"column":null}}},"fnMap":{"0":{"name":"(anonymous_0)","decl":{"start":{"line":1,"column":0},"end":{"line":1,"column":null}},"loc":{"start":{"line":1,"column":0},"end":{"line":9,"column":null}},"line":1}},"branchMap":{"0":{"loc":{"start":{"line":8,"column":10},"end":{"line":8,"column":26}},"type":"default-arg","locations":[{"start":{"line":8,"column":21},"end":{"line":8,"column":26}}],"line":8},"1":{"loc":{"start":{"line":18,"column":26},"end":{"line":19,"column":30}},"type":"cond-expr","locations":[{"start":{"line":19,"column":20},"end":{"line":19,"column":24}},{"start":{"line":19,"column":27},"end":{"line":19,"column":30}}],"line":18}},"s":{"0":0,"1":0,"2":0},"f":{"0":0},"b":{"0":[0],"1":[0,0]},"meta":{"lastBranch":2,"lastFunction":1,"lastStatement":3,"seen":{"f:1:0:1:Infinity":0,"s:8:38:8:Infinity":0,"b:8:21:8:26":0,"s:18:18:19:33":1,"b:19:20:19:24:19:27:19:30":1,"s:19:33:19:Infinity":2}}}
,"/Users/lorenzo/code/jbcb-championship/src/lib/components/category-move-dialog.svelte": {"path":"/Users/lorenzo/code/jbcb-championship/src/lib/components/category-move-dialog.svelte","statementMap":{"0":{"start":{"line":23,"column":32},"end":{"line":23,"column":null}},"1":{"start":{"line":25,"column":18},"end":{"line":29,"column":null}},"2":{"start":{"line":28,"column":28},"end":{"line":28,"column":37}},"3":{"start":{"line":29,"column":27},"end":{"line":29,"column":null}},"4":{"start":{"line":33,"column":19},"end":{"line":33,"column":null}},"5":{"start":{"line":35,"column":15},"end":{"line":35,"column":null}},"6":{"start":{"line":38,"column":9},"end":{"line":40,"column":null}},"7":{"start":{"line":42,"column":8},"end":{"line":70,"column":null}},"8":{"start":{"line":43,"column":16},"end":{"line":52,"column":null}},"9":{"start":{"line":54,"column":6},"end":{"line":54,"column":null}},"10":{"start":{"line":55,"column":6},"end":{"line":55,"column":null}},"11":{"start":{"line":57,"column":19},"end":{"line":58,"column":null}},"12":{"start":{"line":60,"column":6},"end":{"line":60,"column":null}},"13":{"start":{"line":62,"column":12},"end":{"line":64,"column":null}},"14":{"start":{"line":67,"column":6},"end":{"line":67,"column":null}},"15":{"start":{"line":69,"column":6},"end":{"line":69,"column":null}},"16":{"start":{"line":93,"column":38},"end":{"line":93,"column":67}},"17":{"start":{"line":96,"column":21},"end":{"line":96,"column":41}},"18":{"start":{"line":96,"column":45},"end":{"line":96,"column":null}},"19":{"start":{"line":98,"column":37},"end":{"line":98,"column":null}},"20":{"start":{"line":112,"column":23},"end":{"line":112,"column":null}},"21":{"start":{"line":126,"column":12},"end":{"line":126,"column":21}},"22":{"start":{"line":129,"column":22},"end":{"line":129,"column":null}},"23":{"start":{"line":130,"column":28},"end":{"line":130,"column":null}},"24":{"start":{"line":125,"column":14},"end":{"line":126,"column":21}}},"fnMap":{"0":{"name":"(anonymous_0)","decl":{"start":{"line":1,"column":0},"end":{"line":1,"column":null}},"loc":{"start":{"line":1,"column":0},"end":{"line":72,"column":null}},"line":1},"1":{"name":"(anonymous_1)","decl":{"start":{"line":28,"column":18},"end":{"line":28,"column":20}},"loc":{"start":{"line":28,"column":28},"end":{"line":28,"column":37}},"line":28},"2":{"name":"(anonymous_2)","decl":{"start":{"line":29,"column":17},"end":{"line":29,"column":19}},"loc":{"start":{"line":29,"column":27},"end":{"line":29,"column":null}},"line":29},"3":{"name":"onFormSubmit","decl":{"start":{"line":37,"column":17},"end":{"line":37,"column":29}},"loc":{"start":{"line":37,"column":32},"end":{"line":71,"column":null}},"line":37},"4":{"name":"(anonymous_4)","decl":{"start":{"line":93,"column":27},"end":{"line":93,"column":34}},"loc":{"start":{"line":93,"column":38},"end":{"line":93,"column":67}},"line":93},"5":{"name":"children","decl":{"start":{"line":126,"column":12},"end":{"line":126,"column":20}},"loc":{"start":{"line":126,"column":26},"end":{"line":130,"column":null}},"line":126}},"branchMap":{"0":{"loc":{"start":{"line":38,"column":9},"end":{"line":40,"column":null}},"type":"if","locations":[{"start":{"line":38,"column":9},"end":{"line":40,"column":null}},{"start":{},"end":{}}],"line":38}},"s":{"0":0,"1":0,"2":0,"3":0,"4":0,"5":0,"6":0,"7":0,"8":0,"9":0,"10":0,"11":0,"12":0,"13":0,"14":0,"15":0,"16":0,"17":0,"18":0,"19":0,"20":0,"21":0,"22":0,"23":0,"24":0},"f":{"0":0,"1":0,"2":0,"3":0,"4":0,"5":0},"b":{"0":[0,0]},"meta":{"lastBranch":1,"lastFunction":6,"lastStatement":25,"seen":{"f:1:0:1:Infinity":0,"s:23:32:23:Infinity":0,"s:25:18:29:Infinity":1,"f:28:18:28:20":1,"s:28:28:28:37":2,"f:29:17:29:19":2,"s:29:27:29:Infinity":3,"s:33:19:33:Infinity":4,"s:35:15:35:Infinity":5,"f:37:17:37:29":3,"b:38:9:40:Infinity:undefined:undefined:undefined:undefined":0,"s:38:9:40:Infinity":6,"s:42:8:70:Infinity":7,"s:43:16:52:Infinity":8,"s:54:6:54:Infinity":9,"s:55:6:55:Infinity":10,"s:57:19:58:Infinity":11,"s:60:6:60:Infinity":12,"s:62:12:64:Infinity":13,"s:67:6:67:Infinity":14,"s:69:6:69:Infinity":15,"f:93:27:93:34":4,"s:93:38:93:67":16,"s:96:21:96:41":17,"s:96:45:96:Infinity":18,"s:98:37:98:Infinity":19,"s:112:23:112:Infinity":20,"s:126:12:126:21":21,"f:126:12:126:20":5,"s:129:22:129:Infinity":22,"s:130:28:130:Infinity":23,"s:125:14:126:21":24}}}
,"/Users/lorenzo/code/jbcb-championship/src/lib/components/light-switch.svelte": {"path":"/Users/lorenzo/code/jbcb-championship/src/lib/components/light-switch.svelte","statementMap":{"0":{"start":{"line":7,"column":23},"end":{"line":7,"column":28}},"1":{"start":{"line":14,"column":23},"end":{"line":19,"column":3}},"2":{"start":{"line":15,"column":17},"end":{"line":15,"column":49}},"3":{"start":{"line":16,"column":4},"end":{"line":16,"column":null}},"4":{"start":{"line":17,"column":4},"end":{"line":17,"column":null}},"5":{"start":{"line":18,"column":4},"end":{"line":18,"column":null}},"6":{"start":{"line":36,"column":18},"end":{"line":36,"column":27}},"7":{"start":{"line":37,"column":15},"end":{"line":37,"column":null}}},"fnMap":{"0":{"name":"(anonymous_0)","decl":{"start":{"line":1,"column":0},"end":{"line":1,"column":null}},"loc":{"start":{"line":1,"column":0},"end":{"line":20,"column":null}},"line":1},"1":{"name":"(anonymous_1)","decl":{"start":{"line":14,"column":23},"end":{"line":14,"column":27}},"loc":{"start":{"line":14,"column":59},"end":{"line":19,"column":3}},"line":14},"2":{"name":"children","decl":{"start":{"line":36,"column":18},"end":{"line":36,"column":26}},"loc":{"start":{"line":36,"column":34},"end":{"line":37,"column":null}},"line":36}},"branchMap":{"0":{"loc":{"start":{"line":15,"column":17},"end":{"line":15,"column":49}},"type":"cond-expr","locations":[{"start":{"line":15,"column":33},"end":{"line":15,"column":39}},{"start":{"line":15,"column":42},"end":{"line":15,"column":49}}],"line":15},"1":{"loc":{"start":{"line":37,"column":15},"end":{"line":37,"column":null}},"type":"if","locations":[{"start":{"line":37,"column":15},"end":{"line":37,"column":null}}],"line":37}},"s":{"0":0,"1":0,"2":0,"3":0,"4":0,"5":0,"6":0,"7":0},"f":{"0":0,"1":0,"2":0},"b":{"0":[0,0],"1":[0,null]},"meta":{"lastBranch":2,"lastFunction":3,"lastStatement":8,"seen":{"f:1:0:1:Infinity":0,"s:7:23:7:28":0,"s:14:23:19:3":1,"f:14:23:14:27":1,"s:15:17:15:49":2,"b:15:33:15:39:15:42:15:49":0,"s:16:4:16:Infinity":3,"s:17:4:17:Infinity":4,"s:18:4:18:Infinity":5,"s:36:18:36:27":6,"f:36:18:36:26":2,"b:37:15:37:Infinity":1,"s:37:15:37:Infinity":7}}}
,"/Users/lorenzo/code/jbcb-championship/src/lib/components/loading-spinner.svelte": {"path":"/Users/lorenzo/code/jbcb-championship/src/lib/components/loading-spinner.svelte","statementMap":{},"fnMap":{},"branchMap":{},"s":{},"f":{},"b":{},"meta":{"lastBranch":0,"lastFunction":0,"lastStatement":0,"seen":{}}}
,"/Users/lorenzo/code/jbcb-championship/src/lib/components/move-button.svelte": {"path":"/Users/lorenzo/code/jbcb-championship/src/lib/components/move-button.svelte","statementMap":{"0":{"start":{"line":11,"column":19},"end":{"line":11,"column":null}},"1":{"start":{"line":12,"column":20},"end":{"line":12,"column":25}},"2":{"start":{"line":15,"column":33},"end":{"line":15,"column":52}},"3":{"start":{"line":19,"column":23},"end":{"line":19,"column":null}},"4":{"start":{"line":19,"column":53},"end":{"line":19,"column":65}}},"fnMap":{"0":{"name":"(anonymous_0)","decl":{"start":{"line":1,"column":0},"end":{"line":1,"column":null}},"loc":{"start":{"line":1,"column":0},"end":{"line":13,"column":null}},"line":1},"1":{"name":"(anonymous_1)","decl":{"start":{"line":15,"column":22},"end":{"line":15,"column":29}},"loc":{"start":{"line":15,"column":33},"end":{"line":15,"column":52}},"line":15},"2":{"name":"(anonymous_2)","decl":{"start":{"line":19,"column":32},"end":{"line":19,"column":53}},"loc":{"start":{"line":19,"column":53},"end":{"line":19,"column":65}},"line":19}},"branchMap":{},"s":{"0":0,"1":0,"2":0,"3":0,"4":0},"f":{"0":0,"1":0,"2":0},"b":{},"meta":{"lastBranch":0,"lastFunction":3,"lastStatement":5,"seen":{"f:1:0:1:Infinity":0,"s:11:19:11:Infinity":0,"s:12:20:12:25":1,"f:15:22:15:29":1,"s:15:33:15:52":2,"s:19:23:19:Infinity":3,"f:19:32:19:53":2,"s:19:53:19:65":4}}}
,"/Users/lorenzo/code/jbcb-championship/src/lib/icons/add.svelte": {"path":"/Users/lorenzo/code/jbcb-championship/src/lib/icons/add.svelte","statementMap":{"0":{"start":{"line":6,"column":18},"end":{"line":6,"column":null}}},"fnMap":{"0":{"name":"(anonymous_0)","decl":{"start":{"line":1,"column":0},"end":{"line":1,"column":null}},"loc":{"start":{"line":1,"column":0},"end":{"line":7,"column":null}},"line":1}},"branchMap":{},"s":{"0":0},"f":{"0":0},"b":{},"meta":{"lastBranch":0,"lastFunction":1,"lastStatement":1,"seen":{"f:1:0:1:Infinity":0,"s:6:18:6:Infinity":0}}}
,"/Users/lorenzo/code/jbcb-championship/src/lib/icons/check.svelte": {"path":"/Users/lorenzo/code/jbcb-championship/src/lib/icons/check.svelte","statementMap":{"0":{"start":{"line":6,"column":18},"end":{"line":6,"column":null}}},"fnMap":{"0":{"name":"(anonymous_0)","decl":{"start":{"line":1,"column":0},"end":{"line":1,"column":null}},"loc":{"start":{"line":1,"column":0},"end":{"line":7,"column":null}},"line":1}},"branchMap":{},"s":{"0":0},"f":{"0":0},"b":{},"meta":{"lastBranch":0,"lastFunction":1,"lastStatement":1,"seen":{"f:1:0:1:Infinity":0,"s:6:18:6:Infinity":0}}}
,"/Users/lorenzo/code/jbcb-championship/src/lib/icons/delete.svelte": {"path":"/Users/lorenzo/code/jbcb-championship/src/lib/icons/delete.svelte","statementMap":{"0":{"start":{"line":6,"column":18},"end":{"line":6,"column":null}}},"fnMap":{"0":{"name":"(anonymous_0)","decl":{"start":{"line":1,"column":0},"end":{"line":1,"column":null}},"loc":{"start":{"line":1,"column":0},"end":{"line":7,"column":null}},"line":1}},"branchMap":{},"s":{"0":0},"f":{"0":0},"b":{},"meta":{"lastBranch":0,"lastFunction":1,"lastStatement":1,"seen":{"f:1:0:1:Infinity":0,"s:6:18:6:Infinity":0}}}
,"/Users/lorenzo/code/jbcb-championship/src/lib/icons/moon.svelte": {"path":"/Users/lorenzo/code/jbcb-championship/src/lib/icons/moon.svelte","statementMap":{"0":{"start":{"line":6,"column":18},"end":{"line":6,"column":null}}},"fnMap":{"0":{"name":"(anonymous_0)","decl":{"start":{"line":1,"column":0},"end":{"line":1,"column":null}},"loc":{"start":{"line":1,"column":0},"end":{"line":7,"column":null}},"line":1}},"branchMap":{},"s":{"0":0},"f":{"0":0},"b":{},"meta":{"lastBranch":0,"lastFunction":1,"lastStatement":1,"seen":{"f:1:0:1:Infinity":0,"s:6:18:6:Infinity":0}}}
,"/Users/lorenzo/code/jbcb-championship/src/lib/icons/move-icon.svelte": {"path":"/Users/lorenzo/code/jbcb-championship/src/lib/icons/move-icon.svelte","statementMap":{"0":{"start":{"line":6,"column":18},"end":{"line":6,"column":null}}},"fnMap":{"0":{"name":"(anonymous_0)","decl":{"start":{"line":1,"column":0},"end":{"line":1,"column":null}},"loc":{"start":{"line":1,"column":0},"end":{"line":7,"column":null}},"line":1}},"branchMap":{},"s":{"0":0},"f":{"0":0},"b":{},"meta":{"lastBranch":0,"lastFunction":1,"lastStatement":1,"seen":{"f:1:0:1:Infinity":0,"s:6:18:6:Infinity":0}}}
,"/Users/lorenzo/code/jbcb-championship/src/lib/icons/reload.svelte": {"path":"/Users/lorenzo/code/jbcb-championship/src/lib/icons/reload.svelte","statementMap":{},"fnMap":{},"branchMap":{},"s":{},"f":{},"b":{},"meta":{"lastBranch":0,"lastFunction":0,"lastStatement":0,"seen":{}}}
,"/Users/lorenzo/code/jbcb-championship/src/lib/icons/search.svelte": {"path":"/Users/lorenzo/code/jbcb-championship/src/lib/icons/search.svelte","statementMap":{"0":{"start":{"line":6,"column":18},"end":{"line":6,"column":null}}},"fnMap":{"0":{"name":"(anonymous_0)","decl":{"start":{"line":1,"column":0},"end":{"line":1,"column":null}},"loc":{"start":{"line":1,"column":0},"end":{"line":7,"column":null}},"line":1}},"branchMap":{},"s":{"0":0},"f":{"0":0},"b":{},"meta":{"lastBranch":0,"lastFunction":1,"lastStatement":1,"seen":{"f:1:0:1:Infinity":0,"s:6:18:6:Infinity":0}}}
,"/Users/lorenzo/code/jbcb-championship/src/lib/icons/settings.svelte": {"path":"/Users/lorenzo/code/jbcb-championship/src/lib/icons/settings.svelte","statementMap":{"0":{"start":{"line":6,"column":18},"end":{"line":6,"column":null}}},"fnMap":{"0":{"name":"(anonymous_0)","decl":{"start":{"line":1,"column":0},"end":{"line":1,"column":null}},"loc":{"start":{"line":1,"column":0},"end":{"line":7,"column":null}},"line":1}},"branchMap":{},"s":{"0":0},"f":{"0":0},"b":{},"meta":{"lastBranch":0,"lastFunction":1,"lastStatement":1,"seen":{"f:1:0:1:Infinity":0,"s:6:18:6:Infinity":0}}}
,"/Users/lorenzo/code/jbcb-championship/src/lib/icons/subtract.svelte": {"path":"/Users/lorenzo/code/jbcb-championship/src/lib/icons/subtract.svelte","statementMap":{"0":{"start":{"line":6,"column":18},"end":{"line":6,"column":null}}},"fnMap":{"0":{"name":"(anonymous_0)","decl":{"start":{"line":1,"column":0},"end":{"line":1,"column":null}},"loc":{"start":{"line":1,"column":0},"end":{"line":7,"column":null}},"line":1}},"branchMap":{},"s":{"0":0},"f":{"0":0},"b":{},"meta":{"lastBranch":0,"lastFunction":1,"lastStatement":1,"seen":{"f:1:0:1:Infinity":0,"s:6:18:6:Infinity":0}}}
,"/Users/lorenzo/code/jbcb-championship/src/lib/icons/sun.svelte": {"path":"/Users/lorenzo/code/jbcb-championship/src/lib/icons/sun.svelte","statementMap":{"0":{"start":{"line":6,"column":18},"end":{"line":6,"column":null}}},"fnMap":{"0":{"name":"(anonymous_0)","decl":{"start":{"line":1,"column":0},"end":{"line":1,"column":null}},"loc":{"start":{"line":1,"column":0},"end":{"line":7,"column":null}},"line":1}},"branchMap":{},"s":{"0":0},"f":{"0":0},"b":{},"meta":{"lastBranch":0,"lastFunction":1,"lastStatement":1,"seen":{"f:1:0:1:Infinity":0,"s:6:18:6:Infinity":0}}}
,"/Users/lorenzo/code/jbcb-championship/src/lib/models/match.ts": {"path":"/Users/lorenzo/code/jbcb-championship/src/lib/models/match.ts","statementMap":{"0":{"start":{"line":7,"column":2},"end":{"line":13,"column":null}},"1":{"start":{"line":17,"column":2},"end":{"line":23,"column":null}}},"fnMap":{"0":{"name":"createMatchJudoka","decl":{"start":{"line":6,"column":9},"end":{"line":6,"column":27}},"loc":{"start":{"line":6,"column":44},"end":{"line":14,"column":null}},"line":6},"1":{"name":"createMatch","decl":{"start":{"line":16,"column":16},"end":{"line":16,"column":28}},"loc":{"start":{"line":16,"column":66},"end":{"line":24,"column":null}},"line":16}},"branchMap":{"0":{"loc":{"start":{"line":18,"column":10},"end":{"line":18,"column":null}},"type":"cond-expr","locations":[{"start":{"line":18,"column":17},"end":{"line":18,"column":43}},{"start":{"line":18,"column":43},"end":{"line":18,"column":null}}],"line":18},"1":{"loc":{"start":{"line":22,"column":11},"end":{"line":22,"column":null}},"type":"cond-expr","locations":[{"start":{"line":22,"column":19},"end":{"line":22,"column":46}},{"start":{"line":22,"column":46},"end":{"line":22,"column":null}}],"line":22}},"s":{"0":2950,"1":4041},"f":{"0":2950,"1":4041},"b":{"0":[1279,2762],"1":[1671,2370]},"meta":{"lastBranch":2,"lastFunction":2,"lastStatement":2,"seen":{"f:6:9:6:27":0,"s:7:2:13:Infinity":0,"f:16:16:16:28":1,"s:17:2:23:Infinity":1,"b:18:17:18:43:18:43:18:Infinity":0,"b:22:19:22:46:22:46:22:Infinity":1}}}
,"/Users/lorenzo/code/jbcb-championship/src/lib/models/categories/brackets/auto-update-next-match.ts": {"path":"/Users/lorenzo/code/jbcb-championship/src/lib/models/categories/brackets/auto-update-next-match.ts","statementMap":{"0":{"start":{"line":7,"column":2},"end":{"line":9,"column":null}},"1":{"start":{"line":8,"column":4},"end":{"line":8,"column":null}},"2":{"start":{"line":11,"column":20},"end":{"line":13,"column":null}},"3":{"start":{"line":12,"column":13},"end":{"line":12,"column":null}},"4":{"start":{"line":15,"column":2},"end":{"line":17,"column":null}},"5":{"start":{"line":16,"column":4},"end":{"line":16,"column":null}},"6":{"start":{"line":19,"column":2},"end":{"line":19,"column":null}},"7":{"start":{"line":23,"column":26},"end":{"line":23,"column":null}},"8":{"start":{"line":24,"column":2},"end":{"line":26,"column":null}},"9":{"start":{"line":25,"column":4},"end":{"line":25,"column":null}},"10":{"start":{"line":27,"column":2},"end":{"line":29,"column":null}},"11":{"start":{"line":28,"column":4},"end":{"line":28,"column":null}},"12":{"start":{"line":30,"column":2},"end":{"line":30,"column":null}}},"fnMap":{"0":{"name":"needSkipMatch","decl":{"start":{"line":6,"column":16},"end":{"line":6,"column":30}},"loc":{"start":{"line":6,"column":50},"end":{"line":20,"column":null}},"line":6},"1":{"name":"(anonymous_1)","decl":{"start":{"line":12,"column":4},"end":{"line":12,"column":13}},"loc":{"start":{"line":12,"column":13},"end":{"line":12,"column":null}},"line":12},"2":{"name":"getByeWinner","decl":{"start":{"line":22,"column":16},"end":{"line":22,"column":29}},"loc":{"start":{"line":22,"column":43},"end":{"line":31,"column":null}},"line":22}},"branchMap":{"0":{"loc":{"start":{"line":7,"column":2},"end":{"line":9,"column":null}},"type":"if","locations":[{"start":{"line":7,"column":2},"end":{"line":9,"column":null}},{"start":{},"end":{}}],"line":7},"1":{"loc":{"start":{"line":15,"column":2},"end":{"line":17,"column":null}},"type":"if","locations":[{"start":{"line":15,"column":2},"end":{"line":17,"column":null}},{"start":{},"end":{}}],"line":15},"2":{"loc":{"start":{"line":24,"column":2},"end":{"line":26,"column":null}},"type":"if","locations":[{"start":{"line":24,"column":2},"end":{"line":26,"column":null}},{"start":{},"end":{}}],"line":24},"3":{"loc":{"start":{"line":27,"column":2},"end":{"line":29,"column":null}},"type":"if","locations":[{"start":{"line":27,"column":2},"end":{"line":29,"column":null}},{"start":{},"end":{}}],"line":27}},"s":{"0":0,"1":0,"2":0,"3":0,"4":0,"5":0,"6":0,"7":0,"8":0,"9":0,"10":0,"11":0,"12":0},"f":{"0":0,"1":0,"2":0},"b":{"0":[0,0],"1":[0,0],"2":[0,0],"3":[0,0]},"meta":{"lastBranch":4,"lastFunction":3,"lastStatement":13,"seen":{"f:6:16:6:30":0,"b:7:2:9:Infinity:undefined:undefined:undefined:undefined":0,"s:7:2:9:Infinity":0,"s:8:4:8:Infinity":1,"s:11:20:13:Infinity":2,"f:12:4:12:13":1,"s:12:13:12:Infinity":3,"b:15:2:17:Infinity:undefined:undefined:undefined:undefined":1,"s:15:2:17:Infinity":4,"s:16:4:16:Infinity":5,"s:19:2:19:Infinity":6,"f:22:16:22:29":2,"s:23:26:23:Infinity":7,"b:24:2:26:Infinity:undefined:undefined:undefined:undefined":2,"s:24:2:26:Infinity":8,"s:25:4:25:Infinity":9,"b:27:2:29:Infinity:undefined:undefined:undefined:undefined":3,"s:27:2:29:Infinity":10,"s:28:4:28:Infinity":11,"s:30:2:30:Infinity":12}}}
,"/Users/lorenzo/code/jbcb-championship/src/lib/models/categories/brackets/brackets.ts": {"path":"/Users/lorenzo/code/jbcb-championship/src/lib/models/categories/brackets/brackets.ts","statementMap":{},"fnMap":{},"branchMap":{},"s":{},"f":{},"b":{},"meta":{"lastBranch":0,"lastFunction":0,"lastStatement":0,"seen":{}}}
,"/Users/lorenzo/code/jbcb-championship/src/lib/models/categories/brackets/create-brackets.ts": {"path":"/Users/lorenzo/code/jbcb-championship/src/lib/models/categories/brackets/create-brackets.ts","statementMap":{"0":{"start":{"line":13,"column":8},"end":{"line":13,"column":null}},"1":{"start":{"line":14,"column":8},"end":{"line":14,"column":null}},"2":{"start":{"line":15,"column":2},"end":{"line":24,"column":null}}},"fnMap":{"0":{"name":"createBrackets","decl":{"start":{"line":7,"column":16},"end":{"line":7,"column":null}},"loc":{"start":{"line":12,"column":32},"end":{"line":25,"column":null}},"line":12}},"branchMap":{"0":{"loc":{"start":{"line":11,"column":2},"end":{"line":11,"column":null}},"type":"default-arg","locations":[{"start":{"line":11,"column":15},"end":{"line":11,"column":null}}],"line":11}},"s":{"0":116,"1":116,"2":116},"f":{"0":116},"b":{"0":[116]},"meta":{"lastBranch":1,"lastFunction":1,"lastStatement":3,"seen":{"f:7:16:7:Infinity":0,"b:11:15:11:Infinity":0,"s:13:8:13:Infinity":0,"s:14:8:14:Infinity":1,"s:15:2:24:Infinity":2}}}
,"/Users/lorenzo/code/jbcb-championship/src/lib/models/categories/brackets/create-matches.ts": {"path":"/Users/lorenzo/code/jbcb-championship/src/lib/models/categories/brackets/create-matches.ts","statementMap":{"0":{"start":{"line":15,"column":19},"end":{"line":17,"column":null}},"1":{"start":{"line":16,"column":39},"end":{"line":16,"column":null}},"2":{"start":{"line":18,"column":25},"end":{"line":18,"column":null}},"3":{"start":{"line":19,"column":8},"end":{"line":21,"column":null}},"4":{"start":{"line":22,"column":8},"end":{"line":22,"column":null}},"5":{"start":{"line":23,"column":2},"end":{"line":23,"column":null}},"6":{"start":{"line":27,"column":2},"end":{"line":29,"column":null}},"7":{"start":{"line":28,"column":47},"end":{"line":28,"column":73}},"8":{"start":{"line":33,"column":2},"end":{"line":60,"column":null}},"9":{"start":{"line":34,"column":29},"end":{"line":34,"column":null}},"10":{"start":{"line":35,"column":28},"end":{"line":35,"column":null}},"11":{"start":{"line":36,"column":4},"end":{"line":55,"column":null}},"12":{"start":{"line":36,"column":21},"end":{"line":36,"column":24}},"13":{"start":{"line":37,"column":6},"end":{"line":40,"column":null}},"14":{"start":{"line":38,"column":8},"end":{"line":38,"column":null}},"15":{"start":{"line":39,"column":8},"end":{"line":39,"column":null}},"16":{"start":{"line":42,"column":6},"end":{"line":44,"column":null}},"17":{"start":{"line":43,"column":8},"end":{"line":43,"column":null}},"18":{"start":{"line":47,"column":10},"end":{"line":47,"column":null}},"19":{"start":{"line":48,"column":6},"end":{"line":48,"column":null}},"20":{"start":{"line":51,"column":10},"end":{"line":51,"column":null}},"21":{"start":{"line":52,"column":6},"end":{"line":52,"column":null}},"22":{"start":{"line":54,"column":6},"end":{"line":54,"column":null}},"23":{"start":{"line":56,"column":4},"end":{"line":59,"column":null}},"24":{"start":{"line":64,"column":2},"end":{"line":96,"column":null}},"25":{"start":{"line":68,"column":4},"end":{"line":96,"column":null}},"26":{"start":{"line":70,"column":10},"end":{"line":70,"column":null}},"27":{"start":{"line":72,"column":10},"end":{"line":72,"column":null}},"28":{"start":{"line":74,"column":22},"end":{"line":74,"column":null}},"29":{"start":{"line":75,"column":25},"end":{"line":75,"column":null}},"30":{"start":{"line":76,"column":6},"end":{"line":93,"column":null}},"31":{"start":{"line":76,"column":23},"end":{"line":76,"column":26}},"32":{"start":{"line":77,"column":21},"end":{"line":77,"column":null}},"33":{"start":{"line":78,"column":29},"end":{"line":78,"column":null}},"34":{"start":{"line":79,"column":22},"end":{"line":81,"column":null}},"35":{"start":{"line":82,"column":8},"end":{"line":88,"column":null}},"36":{"start":{"line":84,"column":14},"end":{"line":84,"column":null}},"37":{"start":{"line":85,"column":10},"end":{"line":85,"column":null}},"38":{"start":{"line":86,"column":10},"end":{"line":86,"column":null}},"39":{"start":{"line":87,"column":10},"end":{"line":87,"column":null}},"40":{"start":{"line":90,"column":8},"end":{"line":92,"column":null}},"41":{"start":{"line":95,"column":6},"end":{"line":95,"column":null}}},"fnMap":{"0":{"name":"pickAthlete","decl":{"start":{"line":11,"column":9},"end":{"line":11,"column":null}},"loc":{"start":{"line":14,"column":2},"end":{"line":24,"column":null}},"line":14},"1":{"name":"(anonymous_1)","decl":{"start":{"line":16,"column":6},"end":{"line":16,"column":7}},"loc":{"start":{"line":16,"column":39},"end":{"line":16,"column":null}},"line":16},"2":{"name":"getMatches","decl":{"start":{"line":26,"column":16},"end":{"line":26,"column":27}},"loc":{"start":{"line":26,"column":43},"end":{"line":30,"column":null}},"line":26},"3":{"name":"(anonymous_3)","decl":{"start":{"line":28,"column":13},"end":{"line":28,"column":14}},"loc":{"start":{"line":28,"column":47},"end":{"line":28,"column":73}},"line":28},"4":{"name":"getEvenOrOddMatches","decl":{"start":{"line":32,"column":9},"end":{"line":32,"column":29}},"loc":{"start":{"line":32,"column":51},"end":{"line":61,"column":null}},"line":32},"5":{"name":"(anonymous_5)","decl":{"start":{"line":33,"column":9},"end":{"line":33,"column":10}},"loc":{"start":{"line":33,"column":59},"end":{"line":60,"column":null}},"line":33},"6":{"name":"createMatches","decl":{"start":{"line":63,"column":16},"end":{"line":63,"column":30}},"loc":{"start":{"line":63,"column":52},"end":{"line":97,"column":null}},"line":63},"7":{"name":"(anonymous_7)","decl":{"start":{"line":64,"column":9},"end":{"line":64,"column":null}},"loc":{"start":{"line":68,"column":4},"end":{"line":96,"column":null}},"line":68},"8":{"name":"(anonymous_8)","decl":{"start":{"line":68,"column":4},"end":{"line":68,"column":10}},"loc":{"start":{"line":68,"column":10},"end":{"line":96,"column":null}},"line":68}},"branchMap":{"0":{"loc":{"start":{"line":15,"column":19},"end":{"line":17,"column":null}},"type":"cond-expr","locations":[{"start":{"line":16,"column":6},"end":{"line":16,"column":null}},{"start":{"line":17,"column":6},"end":{"line":17,"column":null}}],"line":15},"1":{"loc":{"start":{"line":18,"column":50},"end":{"line":18,"column":63}},"type":"binary-expr","locations":[{"start":{"line":18,"column":50},"end":{"line":18,"column":62}},{"start":{"line":18,"column":62},"end":{"line":18,"column":63}}],"line":18},"2":{"loc":{"start":{"line":20,"column":4},"end":{"line":20,"column":null}},"type":"cond-expr","locations":[{"start":{"line":20,"column":32},"end":{"line":20,"column":52}},{"start":{"line":20,"column":52},"end":{"line":20,"column":null}}],"line":20},"3":{"loc":{"start":{"line":37,"column":6},"end":{"line":40,"column":null}},"type":"if","locations":[{"start":{"line":37,"column":6},"end":{"line":40,"column":null}},{"start":{},"end":{}}],"line":37},"4":{"loc":{"start":{"line":37,"column":10},"end":{"line":37,"column":43}},"type":"binary-expr","locations":[{"start":{"line":37,"column":10},"end":{"line":37,"column":23}},{"start":{"line":37,"column":23},"end":{"line":37,"column":43}}],"line":37},"5":{"loc":{"start":{"line":42,"column":6},"end":{"line":44,"column":null}},"type":"if","locations":[{"start":{"line":42,"column":6},"end":{"line":44,"column":null}},{"start":{},"end":{}}],"line":42},"6":{"loc":{"start":{"line":75,"column":25},"end":{"line":75,"column":null}},"type":"binary-expr","locations":[{"start":{"line":75,"column":25},"end":{"line":75,"column":40}},{"start":{"line":75,"column":40},"end":{"line":75,"column":null}}],"line":75},"7":{"loc":{"start":{"line":79,"column":22},"end":{"line":81,"column":null}},"type":"cond-expr","locations":[{"start":{"line":80,"column":12},"end":{"line":80,"column":null}},{"start":{"line":81,"column":12},"end":{"line":81,"column":null}}],"line":79},"8":{"loc":{"start":{"line":82,"column":8},"end":{"line":88,"column":null}},"type":"if","locations":[{"start":{"line":82,"column":8},"end":{"line":88,"column":null}},{"start":{},"end":{}}],"line":82},"9":{"loc":{"start":{"line":91,"column":10},"end":{"line":91,"column":null}},"type":"cond-expr","locations":[{"start":{"line":91,"column":17},"end":{"line":91,"column":45}},{"start":{"line":91,"column":45},"end":{"line":91,"column":null}}],"line":91}},"s":{"0":1461,"1":8,"2":1461,"3":1461,"4":1461,"5":1461,"6":209,"7":775,"8":1646,"9":1646,"10":1646,"11":1646,"12":1646,"13":2937,"14":2278,"15":2278,"16":659,"17":112,"18":547,"19":547,"20":547,"21":2937,"22":2937,"23":1646,"24":429,"25":429,"26":823,"27":823,"28":823,"29":823,"30":823,"31":823,"32":3076,"33":3076,"34":3076,"35":3076,"36":367,"37":367,"38":367,"39":367,"40":2709,"41":823},"f":{"0":1461,"1":8,"2":209,"3":775,"4":1646,"5":1646,"6":429,"7":429,"8":823},"b":{"0":[8,1457],"1":[1461,1457],"2":[187,1274],"3":[2278,659],"4":[2937,659],"5":[112,547],"6":[823,707],"7":[1596,1480],"8":[367,2709],"9":[1336,1373]},"meta":{"lastBranch":10,"lastFunction":9,"lastStatement":42,"seen":{"f:11:9:11:Infinity":0,"s:15:19:17:Infinity":0,"b:16:6:16:Infinity:17:6:17:Infinity":0,"f:16:6:16:7":1,"s:16:39:16:Infinity":1,"s:18:25:18:Infinity":2,"b:18:50:18:62:18:62:18:63":1,"s:19:8:21:Infinity":3,"b:20:32:20:52:20:52:20:Infinity":2,"s:22:8:22:Infinity":4,"s:23:2:23:Infinity":5,"f:26:16:26:27":2,"s:27:2:29:Infinity":6,"f:28:13:28:14":3,"s:28:47:28:73":7,"f:32:9:32:29":4,"s:33:2:60:Infinity":8,"f:33:9:33:10":5,"s:34:29:34:Infinity":9,"s:35:28:35:Infinity":10,"s:36:4:55:Infinity":11,"s:36:21:36:24":12,"b:37:6:40:Infinity:undefined:undefined:undefined:undefined":3,"s:37:6:40:Infinity":13,"b:37:10:37:23:37:23:37:43":4,"s:38:8:38:Infinity":14,"s:39:8:39:Infinity":15,"b:42:6:44:Infinity:undefined:undefined:undefined:undefined":5,"s:42:6:44:Infinity":16,"s:43:8:43:Infinity":17,"s:47:10:47:Infinity":18,"s:48:6:48:Infinity":19,"s:51:10:51:Infinity":20,"s:52:6:52:Infinity":21,"s:54:6:54:Infinity":22,"s:56:4:59:Infinity":23,"f:63:16:63:30":6,"s:64:2:96:Infinity":24,"f:64:9:64:Infinity":7,"s:68:4:96:Infinity":25,"f:68:4:68:10":8,"s:70:10:70:Infinity":26,"s:72:10:72:Infinity":27,"s:74:22:74:Infinity":28,"s:75:25:75:Infinity":29,"b:75:25:75:40:75:40:75:Infinity":6,"s:76:6:93:Infinity":30,"s:76:23:76:26":31,"s:77:21:77:Infinity":32,"s:78:29:78:Infinity":33,"s:79:22:81:Infinity":34,"b:80:12:80:Infinity:81:12:81:Infinity":7,"b:82:8:88:Infinity:undefined:undefined:undefined:undefined":8,"s:82:8:88:Infinity":35,"s:84:14:84:Infinity":36,"s:85:10:85:Infinity":37,"s:86:10:86:Infinity":38,"s:87:10:87:Infinity":39,"s:90:8:92:Infinity":40,"b:91:17:91:45:91:45:91:Infinity":9,"s:95:6:95:Infinity":41}}}
,"/Users/lorenzo/code/jbcb-championship/src/lib/models/categories/brackets/create-rounds.ts": {"path":"/Users/lorenzo/code/jbcb-championship/src/lib/models/categories/brackets/create-rounds.ts","statementMap":{"0":{"start":{"line":9,"column":24},"end":{"line":9,"column":null}},"1":{"start":{"line":10,"column":23},"end":{"line":10,"column":null}},"2":{"start":{"line":12,"column":2},"end":{"line":19,"column":null}},"3":{"start":{"line":13,"column":4},"end":{"line":18,"column":null}},"4":{"start":{"line":21,"column":27},"end":{"line":21,"column":null}},"5":{"start":{"line":22,"column":28},"end":{"line":22,"column":null}},"6":{"start":{"line":23,"column":23},"end":{"line":23,"column":null}},"7":{"start":{"line":24,"column":25},"end":{"line":24,"column":null}},"8":{"start":{"line":25,"column":28},"end":{"line":31,"column":null}},"9":{"start":{"line":28,"column":10},"end":{"line":28,"column":null}},"10":{"start":{"line":29,"column":4},"end":{"line":29,"column":null}},"11":{"start":{"line":30,"column":4},"end":{"line":30,"column":null}},"12":{"start":{"line":33,"column":2},"end":{"line":38,"column":null}},"13":{"start":{"line":43,"column":6},"end":{"line":43,"column":null}},"14":{"start":{"line":45,"column":25},"end":{"line":45,"column":null}},"15":{"start":{"line":47,"column":28},"end":{"line":47,"column":null}},"16":{"start":{"line":48,"column":2},"end":{"line":68,"column":null}},"17":{"start":{"line":48,"column":19},"end":{"line":48,"column":22}},"18":{"start":{"line":49,"column":25},"end":{"line":49,"column":null}},"19":{"start":{"line":50,"column":10},"end":{"line":50,"column":null}},"20":{"start":{"line":51,"column":19},"end":{"line":53,"column":null}},"21":{"start":{"line":54,"column":24},"end":{"line":54,"column":null}},"22":{"start":{"line":55,"column":26},"end":{"line":55,"column":null}},"23":{"start":{"line":57,"column":23},"end":{"line":65,"column":null}},"24":{"start":{"line":60,"column":33},"end":{"line":60,"column":65}},"25":{"start":{"line":63,"column":33},"end":{"line":63,"column":65}},"26":{"start":{"line":66,"column":4},"end":{"line":66,"column":null}},"27":{"start":{"line":67,"column":4},"end":{"line":67,"column":null}},"28":{"start":{"line":70,"column":2},"end":{"line":70,"column":null}}},"fnMap":{"0":{"name":"getCountsAndFirstRound","decl":{"start":{"line":8,"column":9},"end":{"line":8,"column":32}},"loc":{"start":{"line":8,"column":52},"end":{"line":39,"column":null}},"line":8},"1":{"name":"(anonymous_1)","decl":{"start":{"line":27,"column":9},"end":{"line":27,"column":15}},"loc":{"start":{"line":27,"column":15},"end":{"line":31,"column":3}},"line":27},"2":{"name":"createRounds","decl":{"start":{"line":41,"column":16},"end":{"line":41,"column":29}},"loc":{"start":{"line":41,"column":57},"end":{"line":71,"column":null}},"line":41},"3":{"name":"(anonymous_3)","decl":{"start":{"line":60,"column":23},"end":{"line":60,"column":33}},"loc":{"start":{"line":60,"column":33},"end":{"line":60,"column":65}},"line":60},"4":{"name":"(anonymous_4)","decl":{"start":{"line":63,"column":23},"end":{"line":63,"column":33}},"loc":{"start":{"line":63,"column":33},"end":{"line":63,"column":65}},"line":63}},"branchMap":{"0":{"loc":{"start":{"line":12,"column":2},"end":{"line":19,"column":null}},"type":"if","locations":[{"start":{"line":12,"column":2},"end":{"line":19,"column":null}},{"start":{},"end":{}}],"line":12},"1":{"loc":{"start":{"line":51,"column":19},"end":{"line":53,"column":null}},"type":"cond-expr","locations":[{"start":{"line":52,"column":8},"end":{"line":52,"column":null}},{"start":{"line":53,"column":8},"end":{"line":53,"column":null}}],"line":51},"2":{"loc":{"start":{"line":55,"column":26},"end":{"line":55,"column":null}},"type":"binary-expr","locations":[{"start":{"line":55,"column":26},"end":{"line":55,"column":42}},{"start":{"line":55,"column":42},"end":{"line":55,"column":null}}],"line":55},"3":{"loc":{"start":{"line":58,"column":13},"end":{"line":60,"column":null}},"type":"cond-expr","locations":[{"start":{"line":59,"column":10},"end":{"line":59,"column":null}},{"start":{"line":60,"column":10},"end":{"line":60,"column":null}}],"line":58},"4":{"loc":{"start":{"line":61,"column":17},"end":{"line":63,"column":null}},"type":"cond-expr","locations":[{"start":{"line":62,"column":10},"end":{"line":62,"column":null}},{"start":{"line":63,"column":10},"end":{"line":63,"column":null}}],"line":61}},"s":{"0":116,"1":116,"2":116,"3":46,"4":70,"5":70,"6":70,"7":70,"8":70,"9":426,"10":426,"11":426,"12":70,"13":116,"14":116,"15":116,"16":116,"17":116,"18":429,"19":429,"20":429,"21":429,"22":429,"23":429,"24":682,"25":682,"26":429,"27":429,"28":429},"f":{"0":116,"1":426,"2":116,"3":682,"4":682},"b":{"0":[46,70],"1":[116,313],"2":[429,313],"3":[232,197],"4":[232,197]},"meta":{"lastBranch":5,"lastFunction":5,"lastStatement":29,"seen":{"f:8:9:8:32":0,"s:9:24:9:Infinity":0,"s:10:23:10:Infinity":1,"b:12:2:19:Infinity:undefined:undefined:undefined:undefined":0,"s:12:2:19:Infinity":2,"s:13:4:18:Infinity":3,"s:21:27:21:Infinity":4,"s:22:28:22:Infinity":5,"s:23:23:23:Infinity":6,"s:24:25:24:Infinity":7,"s:25:28:31:Infinity":8,"f:27:9:27:15":1,"s:28:10:28:Infinity":9,"s:29:4:29:Infinity":10,"s:30:4:30:Infinity":11,"s:33:2:38:Infinity":12,"f:41:16:41:29":2,"s:43:6:43:Infinity":13,"s:45:25:45:Infinity":14,"s:47:28:47:Infinity":15,"s:48:2:68:Infinity":16,"s:48:19:48:22":17,"s:49:25:49:Infinity":18,"s:50:10:50:Infinity":19,"s:51:19:53:Infinity":20,"b:52:8:52:Infinity:53:8:53:Infinity":1,"s:54:24:54:Infinity":21,"s:55:26:55:Infinity":22,"b:55:26:55:42:55:42:55:Infinity":2,"s:57:23:65:Infinity":23,"b:59:10:59:Infinity:60:10:60:Infinity":3,"f:60:23:60:33":3,"s:60:33:60:65":24,"b:62:10:62:Infinity:63:10:63:Infinity":4,"f:63:23:63:33":4,"s:63:33:63:65":25,"s:66:4:66:Infinity":26,"s:67:4:67:Infinity":27,"s:70:2:70:Infinity":28}}}
,"/Users/lorenzo/code/jbcb-championship/src/lib/models/categories/brackets/find-round-and-match.ts": {"path":"/Users/lorenzo/code/jbcb-championship/src/lib/models/categories/brackets/find-round-and-match.ts","statementMap":{"0":{"start":{"line":10,"column":21},"end":{"line":12,"column":null}},"1":{"start":{"line":11,"column":4},"end":{"line":11,"column":null}},"2":{"start":{"line":11,"column":33},"end":{"line":11,"column":48}},"3":{"start":{"line":14,"column":2},"end":{"line":19,"column":null}},"4":{"start":{"line":15,"column":4},"end":{"line":18,"column":null}},"5":{"start":{"line":21,"column":2},"end":{"line":24,"column":null}},"6":{"start":{"line":32,"column":21},"end":{"line":32,"column":null}},"7":{"start":{"line":32,"column":55},"end":{"line":32,"column":70}},"8":{"start":{"line":34,"column":2},"end":{"line":36,"column":null}},"9":{"start":{"line":35,"column":4},"end":{"line":35,"column":null}},"10":{"start":{"line":37,"column":2},"end":{"line":37,"column":null}},"11":{"start":{"line":41,"column":21},"end":{"line":41,"column":null}},"12":{"start":{"line":42,"column":2},"end":{"line":42,"column":null}},"13":{"start":{"line":46,"column":22},"end":{"line":48,"column":null}},"14":{"start":{"line":47,"column":4},"end":{"line":47,"column":null}},"15":{"start":{"line":47,"column":26},"end":{"line":47,"column":30}},"16":{"start":{"line":49,"column":2},"end":{"line":51,"column":null}},"17":{"start":{"line":50,"column":4},"end":{"line":50,"column":null}},"18":{"start":{"line":52,"column":21},"end":{"line":54,"column":null}},"19":{"start":{"line":53,"column":4},"end":{"line":53,"column":null}},"20":{"start":{"line":53,"column":25},"end":{"line":53,"column":29}},"21":{"start":{"line":55,"column":2},"end":{"line":57,"column":null}},"22":{"start":{"line":56,"column":4},"end":{"line":56,"column":null}},"23":{"start":{"line":58,"column":25},"end":{"line":60,"column":null}},"24":{"start":{"line":59,"column":4},"end":{"line":59,"column":null}},"25":{"start":{"line":59,"column":29},"end":{"line":59,"column":33}},"26":{"start":{"line":61,"column":2},"end":{"line":63,"column":null}},"27":{"start":{"line":62,"column":4},"end":{"line":62,"column":null}},"28":{"start":{"line":64,"column":2},"end":{"line":64,"column":null}}},"fnMap":{"0":{"name":"getRoundByMatch","decl":{"start":{"line":5,"column":16},"end":{"line":5,"column":null}},"loc":{"start":{"line":9,"column":2},"end":{"line":25,"column":null}},"line":9},"1":{"name":"(anonymous_1)","decl":{"start":{"line":10,"column":38},"end":{"line":10,"column":null}},"loc":{"start":{"line":11,"column":4},"end":{"line":11,"column":null}},"line":11},"2":{"name":"(anonymous_2)","decl":{"start":{"line":11,"column":21},"end":{"line":11,"column":22}},"loc":{"start":{"line":11,"column":33},"end":{"line":11,"column":48}},"line":11},"3":{"name":"getMatchIndex","decl":{"start":{"line":27,"column":16},"end":{"line":27,"column":null}},"loc":{"start":{"line":31,"column":2},"end":{"line":38,"column":null}},"line":31},"4":{"name":"(anonymous_4)","decl":{"start":{"line":32,"column":43},"end":{"line":32,"column":44}},"loc":{"start":{"line":32,"column":55},"end":{"line":32,"column":70}},"line":32},"5":{"name":"isWhiteOrBlueNext","decl":{"start":{"line":40,"column":16},"end":{"line":40,"column":34}},"loc":{"start":{"line":40,"column":54},"end":{"line":43,"column":null}},"line":40},"6":{"name":"getMatchType","decl":{"start":{"line":45,"column":16},"end":{"line":45,"column":29}},"loc":{"start":{"line":45,"column":71},"end":{"line":65,"column":null}},"line":45},"7":{"name":"(anonymous_7)","decl":{"start":{"line":46,"column":46},"end":{"line":46,"column":null}},"loc":{"start":{"line":47,"column":4},"end":{"line":47,"column":null}},"line":47},"8":{"name":"(anonymous_8)","decl":{"start":{"line":47,"column":21},"end":{"line":47,"column":26}},"loc":{"start":{"line":47,"column":26},"end":{"line":47,"column":30}},"line":47},"9":{"name":"(anonymous_9)","decl":{"start":{"line":52,"column":45},"end":{"line":52,"column":null}},"loc":{"start":{"line":53,"column":4},"end":{"line":53,"column":null}},"line":53},"10":{"name":"(anonymous_10)","decl":{"start":{"line":53,"column":20},"end":{"line":53,"column":25}},"loc":{"start":{"line":53,"column":25},"end":{"line":53,"column":29}},"line":53},"11":{"name":"(anonymous_11)","decl":{"start":{"line":58,"column":49},"end":{"line":58,"column":null}},"loc":{"start":{"line":59,"column":4},"end":{"line":59,"column":null}},"line":59},"12":{"name":"(anonymous_12)","decl":{"start":{"line":59,"column":24},"end":{"line":59,"column":29}},"loc":{"start":{"line":59,"column":29},"end":{"line":59,"column":33}},"line":59}},"branchMap":{"0":{"loc":{"start":{"line":14,"column":2},"end":{"line":19,"column":null}},"type":"if","locations":[{"start":{"line":14,"column":2},"end":{"line":19,"column":null}},{"start":{},"end":{}}],"line":14},"1":{"loc":{"start":{"line":34,"column":2},"end":{"line":36,"column":null}},"type":"if","locations":[{"start":{"line":34,"column":2},"end":{"line":36,"column":null}},{"start":{},"end":{}}],"line":34},"2":{"loc":{"start":{"line":42,"column":9},"end":{"line":42,"column":null}},"type":"cond-expr","locations":[{"start":{"line":42,"column":22},"end":{"line":42,"column":31}},{"start":{"line":42,"column":31},"end":{"line":42,"column":null}}],"line":42},"3":{"loc":{"start":{"line":49,"column":2},"end":{"line":51,"column":null}},"type":"if","locations":[{"start":{"line":49,"column":2},"end":{"line":51,"column":null}},{"start":{},"end":{}}],"line":49},"4":{"loc":{"start":{"line":55,"column":2},"end":{"line":57,"column":null}},"type":"if","locations":[{"start":{"line":55,"column":2},"end":{"line":57,"column":null}},{"start":{},"end":{}}],"line":55},"5":{"loc":{"start":{"line":61,"column":2},"end":{"line":63,"column":null}},"type":"if","locations":[{"start":{"line":61,"column":2},"end":{"line":63,"column":null}},{"start":{},"end":{}}],"line":61}},"s":{"0":93,"1":115,"2":232,"3":93,"4":0,"5":93,"6":92,"7":154,"8":92,"9":0,"10":92,"11":84,"12":84,"13":93,"14":346,"15":1339,"16":93,"17":82,"18":11,"19":45,"20":86,"21":11,"22":9,"23":2,"24":9,"25":20,"26":2,"27":2,"28":0},"f":{"0":93,"1":115,"2":232,"3":92,"4":154,"5":84,"6":93,"7":346,"8":1339,"9":45,"10":86,"11":9,"12":20},"b":{"0":[0,93],"1":[0,92],"2":[30,54],"3":[82,11],"4":[9,2],"5":[2,0]},"meta":{"lastBranch":6,"lastFunction":13,"lastStatement":29,"seen":{"f:5:16:5:Infinity":0,"s:10:21:12:Infinity":0,"f:10:38:10:Infinity":1,"s:11:4:11:Infinity":1,"f:11:21:11:22":2,"s:11:33:11:48":2,"b:14:2:19:Infinity:undefined:undefined:undefined:undefined":0,"s:14:2:19:Infinity":3,"s:15:4:18:Infinity":4,"s:21:2:24:Infinity":5,"f:27:16:27:Infinity":3,"s:32:21:32:Infinity":6,"f:32:43:32:44":4,"s:32:55:32:70":7,"b:34:2:36:Infinity:undefined:undefined:undefined:undefined":1,"s:34:2:36:Infinity":8,"s:35:4:35:Infinity":9,"s:37:2:37:Infinity":10,"f:40:16:40:34":5,"s:41:21:41:Infinity":11,"s:42:2:42:Infinity":12,"b:42:22:42:31:42:31:42:Infinity":2,"f:45:16:45:29":6,"s:46:22:48:Infinity":13,"f:46:46:46:Infinity":7,"s:47:4:47:Infinity":14,"f:47:21:47:26":8,"s:47:26:47:30":15,"b:49:2:51:Infinity:undefined:undefined:undefined:undefined":3,"s:49:2:51:Infinity":16,"s:50:4:50:Infinity":17,"s:52:21:54:Infinity":18,"f:52:45:52:Infinity":9,"s:53:4:53:Infinity":19,"f:53:20:53:25":10,"s:53:25:53:29":20,"b:55:2:57:Infinity:undefined:undefined:undefined:undefined":4,"s:55:2:57:Infinity":21,"s:56:4:56:Infinity":22,"s:58:25:60:Infinity":23,"f:58:49:58:Infinity":11,"s:59:4:59:Infinity":24,"f:59:24:59:29":12,"s:59:29:59:33":25,"b:61:2:63:Infinity:undefined:undefined:undefined:undefined":5,"s:61:2:63:Infinity":26,"s:62:4:62:Infinity":27,"s:64:2:64:Infinity":28}}}
,"/Users/lorenzo/code/jbcb-championship/src/lib/models/categories/brackets/get-current-match.ts": {"path":"/Users/lorenzo/code/jbcb-championship/src/lib/models/categories/brackets/get-current-match.ts","statementMap":{"0":{"start":{"line":4,"column":23},"end":{"line":6,"column":null}},"1":{"start":{"line":5,"column":13},"end":{"line":5,"column":null}},"2":{"start":{"line":7,"column":2},"end":{"line":9,"column":null}},"3":{"start":{"line":8,"column":4},"end":{"line":8,"column":null}},"4":{"start":{"line":10,"column":2},"end":{"line":10,"column":null}}},"fnMap":{"0":{"name":"getCurrentMatch","decl":{"start":{"line":3,"column":16},"end":{"line":3,"column":32}},"loc":{"start":{"line":3,"column":74},"end":{"line":11,"column":null}},"line":3},"1":{"name":"(anonymous_1)","decl":{"start":{"line":5,"column":4},"end":{"line":5,"column":13}},"loc":{"start":{"line":5,"column":13},"end":{"line":5,"column":null}},"line":5}},"branchMap":{"0":{"loc":{"start":{"line":7,"column":2},"end":{"line":9,"column":null}},"type":"if","locations":[{"start":{"line":7,"column":2},"end":{"line":9,"column":null}},{"start":{},"end":{}}],"line":7},"1":{"loc":{"start":{"line":7,"column":6},"end":{"line":7,"column":66}},"type":"binary-expr","locations":[{"start":{"line":7,"column":6},"end":{"line":7,"column":29}},{"start":{"line":7,"column":29},"end":{"line":7,"column":66}}],"line":7}},"s":{"0":103,"1":696,"2":103,"3":10,"4":93},"f":{"0":103,"1":696},"b":{"0":[10,93],"1":[103,103]},"meta":{"lastBranch":2,"lastFunction":2,"lastStatement":5,"seen":{"f:3:16:3:32":0,"s:4:23:6:Infinity":0,"f:5:4:5:13":1,"s:5:13:5:Infinity":1,"b:7:2:9:Infinity:undefined:undefined:undefined:undefined":0,"s:7:2:9:Infinity":2,"b:7:6:7:29:7:29:7:66":1,"s:8:4:8:Infinity":3,"s:10:2:10:Infinity":4}}}
,"/Users/lorenzo/code/jbcb-championship/src/lib/models/categories/brackets/remove-athlete.ts": {"path":"/Users/lorenzo/code/jbcb-championship/src/lib/models/categories/brackets/remove-athlete.ts","statementMap":{"0":{"start":{"line":4,"column":2},"end":{"line":17,"column":null}},"1":{"start":{"line":5,"column":4},"end":{"line":14,"column":null}},"2":{"start":{"line":6,"column":32},"end":{"line":8,"column":null}},"3":{"start":{"line":7,"column":19},"end":{"line":7,"column":null}},"4":{"start":{"line":9,"column":35},"end":{"line":11,"column":null}},"5":{"start":{"line":10,"column":19},"end":{"line":10,"column":null}},"6":{"start":{"line":12,"column":6},"end":{"line":12,"column":null}},"7":{"start":{"line":13,"column":6},"end":{"line":13,"column":null}},"8":{"start":{"line":16,"column":4},"end":{"line":16,"column":null}},"9":{"start":{"line":16,"column":39},"end":{"line":16,"column":69}}},"fnMap":{"0":{"name":"removeAthlete","decl":{"start":{"line":3,"column":16},"end":{"line":3,"column":60}},"loc":{"start":{"line":3,"column":76},"end":{"line":18,"column":null}},"line":3},"1":{"name":"(anonymous_1)","decl":{"start":{"line":4,"column":9},"end":{"line":4,"column":10}},"loc":{"start":{"line":4,"column":46},"end":{"line":17,"column":null}},"line":4},"2":{"name":"(anonymous_2)","decl":{"start":{"line":7,"column":8},"end":{"line":7,"column":19}},"loc":{"start":{"line":7,"column":19},"end":{"line":7,"column":null}},"line":7},"3":{"name":"(anonymous_3)","decl":{"start":{"line":10,"column":8},"end":{"line":10,"column":19}},"loc":{"start":{"line":10,"column":19},"end":{"line":10,"column":null}},"line":10},"4":{"name":"(anonymous_4)","decl":{"start":{"line":16,"column":28},"end":{"line":16,"column":39}},"loc":{"start":{"line":16,"column":39},"end":{"line":16,"column":69}},"line":16}},"branchMap":{"0":{"loc":{"start":{"line":5,"column":4},"end":{"line":14,"column":null}},"type":"if","locations":[{"start":{"line":5,"column":4},"end":{"line":14,"column":null}},{"start":{},"end":{}}],"line":5}},"s":{"0":1887,"1":1887,"2":0,"3":0,"4":0,"5":0,"6":0,"7":0,"8":1887,"9":15868},"f":{"0":1887,"1":1887,"2":0,"3":0,"4":15868},"b":{"0":[0,1887]},"meta":{"lastBranch":1,"lastFunction":5,"lastStatement":10,"seen":{"f:3:16:3:60":0,"s:4:2:17:Infinity":0,"f:4:9:4:10":1,"b:5:4:14:Infinity:undefined:undefined:undefined:undefined":0,"s:5:4:14:Infinity":1,"s:6:32:8:Infinity":2,"f:7:8:7:19":2,"s:7:19:7:Infinity":3,"s:9:35:11:Infinity":4,"f:10:8:10:19":3,"s:10:19:10:Infinity":5,"s:12:6:12:Infinity":6,"s:13:6:13:Infinity":7,"s:16:4:16:Infinity":8,"f:16:28:16:39":4,"s:16:39:16:69":9}}}
,"/Users/lorenzo/code/jbcb-championship/src/lib/models/categories/brackets/reset-athlete.ts": {"path":"/Users/lorenzo/code/jbcb-championship/src/lib/models/categories/brackets/reset-athlete.ts","statementMap":{"0":{"start":{"line":7,"column":2},"end":{"line":14,"column":null}}},"fnMap":{"0":{"name":"resetAthlete","decl":{"start":{"line":4,"column":16},"end":{"line":4,"column":null}},"loc":{"start":{"line":6,"column":27},"end":{"line":15,"column":null}},"line":6}},"branchMap":{"0":{"loc":{"start":{"line":7,"column":9},"end":{"line":14,"column":null}},"type":"cond-expr","locations":[{"start":{"line":8,"column":6},"end":{"line":13,"column":null}},{"start":{"line":14,"column":6},"end":{"line":14,"column":null}}],"line":7}},"s":{"0":208},"f":{"0":208},"b":{"0":[180,28]},"meta":{"lastBranch":1,"lastFunction":1,"lastStatement":1,"seen":{"f:4:16:4:Infinity":0,"s:7:2:14:Infinity":0,"b:8:6:13:Infinity:14:6:14:Infinity":0}}}
,"/Users/lorenzo/code/jbcb-championship/src/lib/models/categories/brackets/update-brackets.ts": {"path":"/Users/lorenzo/code/jbcb-championship/src/lib/models/categories/brackets/update-brackets.ts","statementMap":{"0":{"start":{"line":14,"column":8},"end":{"line":14,"column":null}},"1":{"start":{"line":15,"column":2},"end":{"line":17,"column":null}},"2":{"start":{"line":16,"column":4},"end":{"line":16,"column":null}},"3":{"start":{"line":19,"column":28},"end":{"line":19,"column":null}},"4":{"start":{"line":20,"column":2},"end":{"line":22,"column":null}},"5":{"start":{"line":21,"column":4},"end":{"line":21,"column":null}},"6":{"start":{"line":24,"column":15},"end":{"line":24,"column":null}},"7":{"start":{"line":25,"column":2},"end":{"line":27,"column":null}},"8":{"start":{"line":26,"column":4},"end":{"line":26,"column":null}},"9":{"start":{"line":28,"column":2},"end":{"line":30,"column":null}},"10":{"start":{"line":29,"column":4},"end":{"line":29,"column":null}},"11":{"start":{"line":32,"column":8},"end":{"line":32,"column":null}},"12":{"start":{"line":33,"column":8},"end":{"line":33,"column":null}},"13":{"start":{"line":34,"column":2},"end":{"line":39,"column":null}}},"fnMap":{"0":{"name":"updateBrackets","decl":{"start":{"line":10,"column":16},"end":{"line":10,"column":null}},"loc":{"start":{"line":13,"column":20},"end":{"line":40,"column":null}},"line":13}},"branchMap":{"0":{"loc":{"start":{"line":15,"column":2},"end":{"line":17,"column":null}},"type":"if","locations":[{"start":{"line":15,"column":2},"end":{"line":17,"column":null}},{"start":{},"end":{}}],"line":15},"1":{"loc":{"start":{"line":20,"column":2},"end":{"line":22,"column":null}},"type":"if","locations":[{"start":{"line":20,"column":2},"end":{"line":22,"column":null}},{"start":{},"end":{}}],"line":20},"2":{"loc":{"start":{"line":25,"column":2},"end":{"line":27,"column":null}},"type":"if","locations":[{"start":{"line":25,"column":2},"end":{"line":27,"column":null}},{"start":{},"end":{}}],"line":25},"3":{"loc":{"start":{"line":28,"column":2},"end":{"line":30,"column":null}},"type":"if","locations":[{"start":{"line":28,"column":2},"end":{"line":30,"column":null}},{"start":{},"end":{}}],"line":28},"4":{"loc":{"start":{"line":28,"column":6},"end":{"line":28,"column":48}},"type":"binary-expr","locations":[{"start":{"line":28,"column":6},"end":{"line":28,"column":26}},{"start":{"line":28,"column":26},"end":{"line":28,"column":48}}],"line":28}},"s":{"0":93,"1":93,"2":0,"3":93,"4":93,"5":0,"6":93,"7":93,"8":82,"9":93,"10":11,"11":93,"12":93,"13":93},"f":{"0":93},"b":{"0":[0,93],"1":[0,93],"2":[82,11],"3":[11,82],"4":[93,84]},"meta":{"lastBranch":5,"lastFunction":1,"lastStatement":14,"seen":{"f:10:16:10:Infinity":0,"s:14:8:14:Infinity":0,"b:15:2:17:Infinity:undefined:undefined:undefined:undefined":0,"s:15:2:17:Infinity":1,"s:16:4:16:Infinity":2,"s:19:28:19:Infinity":3,"b:20:2:22:Infinity:undefined:undefined:undefined:undefined":1,"s:20:2:22:Infinity":4,"s:21:4:21:Infinity":5,"s:24:15:24:Infinity":6,"b:25:2:27:Infinity:undefined:undefined:undefined:undefined":2,"s:25:2:27:Infinity":7,"s:26:4:26:Infinity":8,"b:28:2:30:Infinity:undefined:undefined:undefined:undefined":3,"s:28:2:30:Infinity":9,"b:28:6:28:26:28:26:28:48":4,"s:29:4:29:Infinity":10,"s:32:8:32:Infinity":11,"s:33:8:33:Infinity":12,"s:34:2:39:Infinity":13}}}
,"/Users/lorenzo/code/jbcb-championship/src/lib/models/categories/brackets/update-loser-brackets.ts": {"path":"/Users/lorenzo/code/jbcb-championship/src/lib/models/categories/brackets/update-loser-brackets.ts","statementMap":{"0":{"start":{"line":17,"column":2},"end":{"line":19,"column":null}},"1":{"start":{"line":18,"column":4},"end":{"line":18,"column":null}},"2":{"start":{"line":20,"column":8},"end":{"line":20,"column":null}},"3":{"start":{"line":22,"column":2},"end":{"line":24,"column":null}},"4":{"start":{"line":23,"column":4},"end":{"line":23,"column":null}},"5":{"start":{"line":26,"column":17},"end":{"line":26,"column":null}},"6":{"start":{"line":29,"column":6},"end":{"line":29,"column":null}},"7":{"start":{"line":31,"column":8},"end":{"line":36,"column":null}},"8":{"start":{"line":32,"column":4},"end":{"line":34,"column":null}},"9":{"start":{"line":33,"column":6},"end":{"line":33,"column":null}},"10":{"start":{"line":35,"column":4},"end":{"line":35,"column":null}},"11":{"start":{"line":38,"column":25},"end":{"line":38,"column":null}},"12":{"start":{"line":39,"column":8},"end":{"line":51,"column":null}},"13":{"start":{"line":42,"column":6},"end":{"line":44,"column":null}},"14":{"start":{"line":43,"column":8},"end":{"line":43,"column":null}},"15":{"start":{"line":45,"column":26},"end":{"line":45,"column":null}},"16":{"start":{"line":46,"column":6},"end":{"line":49,"column":null}},"17":{"start":{"line":47,"column":14},"end":{"line":47,"column":null}},"18":{"start":{"line":48,"column":8},"end":{"line":48,"column":null}},"19":{"start":{"line":53,"column":2},"end":{"line":56,"column":null}},"20":{"start":{"line":54,"column":4},"end":{"line":54,"column":null}},"21":{"start":{"line":55,"column":4},"end":{"line":55,"column":null}}},"fnMap":{"0":{"name":"updateLoserBrackets","decl":{"start":{"line":10,"column":16},"end":{"line":10,"column":null}},"loc":{"start":{"line":16,"column":2},"end":{"line":57,"column":null}},"line":16},"1":{"name":"(anonymous_1)","decl":{"start":{"line":31,"column":45},"end":{"line":31,"column":46}},"loc":{"start":{"line":31,"column":63},"end":{"line":36,"column":3}},"line":31},"2":{"name":"(anonymous_2)","decl":{"start":{"line":41,"column":4},"end":{"line":41,"column":5}},"loc":{"start":{"line":41,"column":19},"end":{"line":50,"column":null}},"line":41},"3":{"name":"(anonymous_3)","decl":{"start":{"line":53,"column":34},"end":{"line":53,"column":35}},"loc":{"start":{"line":53,"column":46},"end":{"line":56,"column":3}},"line":53}},"branchMap":{"0":{"loc":{"start":{"line":17,"column":2},"end":{"line":19,"column":null}},"type":"if","locations":[{"start":{"line":17,"column":2},"end":{"line":19,"column":null}},{"start":{},"end":{}}],"line":17},"1":{"loc":{"start":{"line":22,"column":2},"end":{"line":24,"column":null}},"type":"if","locations":[{"start":{"line":22,"column":2},"end":{"line":24,"column":null}},{"start":{},"end":{}}],"line":22},"2":{"loc":{"start":{"line":29,"column":6},"end":{"line":29,"column":null}},"type":"cond-expr","locations":[{"start":{"line":29,"column":25},"end":{"line":29,"column":38}},{"start":{"line":29,"column":38},"end":{"line":29,"column":null}}],"line":29},"3":{"loc":{"start":{"line":32,"column":4},"end":{"line":34,"column":null}},"type":"if","locations":[{"start":{"line":32,"column":4},"end":{"line":34,"column":null}},{"start":{},"end":{}}],"line":32},"4":{"loc":{"start":{"line":42,"column":6},"end":{"line":44,"column":null}},"type":"if","locations":[{"start":{"line":42,"column":6},"end":{"line":44,"column":null}},{"start":{},"end":{}}],"line":42},"5":{"loc":{"start":{"line":46,"column":6},"end":{"line":49,"column":null}},"type":"if","locations":[{"start":{"line":46,"column":6},"end":{"line":49,"column":null}},{"start":{},"end":{}}],"line":46}},"s":{"0":11,"1":1,"2":10,"3":10,"4":0,"5":10,"6":10,"7":11,"8":10,"9":8,"10":10,"11":11,"12":11,"13":10,"14":8,"15":2,"16":2,"17":2,"18":2,"19":11,"20":10,"21":10},"f":{"0":11,"1":10,"2":10,"3":10},"b":{"0":[1,10],"1":[0,10],"2":[8,2],"3":[8,2],"4":[8,2],"5":[2,0]},"meta":{"lastBranch":6,"lastFunction":4,"lastStatement":22,"seen":{"f:10:16:10:Infinity":0,"b:17:2:19:Infinity:undefined:undefined:undefined:undefined":0,"s:17:2:19:Infinity":0,"s:18:4:18:Infinity":1,"s:20:8:20:Infinity":2,"b:22:2:24:Infinity:undefined:undefined:undefined:undefined":1,"s:22:2:24:Infinity":3,"s:23:4:23:Infinity":4,"s:26:17:26:Infinity":5,"s:29:6:29:Infinity":6,"b:29:25:29:38:29:38:29:Infinity":2,"s:31:8:36:Infinity":7,"f:31:45:31:46":1,"b:32:4:34:Infinity:undefined:undefined:undefined:undefined":3,"s:32:4:34:Infinity":8,"s:33:6:33:Infinity":9,"s:35:4:35:Infinity":10,"s:38:25:38:Infinity":11,"s:39:8:51:Infinity":12,"f:41:4:41:5":2,"b:42:6:44:Infinity:undefined:undefined:undefined:undefined":4,"s:42:6:44:Infinity":13,"s:43:8:43:Infinity":14,"s:45:26:45:Infinity":15,"b:46:6:49:Infinity:undefined:undefined:undefined:undefined":5,"s:46:6:49:Infinity":16,"s:47:14:47:Infinity":17,"s:48:8:48:Infinity":18,"s:53:2:56:Infinity":19,"f:53:34:53:35":3,"s:54:4:54:Infinity":20,"s:55:4:55:Infinity":21}}}
,"/Users/lorenzo/code/jbcb-championship/src/lib/models/categories/brackets/update-winner-brackets.ts": {"path":"/Users/lorenzo/code/jbcb-championship/src/lib/models/categories/brackets/update-winner-brackets.ts","statementMap":{"0":{"start":{"line":20,"column":8},"end":{"line":20,"column":null}},"1":{"start":{"line":22,"column":48},"end":{"line":25,"column":null}},"2":{"start":{"line":27,"column":23},"end":{"line":27,"column":null}},"3":{"start":{"line":28,"column":21},"end":{"line":28,"column":null}},"4":{"start":{"line":29,"column":47},"end":{"line":37,"column":null}},"5":{"start":{"line":39,"column":2},"end":{"line":43,"column":null}},"6":{"start":{"line":52,"column":2},"end":{"line":54,"column":null}},"7":{"start":{"line":53,"column":4},"end":{"line":53,"column":null}},"8":{"start":{"line":55,"column":8},"end":{"line":55,"column":null}},"9":{"start":{"line":56,"column":2},"end":{"line":58,"column":null}},"10":{"start":{"line":57,"column":4},"end":{"line":57,"column":null}},"11":{"start":{"line":60,"column":8},"end":{"line":60,"column":null}},"12":{"start":{"line":62,"column":2},"end":{"line":64,"column":null}},"13":{"start":{"line":63,"column":4},"end":{"line":63,"column":null}},"14":{"start":{"line":66,"column":28},"end":{"line":69,"column":null}},"15":{"start":{"line":70,"column":24},"end":{"line":70,"column":null}},"16":{"start":{"line":71,"column":25},"end":{"line":71,"column":null}},"17":{"start":{"line":73,"column":16},"end":{"line":73,"column":null}},"18":{"start":{"line":74,"column":17},"end":{"line":74,"column":null}},"19":{"start":{"line":76,"column":22},"end":{"line":76,"column":null}},"20":{"start":{"line":77,"column":2},"end":{"line":81,"column":null}},"21":{"start":{"line":78,"column":4},"end":{"line":80,"column":null}},"22":{"start":{"line":79,"column":6},"end":{"line":79,"column":null}},"23":{"start":{"line":83,"column":8},"end":{"line":93,"column":null}},"24":{"start":{"line":86,"column":6},"end":{"line":86,"column":null}},"25":{"start":{"line":87,"column":6},"end":{"line":91,"column":null}},"26":{"start":{"line":88,"column":8},"end":{"line":90,"column":null}},"27":{"start":{"line":95,"column":8},"end":{"line":102,"column":null}},"28":{"start":{"line":98,"column":6},"end":{"line":100,"column":null}},"29":{"start":{"line":104,"column":8},"end":{"line":113,"column":null}},"30":{"start":{"line":107,"column":6},"end":{"line":111,"column":null}},"31":{"start":{"line":108,"column":8},"end":{"line":110,"column":null}},"32":{"start":{"line":115,"column":2},"end":{"line":119,"column":null}},"33":{"start":{"line":116,"column":4},"end":{"line":116,"column":null}},"34":{"start":{"line":117,"column":4},"end":{"line":117,"column":null}},"35":{"start":{"line":118,"column":4},"end":{"line":118,"column":null}}},"fnMap":{"0":{"name":"getNextCoordinate","decl":{"start":{"line":16,"column":9},"end":{"line":16,"column":null}},"loc":{"start":{"line":19,"column":2},"end":{"line":44,"column":null}},"line":19},"1":{"name":"updateWinnerBrackets","decl":{"start":{"line":46,"column":16},"end":{"line":46,"column":null}},"loc":{"start":{"line":51,"column":2},"end":{"line":120,"column":null}},"line":51},"2":{"name":"(anonymous_2)","decl":{"start":{"line":78,"column":36},"end":{"line":78,"column":37}},"loc":{"start":{"line":78,"column":48},"end":{"line":80,"column":5}},"line":78},"3":{"name":"(anonymous_3)","decl":{"start":{"line":85,"column":4},"end":{"line":85,"column":5}},"loc":{"start":{"line":85,"column":23},"end":{"line":92,"column":null}},"line":85},"4":{"name":"(anonymous_4)","decl":{"start":{"line":97,"column":4},"end":{"line":97,"column":5}},"loc":{"start":{"line":97,"column":20},"end":{"line":101,"column":null}},"line":97},"5":{"name":"(anonymous_5)","decl":{"start":{"line":106,"column":4},"end":{"line":106,"column":5}},"loc":{"start":{"line":106,"column":19},"end":{"line":112,"column":null}},"line":106},"6":{"name":"(anonymous_6)","decl":{"start":{"line":115,"column":34},"end":{"line":115,"column":35}},"loc":{"start":{"line":115,"column":46},"end":{"line":119,"column":3}},"line":115}},"branchMap":{"0":{"loc":{"start":{"line":29,"column":47},"end":{"line":37,"column":null}},"type":"cond-expr","locations":[{"start":{"line":30,"column":6},"end":{"line":33,"column":null}},{"start":{"line":34,"column":6},"end":{"line":37,"column":null}}],"line":29},"1":{"loc":{"start":{"line":35,"column":15},"end":{"line":35,"column":null}},"type":"cond-expr","locations":[{"start":{"line":35,"column":28},"end":{"line":35,"column":56}},{"start":{"line":35,"column":56},"end":{"line":35,"column":null}}],"line":35},"2":{"loc":{"start":{"line":52,"column":2},"end":{"line":54,"column":null}},"type":"if","locations":[{"start":{"line":52,"column":2},"end":{"line":54,"column":null}},{"start":{},"end":{}}],"line":52},"3":{"loc":{"start":{"line":56,"column":2},"end":{"line":58,"column":null}},"type":"if","locations":[{"start":{"line":56,"column":2},"end":{"line":58,"column":null}},{"start":{},"end":{}}],"line":56},"4":{"loc":{"start":{"line":62,"column":2},"end":{"line":64,"column":null}},"type":"if","locations":[{"start":{"line":62,"column":2},"end":{"line":64,"column":null}},{"start":{},"end":{}}],"line":62},"5":{"loc":{"start":{"line":77,"column":2},"end":{"line":81,"column":null}},"type":"if","locations":[{"start":{"line":77,"column":2},"end":{"line":81,"column":null}},{"start":{},"end":{}}],"line":77},"6":{"loc":{"start":{"line":87,"column":6},"end":{"line":91,"column":null}},"type":"if","locations":[{"start":{"line":87,"column":6},"end":{"line":91,"column":null}},{"start":{},"end":{}}],"line":87},"7":{"loc":{"start":{"line":107,"column":6},"end":{"line":111,"column":null}},"type":"if","locations":[{"start":{"line":107,"column":6},"end":{"line":111,"column":null}},{"start":{},"end":{}}],"line":107},"8":{"loc":{"start":{"line":107,"column":10},"end":{"line":107,"column":71}},"type":"binary-expr","locations":[{"start":{"line":107,"column":10},"end":{"line":107,"column":43}},{"start":{"line":107,"column":43},"end":{"line":107,"column":71}}],"line":107}},"s":{"0":82,"1":82,"2":82,"3":82,"4":82,"5":82,"6":82,"7":0,"8":82,"9":82,"10":0,"11":82,"12":82,"13":0,"14":82,"15":82,"16":82,"17":82,"18":82,"19":82,"20":82,"21":0,"22":0,"23":82,"24":82,"25":82,"26":11,"27":82,"28":82,"29":82,"30":82,"31":67,"32":82,"33":82,"34":82,"35":82},"f":{"0":82,"1":82,"2":0,"3":82,"4":82,"5":82,"6":82},"b":{"0":[71,11],"1":[11,0],"2":[0,82],"3":[0,82],"4":[0,82],"5":[0,82],"6":[11,71],"7":[67,15],"8":[82,71]},"meta":{"lastBranch":9,"lastFunction":7,"lastStatement":36,"seen":{"f:16:9:16:Infinity":0,"s:20:8:20:Infinity":0,"s:22:48:25:Infinity":1,"s:27:23:27:Infinity":2,"s:28:21:28:Infinity":3,"s:29:47:37:Infinity":4,"b:30:6:33:Infinity:34:6:37:Infinity":0,"b:35:28:35:56:35:56:35:Infinity":1,"s:39:2:43:Infinity":5,"f:46:16:46:Infinity":1,"b:52:2:54:Infinity:undefined:undefined:undefined:undefined":2,"s:52:2:54:Infinity":6,"s:53:4:53:Infinity":7,"s:55:8:55:Infinity":8,"b:56:2:58:Infinity:undefined:undefined:undefined:undefined":3,"s:56:2:58:Infinity":9,"s:57:4:57:Infinity":10,"s:60:8:60:Infinity":11,"b:62:2:64:Infinity:undefined:undefined:undefined:undefined":4,"s:62:2:64:Infinity":12,"s:63:4:63:Infinity":13,"s:66:28:69:Infinity":14,"s:70:24:70:Infinity":15,"s:71:25:71:Infinity":16,"s:73:16:73:Infinity":17,"s:74:17:74:Infinity":18,"s:76:22:76:Infinity":19,"b:77:2:81:Infinity:undefined:undefined:undefined:undefined":5,"s:77:2:81:Infinity":20,"s:78:4:80:Infinity":21,"f:78:36:78:37":2,"s:79:6:79:Infinity":22,"s:83:8:93:Infinity":23,"f:85:4:85:5":3,"s:86:6:86:Infinity":24,"b:87:6:91:Infinity:undefined:undefined:undefined:undefined":6,"s:87:6:91:Infinity":25,"s:88:8:90:Infinity":26,"s:95:8:102:Infinity":27,"f:97:4:97:5":4,"s:98:6:100:Infinity":28,"s:104:8:113:Infinity":29,"f:106:4:106:5":5,"b:107:6:111:Infinity:undefined:undefined:undefined:undefined":7,"s:107:6:111:Infinity":30,"b:107:10:107:43:107:43:107:71":8,"s:108:8:110:Infinity":31,"s:115:2:119:Infinity":32,"f:115:34:115:35":6,"s:116:4:116:Infinity":33,"s:117:4:117:Infinity":34,"s:118:4:118:Infinity":35}}}
,"/Users/lorenzo/code/jbcb-championship/src/lib/models/categories/doublePool/create-double-pool.ts": {"path":"/Users/lorenzo/code/jbcb-championship/src/lib/models/categories/doublePool/create-double-pool.ts","statementMap":{"0":{"start":{"line":10,"column":30},"end":{"line":10,"column":null}},"1":{"start":{"line":11,"column":30},"end":{"line":11,"column":null}},"2":{"start":{"line":13,"column":8},"end":{"line":13,"column":null}},"3":{"start":{"line":14,"column":2},"end":{"line":21,"column":null}},"4":{"start":{"line":15,"column":16},"end":{"line":15,"column":null}},"5":{"start":{"line":16,"column":4},"end":{"line":19,"column":null}},"6":{"start":{"line":17,"column":6},"end":{"line":17,"column":null}},"7":{"start":{"line":18,"column":6},"end":{"line":18,"column":null}},"8":{"start":{"line":20,"column":4},"end":{"line":20,"column":null}},"9":{"start":{"line":23,"column":2},"end":{"line":28,"column":null}},"10":{"start":{"line":36,"column":30},"end":{"line":36,"column":null}},"11":{"start":{"line":37,"column":19},"end":{"line":37,"column":null}},"12":{"start":{"line":38,"column":2},"end":{"line":47,"column":null}},"13":{"start":{"line":38,"column":19},"end":{"line":38,"column":22}},"14":{"start":{"line":39,"column":19},"end":{"line":39,"column":null}},"15":{"start":{"line":40,"column":4},"end":{"line":42,"column":null}},"16":{"start":{"line":41,"column":6},"end":{"line":41,"column":null}},"17":{"start":{"line":43,"column":19},"end":{"line":43,"column":null}},"18":{"start":{"line":44,"column":4},"end":{"line":46,"column":null}},"19":{"start":{"line":45,"column":6},"end":{"line":45,"column":null}},"20":{"start":{"line":48,"column":2},"end":{"line":48,"column":null}},"21":{"start":{"line":57,"column":16},"end":{"line":57,"column":null}},"22":{"start":{"line":58,"column":55},"end":{"line":61,"column":null}},"23":{"start":{"line":62,"column":8},"end":{"line":62,"column":null}},"24":{"start":{"line":63,"column":18},"end":{"line":63,"column":null}},"25":{"start":{"line":65,"column":2},"end":{"line":76,"column":null}}},"fnMap":{"0":{"name":"createPools","decl":{"start":{"line":9,"column":9},"end":{"line":9,"column":21}},"loc":{"start":{"line":9,"column":41},"end":{"line":29,"column":null}},"line":9},"1":{"name":"(anonymous_1)","decl":{"start":{"line":14,"column":25},"end":{"line":14,"column":26}},"loc":{"start":{"line":14,"column":45},"end":{"line":21,"column":3}},"line":14},"2":{"name":"getMatches","decl":{"start":{"line":31,"column":9},"end":{"line":31,"column":null}},"loc":{"start":{"line":35,"column":2},"end":{"line":49,"column":null}},"line":35},"3":{"name":"createDoublePool","decl":{"start":{"line":51,"column":16},"end":{"line":51,"column":null}},"loc":{"start":{"line":56,"column":34},"end":{"line":77,"column":null}},"line":56}},"branchMap":{"0":{"loc":{"start":{"line":16,"column":4},"end":{"line":19,"column":null}},"type":"if","locations":[{"start":{"line":16,"column":4},"end":{"line":19,"column":null}},{"start":{},"end":{}}],"line":16},"1":{"loc":{"start":{"line":40,"column":4},"end":{"line":42,"column":null}},"type":"if","locations":[{"start":{"line":40,"column":4},"end":{"line":42,"column":null}},{"start":{},"end":{}}],"line":40},"2":{"loc":{"start":{"line":44,"column":4},"end":{"line":46,"column":null}},"type":"if","locations":[{"start":{"line":44,"column":4},"end":{"line":46,"column":null}},{"start":{},"end":{}}],"line":44},"3":{"loc":{"start":{"line":55,"column":2},"end":{"line":55,"column":null}},"type":"default-arg","locations":[{"start":{"line":55,"column":15},"end":{"line":55,"column":null}}],"line":55}},"s":{"0":11,"1":11,"2":11,"3":11,"4":143,"5":143,"6":77,"7":77,"8":66,"9":11,"10":11,"11":11,"12":11,"13":11,"14":231,"15":231,"16":231,"17":231,"18":231,"19":165,"20":11,"21":11,"22":11,"23":11,"24":11,"25":11},"f":{"0":11,"1":143,"2":11,"3":11},"b":{"0":[77,66],"1":[231,0],"2":[165,66],"3":[11]},"meta":{"lastBranch":4,"lastFunction":4,"lastStatement":26,"seen":{"f:9:9:9:21":0,"s:10:30:10:Infinity":0,"s:11:30:11:Infinity":1,"s:13:8:13:Infinity":2,"s:14:2:21:Infinity":3,"f:14:25:14:26":1,"s:15:16:15:Infinity":4,"b:16:4:19:Infinity:undefined:undefined:undefined:undefined":0,"s:16:4:19:Infinity":5,"s:17:6:17:Infinity":6,"s:18:6:18:Infinity":7,"s:20:4:20:Infinity":8,"s:23:2:28:Infinity":9,"f:31:9:31:Infinity":2,"s:36:30:36:Infinity":10,"s:37:19:37:Infinity":11,"s:38:2:47:Infinity":12,"s:38:19:38:22":13,"s:39:19:39:Infinity":14,"b:40:4:42:Infinity:undefined:undefined:undefined:undefined":1,"s:40:4:42:Infinity":15,"s:41:6:41:Infinity":16,"s:43:19:43:Infinity":17,"b:44:4:46:Infinity:undefined:undefined:undefined:undefined":2,"s:44:4:46:Infinity":18,"s:45:6:45:Infinity":19,"s:48:2:48:Infinity":20,"f:51:16:51:Infinity":3,"b:55:15:55:Infinity":3,"s:57:16:57:Infinity":21,"s:58:55:61:Infinity":22,"s:62:8:62:Infinity":23,"s:63:18:63:Infinity":24,"s:65:2:76:Infinity":25}}}
,"/Users/lorenzo/code/jbcb-championship/src/lib/models/categories/doublePool/map-finals-to-rounds.ts": {"path":"/Users/lorenzo/code/jbcb-championship/src/lib/models/categories/doublePool/map-finals-to-rounds.ts","statementMap":{"0":{"start":{"line":5,"column":21},"end":{"line":9,"column":null}},"1":{"start":{"line":10,"column":22},"end":{"line":14,"column":null}},"2":{"start":{"line":15,"column":2},"end":{"line":15,"column":null}}},"fnMap":{"0":{"name":"mapFinalsToRounds","decl":{"start":{"line":4,"column":16},"end":{"line":4,"column":34}},"loc":{"start":{"line":4,"column":72},"end":{"line":16,"column":null}},"line":4}},"branchMap":{},"s":{"0":0,"1":0,"2":0},"f":{"0":0},"b":{},"meta":{"lastBranch":0,"lastFunction":1,"lastStatement":3,"seen":{"f:4:16:4:34":0,"s:5:21:9:Infinity":0,"s:10:22:14:Infinity":1,"s:15:2:15:Infinity":2}}}
,"/Users/lorenzo/code/jbcb-championship/src/lib/models/categories/doublePool/update-double-pool.ts": {"path":"/Users/lorenzo/code/jbcb-championship/src/lib/models/categories/doublePool/update-double-pool.ts","statementMap":{"0":{"start":{"line":10,"column":19},"end":{"line":10,"column":null}},"1":{"start":{"line":11,"column":2},"end":{"line":13,"column":null}},"2":{"start":{"line":12,"column":20},"end":{"line":12,"column":40}},"3":{"start":{"line":13,"column":23},"end":{"line":13,"column":43}},"4":{"start":{"line":18,"column":19},"end":{"line":18,"column":null}},"5":{"start":{"line":19,"column":2},"end":{"line":21,"column":null}},"6":{"start":{"line":19,"column":22},"end":{"line":19,"column":42}},"7":{"start":{"line":20,"column":4},"end":{"line":20,"column":null}},"8":{"start":{"line":22,"column":2},"end":{"line":24,"column":null}},"9":{"start":{"line":22,"column":22},"end":{"line":22,"column":42}},"10":{"start":{"line":23,"column":4},"end":{"line":23,"column":null}},"11":{"start":{"line":25,"column":2},"end":{"line":25,"column":null}},"12":{"start":{"line":29,"column":25},"end":{"line":29,"column":null}},"13":{"start":{"line":30,"column":2},"end":{"line":30,"column":null}},"14":{"start":{"line":30,"column":34},"end":{"line":30,"column":54}},"15":{"start":{"line":34,"column":25},"end":{"line":34,"column":null}},"16":{"start":{"line":35,"column":2},"end":{"line":35,"column":null}},"17":{"start":{"line":39,"column":21},"end":{"line":39,"column":null}},"18":{"start":{"line":41,"column":6},"end":{"line":41,"column":null}},"19":{"start":{"line":42,"column":20},"end":{"line":42,"column":null}},"20":{"start":{"line":44,"column":6},"end":{"line":44,"column":null}},"21":{"start":{"line":45,"column":8},"end":{"line":47,"column":null}},"22":{"start":{"line":46,"column":12},"end":{"line":46,"column":null}},"23":{"start":{"line":48,"column":8},"end":{"line":50,"column":null}},"24":{"start":{"line":49,"column":12},"end":{"line":49,"column":null}},"25":{"start":{"line":51,"column":2},"end":{"line":58,"column":null}},"26":{"start":{"line":53,"column":40},"end":{"line":53,"column":61}},"27":{"start":{"line":56,"column":40},"end":{"line":56,"column":62}},"28":{"start":{"line":64,"column":25},"end":{"line":64,"column":null}},"29":{"start":{"line":66,"column":2},"end":{"line":71,"column":null}},"30":{"start":{"line":67,"column":4},"end":{"line":70,"column":null}},"31":{"start":{"line":75,"column":23},"end":{"line":77,"column":null}},"32":{"start":{"line":76,"column":13},"end":{"line":76,"column":null}},"33":{"start":{"line":78,"column":20},"end":{"line":78,"column":null}},"34":{"start":{"line":79,"column":31},"end":{"line":79,"column":null}},"35":{"start":{"line":80,"column":8},"end":{"line":89,"column":null}},"36":{"start":{"line":81,"column":4},"end":{"line":88,"column":null}},"37":{"start":{"line":84,"column":6},"end":{"line":86,"column":null}},"38":{"start":{"line":85,"column":8},"end":{"line":85,"column":null}},"39":{"start":{"line":87,"column":6},"end":{"line":87,"column":null}},"40":{"start":{"line":90,"column":46},"end":{"line":100,"column":null}},"41":{"start":{"line":94,"column":6},"end":{"line":96,"column":null}},"42":{"start":{"line":95,"column":8},"end":{"line":95,"column":null}},"43":{"start":{"line":97,"column":6},"end":{"line":97,"column":null}},"44":{"start":{"line":102,"column":2},"end":{"line":121,"column":null}},"45":{"start":{"line":103,"column":4},"end":{"line":103,"column":null}},"46":{"start":{"line":104,"column":37},"end":{"line":104,"column":null}},"47":{"start":{"line":105,"column":38},"end":{"line":105,"col
[...]
,"/Users/lorenzo/code/jbcb-championship/src/routes/categories/+page.svelte": {"path":"/Users/lorenzo/code/jbcb-championship/src/routes/categories/+page.svelte","statementMap":{"0":{"start":{"line":6,"column":14},"end":{"line":6,"column":null}},"1":{"start":{"line":8,"column":27},"end":{"line":8,"column":29}},"2":{"start":{"line":10,"column":18},"end":{"line":17,"column":null}},"3":{"start":{"line":11,"column":9},"end":{"line":13,"column":null}},"4":{"start":{"line":12,"column":13},"end":{"line":12,"column":null}},"5":{"start":{"line":14,"column":11},"end":{"line":15,"column":null}},"6":{"start":{"line":15,"column":6},"end":{"line":15,"column":null}},"7":{"start":{"line":23,"column":58},"end":{"line":23,"column":null}},"8":{"start":{"line":29,"column":9},"end":{"line":29,"column":23}},"9":{"start":{"line":29,"column":31},"end":{"line":29,"column":null}},"10":{"start":{"line":33,"column":27},"end":{"line":33,"column":null}},"11":{"start":{"line":41,"column":9},"end":{"line":41,"column":null}},"12":{"start":{"line":42,"column":14},"end":{"line":42,"column":null}}},"fnMap":{"0":{"name":"(anonymous_0)","decl":{"start":{"line":1,"column":0},"end":{"line":1,"column":null}},"loc":{"start":{"line":1,"column":0},"end":{"line":18,"column":null}},"line":1},"1":{"name":"(anonymous_1)","decl":{"start":{"line":10,"column":18},"end":{"line":10,"column":39}},"loc":{"start":{"line":10,"column":39},"end":{"line":17,"column":3}},"line":10},"2":{"name":"(anonymous_2)","decl":{"start":{"line":14,"column":33},"end":{"line":14,"column":34}},"loc":{"start":{"line":15,"column":6},"end":{"line":15,"column":null}},"line":15}},"branchMap":{"0":{"loc":{"start":{"line":11,"column":9},"end":{"line":13,"column":null}},"type":"if","locations":[{"start":{"line":11,"column":9},"end":{"line":13,"column":null}},{"start":{},"end":{}}],"line":11},"1":{"loc":{"start":{"line":42,"column":14},"end":{"line":42,"column":null}},"type":"if","locations":[{"start":{"line":42,"column":14},"end":{"line":42,"column":null}}],"line":42}},"s":{"0":0,"1":0,"2":0,"3":0,"4":0,"5":0,"6":0,"7":0,"8":0,"9":0,"10":0,"11":0,"12":0},"f":{"0":0,"1":0,"2":0},"b":{"0":[0,0],"1":[0,null]},"meta":{"lastBranch":2,"lastFunction":3,"lastStatement":13,"seen":{"f:1:0:1:Infinity":0,"s:6:14:6:Infinity":0,"s:8:27:8:29":1,"s:10:18:17:Infinity":2,"f:10:18:10:39":1,"b:11:9:13:Infinity:undefined:undefined:undefined:undefined":0,"s:11:9:13:Infinity":3,"s:12:13:12:Infinity":4,"s:14:11:15:Infinity":5,"f:14:33:14:34":2,"s:15:6:15:Infinity":6,"s:23:58:23:Infinity":7,"s:29:9:29:23":8,"s:29:31:29:Infinity":9,"s:33:27:33:Infinity":10,"s:41:9:41:Infinity":11,"b:42:14:42:Infinity":1,"s:42:14:42:Infinity":12}}}
,"/Users/lorenzo/code/jbcb-championship/src/routes/new/+page.svelte": {"path":"/Users/lorenzo/code/jbcb-championship/src/routes/new/+page.svelte","statementMap":{"0":{"start":{"line":13,"column":13},"end":{"line":16,"column":3}},"1":{"start":{"line":14,"column":4},"end":{"line":14,"column":null}},"2":{"start":{"line":15,"column":4},"end":{"line":15,"column":null}},"3":{"start":{"line":19,"column":9},"end":{"line":21,"column":null}},"4":{"start":{"line":22,"column":23},"end":{"line":30,"column":null}},"5":{"start":{"line":32,"column":4},"end":{"line":32,"column":null}},"6":{"start":{"line":33,"column":4},"end":{"line":33,"column":null}},"7":{"start":{"line":38,"column":12},"end":{"line":38,"column":null}}},"fnMap":{"0":{"name":"(anonymous_0)","decl":{"start":{"line":1,"column":0},"end":{"line":1,"column":null}},"loc":{"start":{"line":1,"column":0},"end":{"line":35,"column":null}},"line":1},"1":{"name":"(anonymous_1)","decl":{"start":{"line":13,"column":13},"end":{"line":13,"column":22}},"loc":{"start":{"line":13,"column":22},"end":{"line":16,"column":3}},"line":13},"2":{"name":"handleCreate","decl":{"start":{"line":18,"column":17},"end":{"line":18,"column":29}},"loc":{"start":{"line":18,"column":32},"end":{"line":34,"column":null}},"line":18},"3":{"name":"labelButton","decl":{"start":{"line":38,"column":12},"end":{"line":38,"column":23}},"loc":{"start":{"line":38,"column":23},"end":{"line":38,"column":null}},"line":38}},"branchMap":{"0":{"loc":{"start":{"line":19,"column":9},"end":{"line":21,"column":null}},"type":"if","locations":[{"start":{"line":19,"column":9},"end":{"line":21,"column":null}},{"start":{},"end":{}}],"line":19},"1":{"loc":{"start":{"line":19,"column":9},"end":{"line":19,"column":66}},"type":"binary-expr","locations":[{"start":{"line":19,"column":9},"end":{"line":19,"column":39}},{"start":{"line":19,"column":39},"end":{"line":19,"column":66}}],"line":19}},"s":{"0":0,"1":0,"2":0,"3":0,"4":0,"5":0,"6":0,"7":0},"f":{"0":0,"1":0,"2":0,"3":0},"b":{"0":[0,0],"1":[0,0]},"meta":{"lastBranch":2,"lastFunction":4,"lastStatement":8,"seen":{"f:1:0:1:Infinity":0,"s:13:13:16:3":0,"f:13:13:13:22":1,"s:14:4:14:Infinity":1,"s:15:4:15:Infinity":2,"f:18:17:18:29":2,"b:19:9:21:Infinity:undefined:undefined:undefined:undefined":0,"s:19:9:21:Infinity":3,"b:19:9:19:39:19:39:19:66":1,"s:22:23:30:Infinity":4,"s:32:4:32:Infinity":5,"s:33:4:33:Infinity":6,"s:38:12:38:Infinity":7,"f:38:12:38:23":3}}}
,"/Users/lorenzo/code/jbcb-championship/src/routes/new/components/athletes.svelte": {"path":"/Users/lorenzo/code/jbcb-championship/src/routes/new/components/athletes.svelte","statementMap":{"0":{"start":{"line":6,"column":18},"end":{"line":6,"column":null}},"1":{"start":{"line":6,"column":37},"end":{"line":6,"column":null}},"2":{"start":{"line":10,"column":12},"end":{"line":10,"column":null}}},"fnMap":{"0":{"name":"(anonymous_0)","decl":{"start":{"line":1,"column":0},"end":{"line":1,"column":null}},"loc":{"start":{"line":1,"column":0},"end":{"line":7,"column":null}},"line":1},"1":{"name":"(anonymous_1)","decl":{"start":{"line":6,"column":18},"end":{"line":6,"column":22}},"loc":{"start":{"line":6,"column":37},"end":{"line":6,"column":null}},"line":6},"2":{"name":"icon","decl":{"start":{"line":10,"column":12},"end":{"line":10,"column":16}},"loc":{"start":{"line":10,"column":16},"end":{"line":10,"column":null}},"line":10}},"branchMap":{},"s":{"0":0,"1":0,"2":0},"f":{"0":0,"1":0,"2":0},"b":{},"meta":{"lastBranch":0,"lastFunction":3,"lastStatement":3,"seen":{"f:1:0:1:Infinity":0,"s:6:18:6:Infinity":0,"f:6:18:6:22":1,"s:6:37:6:Infinity":1,"s:10:12:10:Infinity":2,"f:10:12:10:16":2}}}
,"/Users/lorenzo/code/jbcb-championship/src/routes/new/components/category-duration.svelte": {"path":"/Users/lorenzo/code/jbcb-championship/src/routes/new/components/category-duration.svelte","statementMap":{"0":{"start":{"line":8,"column":15},"end":{"line":8,"column":22}},"1":{"start":{"line":9,"column":14},"end":{"line":9,"column":25}},"2":{"start":{"line":10,"column":14},"end":{"line":10,"column":25}},"3":{"start":{"line":13,"column":8},"end":{"line":15,"column":null}},"4":{"start":{"line":14,"column":6},"end":{"line":14,"column":null}},"5":{"start":{"line":19,"column":8},"end":{"line":21,"column":null}},"6":{"start":{"line":20,"column":6},"end":{"line":20,"column":null}},"7":{"start":{"line":30,"column":27},"end":{"line":30,"column":null}},"8":{"start":{"line":47,"column":18},"end":{"line":47,"column":null}},"9":{"start":{"line":53,"column":7},"end":{"line":53,"column":null}},"10":{"start":{"line":58,"column":18},"end":{"line":58,"column":null}}},"fnMap":{"0":{"name":"(anonymous_0)","decl":{"start":{"line":1,"column":0},"end":{"line":1,"column":null}},"loc":{"start":{"line":1,"column":0},"end":{"line":23,"column":null}},"line":1},"1":{"name":"add","decl":{"start":{"line":12,"column":11},"end":{"line":12,"column":14}},"loc":{"start":{"line":12,"column":17},"end":{"line":16,"column":null}},"line":12},"2":{"name":"subtract","decl":{"start":{"line":18,"column":11},"end":{"line":18,"column":19}},"loc":{"start":{"line":18,"column":22},"end":{"line":22,"column":null}},"line":18},"3":{"name":"(anonymous_3)","decl":{"start":{"line":30,"column":21},"end":{"line":30,"column":22}},"loc":{"start":{"line":30,"column":27},"end":{"line":30,"column":null}},"line":30}},"branchMap":{"0":{"loc":{"start":{"line":13,"column":8},"end":{"line":15,"column":null}},"type":"if","locations":[{"start":{"line":13,"column":8},"end":{"line":15,"column":null}},{"start":{},"end":{}}],"line":13},"1":{"loc":{"start":{"line":19,"column":8},"end":{"line":21,"column":null}},"type":"if","locations":[{"start":{"line":19,"column":8},"end":{"line":21,"column":null}},{"start":{},"end":{}}],"line":19}},"s":{"0":0,"1":0,"2":0,"3":0,"4":0,"5":0,"6":0,"7":0,"8":0,"9":0,"10":0},"f":{"0":0,"1":0,"2":0,"3":0},"b":{"0":[0,0],"1":[0,0]},"meta":{"lastBranch":2,"lastFunction":4,"lastStatement":11,"seen":{"f:1:0:1:Infinity":0,"s:8:15:8:22":0,"s:9:14:9:25":1,"s:10:14:10:25":2,"f:12:11:12:14":1,"b:13:8:15:Infinity:undefined:undefined:undefined:undefined":0,"s:13:8:15:Infinity":3,"s:14:6:14:Infinity":4,"f:18:11:18:19":2,"b:19:8:21:Infinity:undefined:undefined:undefined:undefined":1,"s:19:8:21:Infinity":5,"s:20:6:20:Infinity":6,"f:30:21:30:22":3,"s:30:27:30:Infinity":7,"s:47:18:47:Infinity":8,"s:53:7:53:Infinity":9,"s:58:18:58:Infinity":10}}}
,"/Users/lorenzo/code/jbcb-championship/src/routes/new/components/category-edit.svelte": {"path":"/Users/lorenzo/code/jbcb-championship/src/routes/new/components/category-edit.svelte","statementMap":{"0":{"start":{"line":19,"column":34},"end":{"line":19,"column":null}},"1":{"start":{"line":21,"column":16},"end":{"line":25,"column":null}},"2":{"start":{"line":28,"column":23},"end":{"line":28,"column":28}},"3":{"start":{"line":48,"column":13},"end":{"line":48,"column":null}},"4":{"start":{"line":55,"column":11},"end":{"line":55,"column":null}},"5":{"start":{"line":57,"column":7},"end":{"line":57,"column":null}}},"fnMap":{"0":{"name":"(anonymous_0)","decl":{"start":{"line":1,"column":0},"end":{"line":1,"column":null}},"loc":{"start":{"line":1,"column":0},"end":{"line":29,"column":null}},"line":1}},"branchMap":{"0":{"loc":{"start":{"line":48,"column":13},"end":{"line":48,"column":32}},"type":"binary-expr","locations":[{"start":{"line":48,"column":13},"end":{"line":48,"column":21}},{"start":{"line":48,"column":25},"end":{"line":48,"column":32}}],"line":48},"1":{"loc":{"start":{"line":57,"column":7},"end":{"line":57,"column":null}},"type":"if","locations":[{"start":{"line":57,"column":7},"end":{"line":57,"column":null}}],"line":57}},"s":{"0":0,"1":0,"2":0,"3":0,"4":0,"5":0},"f":{"0":0},"b":{"0":[0,0],"1":[0,null]},"meta":{"lastBranch":2,"lastFunction":1,"lastStatement":6,"seen":{"f:1:0:1:Infinity":0,"s:19:34:19:Infinity":0,"s:21:16:25:Infinity":1,"s:28:23:28:28":2,"s:48:13:48:Infinity":3,"b:48:13:48:21:48:25:48:32":0,"s:55:11:55:Infinity":4,"b:57:7:57:Infinity":1,"s:57:7:57:Infinity":5}}}
,"/Users/lorenzo/code/jbcb-championship/src/routes/new/components/category-name.svelte": {"path":"/Users/lorenzo/code/jbcb-championship/src/routes/new/components/category-name.svelte","statementMap":{"0":{"start":{"line":12,"column":16},"end":{"line":12,"column":null}}},"fnMap":{"0":{"name":"(anonymous_0)","decl":{"start":{"line":1,"column":0},"end":{"line":1,"column":null}},"loc":{"start":{"line":1,"column":0},"end":{"line":3,"column":null}},"line":1}},"branchMap":{},"s":{"0":0},"f":{"0":0},"b":{},"meta":{"lastBranch":0,"lastFunction":1,"lastStatement":1,"seen":{"f:1:0:1:Infinity":0,"s:12:16:12:Infinity":0}}}
,"/Users/lorenzo/code/jbcb-championship/src/routes/new/components/category-type-button.svelte": {"path":"/Users/lorenzo/code/jbcb-championship/src/routes/new/components/category-type-button.svelte","statementMap":{"0":{"start":{"line":11,"column":33},"end":{"line":11,"column":null}},"1":{"start":{"line":13,"column":15},"end":{"line":20,"column":3}},"2":{"start":{"line":14,"column":8},"end":{"line":17,"column":null}},"3":{"start":{"line":15,"column":6},"end":{"line":15,"column":null}},"4":{"start":{"line":19,"column":4},"end":{"line":19,"column":null}},"5":{"start":{"line":25,"column":16},"end":{"line":26,"column":null}},"6":{"start":{"line":32,"column":3},"end":{"line":32,"column":null}}},"fnMap":{"0":{"name":"(anonymous_0)","decl":{"start":{"line":1,"column":0},"end":{"line":1,"column":null}},"loc":{"start":{"line":1,"column":0},"end":{"line":21,"column":null}},"line":1},"1":{"name":"(anonymous_1)","decl":{"start":{"line":13,"column":15},"end":{"line":13,"column":24}},"loc":{"start":{"line":13,"column":24},"end":{"line":20,"column":3}},"line":13}},"branchMap":{"0":{"loc":{"start":{"line":11,"column":10},"end":{"line":11,"column":26}},"type":"default-arg","locations":[{"start":{"line":11,"column":21},"end":{"line":11,"column":26}}],"line":11},"1":{"loc":{"start":{"line":14,"column":8},"end":{"line":17,"column":null}},"type":"if","locations":[{"start":{"line":14,"column":8},"end":{"line":17,"column":null}},{"start":{},"end":{}}],"line":14}},"s":{"0":0,"1":0,"2":0,"3":0,"4":0,"5":0,"6":0},"f":{"0":0,"1":0},"b":{"0":[0],"1":[0,0]},"meta":{"lastBranch":2,"lastFunction":2,"lastStatement":7,"seen":{"f:1:0:1:Infinity":0,"s:11:33:11:Infinity":0,"b:11:21:11:26":0,"s:13:15:20:3":1,"f:13:15:13:24":1,"b:14:8:17:Infinity:undefined:undefined:undefined:undefined":1,"s:14:8:17:Infinity":2,"s:15:6:15:Infinity":3,"s:19:4:19:Infinity":4,"s:25:16:26:Infinity":5,"s:32:3:32:Infinity":6}}}
,"/Users/lorenzo/code/jbcb-championship/src/routes/new/components/category-type.svelte": {"path":"/Users/lorenzo/code/jbcb-championship/src/routes/new/components/category-type.svelte","statementMap":{"0":{"start":{"line":6,"column":33},"end":{"line":6,"column":62}},"1":{"start":{"line":22,"column":34},"end":{"line":22,"column":null}},"2":{"start":{"line":23,"column":34},"end":{"line":23,"column":null}}},"fnMap":{"0":{"name":"(anonymous_0)","decl":{"start":{"line":1,"column":0},"end":{"line":1,"column":null}},"loc":{"start":{"line":1,"column":0},"end":{"line":16,"column":null}},"line":1}},"branchMap":{},"s":{"0":0,"1":0,"2":0},"f":{"0":0},"b":{},"meta":{"lastBranch":0,"lastFunction":1,"lastStatement":3,"seen":{"f:1:0:1:Infinity":0,"s:6:33:6:62":0,"s:22:34:22:Infinity":1,"s:23:34:23:Infinity":2}}}
,"/Users/lorenzo/code/jbcb-championship/src/routes/new/components/new-athlete.svelte": {"path":"/Users/lorenzo/code/jbcb-championship/src/routes/new/components/new-athlete.svelte","statementMap":{"0":{"start":{"line":5,"column":20},"end":{"line":5,"column":22}},"1":{"start":{"line":6,"column":20},"end":{"line":6,"column":22}},"2":{"start":{"line":9,"column":9},"end":{"line":11,"column":null}},"3":{"start":{"line":12,"column":4},"end":{"line":12,"column":null}},"4":{"start":{"line":13,"column":4},"end":{"line":13,"column":null}},"5":{"start":{"line":28,"column":70},"end":{"line":28,"column":null}},"6":{"start":{"line":32,"column":41},"end":{"line":35,"column":null}},"7":{"start":{"line":34,"column":15},"end":{"line":34,"column":38}},"8":{"start":{"line":34,"column":48},"end":{"line":34,"column":null}},"9":{"start":{"line":35,"column":25},"end":{"line":35,"column":null}},"10":{"start":{"line":35,"column":38},"end":{"line":35,"column":null}},"11":{"start":{"line":42,"column":61},"end":{"line":42,"column":null}}},"fnMap":{"0":{"name":"(anonymous_0)","decl":{"start":{"line":1,"column":0},"end":{"line":1,"column":null}},"loc":{"start":{"line":1,"column":0},"end":{"line":15,"column":null}},"line":1},"1":{"name":"handleEnter","decl":{"start":{"line":8,"column":11},"end":{"line":8,"column":22}},"loc":{"start":{"line":8,"column":25},"end":{"line":14,"column":null}},"line":8},"2":{"name":"(anonymous_2)","decl":{"start":{"line":32,"column":45},"end":{"line":32,"column":null}},"loc":{"start":{"line":32,"column":45},"end":{"line":35,"column":null}},"line":32},"3":{"name":"(anonymous_3)","decl":{"start":{"line":35,"column":35},"end":{"line":35,"column":38}},"loc":{"start":{"line":35,"column":35},"end":{"line":35,"column":null}},"line":35}},"branchMap":{"0":{"loc":{"start":{"line":9,"column":9},"end":{"line":11,"column":null}},"type":"if","locations":[{"start":{"line":9,"column":9},"end":{"line":11,"column":null}},{"start":{},"end":{}}],"line":9}},"s":{"0":0,"1":0,"2":0,"3":0,"4":0,"5":0,"6":0,"7":0,"8":0,"9":0,"10":0,"11":0},"f":{"0":0,"1":0,"2":0,"3":0},"b":{"0":[0,0]},"meta":{"lastBranch":1,"lastFunction":4,"lastStatement":12,"seen":{"f:1:0:1:Infinity":0,"s:5:20:5:22":0,"s:6:20:6:22":1,"f:8:11:8:22":1,"b:9:9:11:Infinity:undefined:undefined:undefined:undefined":0,"s:9:9:11:Infinity":2,"s:12:4:12:Infinity":3,"s:13:4:13:Infinity":4,"s:28:70:28:Infinity":5,"s:32:41:35:Infinity":6,"f:32:45:32:Infinity":2,"s:34:15:34:38":7,"s:34:48:34:Infinity":8,"s:35:25:35:Infinity":9,"f:35:35:35:38":3,"s:35:38:35:Infinity":10,"s:42:61:42:Infinity":11}}}
,"/Users/lorenzo/code/jbcb-championship/src/routes/settings/+page.svelte": {"path":"/Users/lorenzo/code/jbcb-championship/src/routes/settings/+page.svelte","statementMap":{"0":{"start":{"line":8,"column":20},"end":{"line":8,"column":22}},"1":{"start":{"line":11,"column":9},"end":{"line":13,"column":null}},"2":{"start":{"line":14,"column":4},"end":{"line":14,"column":null}},"3":{"start":{"line":15,"column":4},"end":{"line":15,"column":null}},"4":{"start":{"line":19,"column":9},"end":{"line":21,"column":null}},"5":{"start":{"line":22,"column":4},"end":{"line":22,"column":null}},"6":{"start":{"line":39,"column":79},"end":{"line":39,"column":null}},"7":{"start":{"line":43,"column":21},"end":{"line":43,"column":null}},"8":{"start":{"line":51,"column":13},"end":{"line":51,"column":36}},"9":{"start":{"line":51,"column":40},"end":{"line":51,"column":null}},"10":{"start":{"line":53,"column":11},"end":{"line":53,"column":null}},"11":{"start":{"line":75,"column":20},"end":{"line":75,"column":null}},"12":{"start":{"line":80,"column":44},"end":{"line":80,"column":null}}},"fnMap":{"0":{"name":"(anonymous_0)","decl":{"start":{"line":1,"column":0},"end":{"line":1,"column":null}},"loc":{"start":{"line":1,"column":0},"end":{"line":24,"column":null}},"line":1},"1":{"name":"handleAdd","decl":{"start":{"line":10,"column":11},"end":{"line":10,"column":20}},"loc":{"start":{"line":10,"column":23},"end":{"line":16,"column":null}},"line":10},"2":{"name":"handleRemove","decl":{"start":{"line":18,"column":11},"end":{"line":18,"column":23}},"loc":{"start":{"line":18,"column":46},"end":{"line":23,"column":null}},"line":18}},"branchMap":{"0":{"loc":{"start":{"line":11,"column":9},"end":{"line":13,"column":null}},"type":"if","locations":[{"start":{"line":11,"column":9},"end":{"line":13,"column":null}},{"start":{},"end":{}}],"line":11},"1":{"loc":{"start":{"line":19,"column":9},"end":{"line":21,"column":null}},"type":"if","locations":[{"start":{"line":19,"column":9},"end":{"line":21,"column":null}},{"start":{},"end":{}}],"line":19}},"s":{"0":0,"1":0,"2":0,"3":0,"4":0,"5":0,"6":0,"7":0,"8":0,"9":0,"10":0,"11":0,"12":0},"f":{"0":0,"1":0,"2":0},"b":{"0":[0,0],"1":[0,0]},"meta":{"lastBranch":2,"lastFunction":3,"lastStatement":13,"seen":{"f:1:0:1:Infinity":0,"s:8:20:8:22":0,"f:10:11:10:20":1,"b:11:9:13:Infinity:undefined:undefined:undefined:undefined":0,"s:11:9:13:Infinity":1,"s:14:4:14:Infinity":2,"s:15:4:15:Infinity":3,"f:18:11:18:23":2,"b:19:9:21:Infinity:undefined:undefined:undefined:undefined":1,"s:19:9:21:Infinity":4,"s:22:4:22:Infinity":5,"s:39:79:39:Infinity":6,"s:43:21:43:Infinity":7,"s:51:13:51:36":8,"s:51:40:51:Infinity":9,"s:53:11:53:Infinity":10,"s:75:20:75:Infinity":11,"s:80:44:80:Infinity":12}}}
}
