{"/Users/lorenzo/code/jbcb-championship/src/app.d.ts": {"path":"/Users/lorenzo/code/jbcb-championship/src/app.d.ts","statementMap":{},"fnMap":{},"branchMap":{},"s":{},"f":{},"b":{},"meta":{"lastBranch":0,"lastFunction":0,"lastStatement":0,"seen":{}}}
,"/Users/lorenzo/code/jbcb-championship/src/info.d.ts": {"path":"/Users/lorenzo/code/jbcb-championship/src/info.d.ts","statementMap":{},"fnMap":{},"branchMap":{},"s":{},"f":{},"b":{},"meta":{"lastBranch":0,"lastFunction":0,"lastStatement":0,"seen":{}}}
,"/Users/lorenzo/code/jbcb-championship/src/lib/components/athlete-list.svelte": {"path":"/Users/lorenzo/code/jbcb-championship/src/lib/components/athlete-list.svelte","statementMap":{"0":{"start":{"line":29,"column":19},"end":{"line":29,"column":75}},"1":{"start":{"line":30,"column":24},"end":{"line":30,"column":74}},"2":{"start":{"line":33,"column":5},"end":{"line":33,"column":null}},"3":{"start":{"line":37,"column":9},"end":{"line":37,"column":21}},"4":{"start":{"line":37,"column":28},"end":{"line":37,"column":null}},"5":{"start":{"line":41,"column":31},"end":{"line":41,"column":null}},"6":{"start":{"line":42,"column":13},"end":{"line":43,"column":null}},"7":{"start":{"line":43,"column":32},"end":{"line":43,"column":null}},"8":{"start":{"line":46,"column":11},"end":{"line":47,"column":null}},"9":{"start":{"line":47,"column":31},"end":{"line":47,"column":null}},"10":{"start":{"line":49,"column":11},"end":{"line":54,"column":null}},"11":{"start":{"line":52,"column":17},"end":{"line":52,"column":null}},"12":{"start":{"line":54,"column":60},"end":{"line":54,"column":null}},"13":{"start":{"line":60,"column":7},"end":{"line":60,"column":null}}},"fnMap":{"0":{"name":"(anonymous_0)","decl":{"start":{"line":1,"column":0},"end":{"line":1,"column":null}},"loc":{"start":{"line":1,"column":0},"end":{"line":31,"column":null}},"line":1}},"branchMap":{"0":{"loc":{"start":{"line":24,"column":4},"end":{"line":24,"column":21}},"type":"default-arg","locations":[{"start":{"line":24,"column":17},"end":{"line":24,"column":21}}],"line":24},"1":{"loc":{"start":{"line":25,"column":4},"end":{"line":25,"column":24}},"type":"default-arg","locations":[{"start":{"line":25,"column":22},"end":{"line":25,"column":24}}],"line":25},"2":{"loc":{"start":{"line":26,"column":4},"end":{"line":26,"column":null}},"type":"default-arg","locations":[{"start":{"line":26,"column":16},"end":{"line":26,"column":null}}],"line":26},"3":{"loc":{"start":{"line":29,"column":19},"end":{"line":29,"column":75}},"type":"cond-expr","locations":[{"start":{"line":29,"column":29},"end":{"line":29,"column":70}},{"start":{"line":29,"column":70},"end":{"line":29,"column":75}}],"line":29},"4":{"loc":{"start":{"line":30,"column":24},"end":{"line":30,"column":74}},"type":"binary-expr","locations":[{"start":{"line":30,"column":24},"end":{"line":30,"column":32}},{"start":{"line":30,"column":36},"end":{"line":30,"column":74}}],"line":30},"5":{"loc":{"start":{"line":33,"column":5},"end":{"line":33,"column":null}},"type":"if","locations":[{"start":{"line":33,"column":5},"end":{"line":33,"column":null}}],"line":33},"6":{"loc":{"start":{"line":33,"column":5},"end":{"line":33,"column":37}},"type":"binary-expr","locations":[{"start":{"line":33,"column":5},"end":{"line":33,"column":14}},{"start":{"line":33,"column":18},"end":{"line":33,"column":37}}],"line":33},"7":{"loc":{"start":{"line":42,"column":13},"end":{"line":43,"column":null}},"type":"if","locations":[{"start":{"line":42,"column":13},"end":{"line":43,"column":null}}],"line":42},"8":{"loc":{"start":{"line":46,"column":11},"end":{"line":47,"column":null}},"type":"if","locations":[{"start":{"line":46,"column":11},"end":{"line":47,"column":null}}],"line":46},"9":{"loc":{"start":{"line":49,"column":11},"end":{"line":54,"column":null}},"type":"if","locations":[{"start":{"line":49,"column":11},"end":{"line":54,"column":null}}],"line":49},"10":{"loc":{"start":{"line":60,"column":7},"end":{"line":60,"column":null}},"type":"if","locations":[{"start":{"line":60,"column":7},"end":{"line":60,"column":null}}],"line":60}},"s":{"0":0,"1":0,"2":0,"3":0,"4":0,"5":0,"6":0,"7":0,"8":0,"9":0,"10":0,"11":0,"12":0,"13":0},"f":{"0":0},"b":{"0":[0],"1":[0],"2":[0],"3":[0,0],"4":[0,0],"5":[0,null],"6":[0,0],"7":[0,null],"8":[0,null],"9":[0,null],"10":[0,null]},"meta":{"lastBranch":11,"lastFunction":1,"lastStatement":14,"seen":{"f:1:0:1:Infinity":0,"b:24:17:24:21":0,"b:25:22:25:24":1,"b:26:16:26:Infinity":2,"s:29:19:29:75":0,"b:29:29:29:70:29:70:29:75":3,"s:30:24:30:74":1,"b:30:24:30:32:30:36:30:74":4,"b:33:5:33:Infinity":5,"s:33:5:33:Infinity":2,"b:33:5:33:14:33:18:33:37":6,"s:37:9:37:21":3,"s:37:28:37:Infinity":4,"s:41:31:41:Infinity":5,"b:42:13:43:Infinity":7,"s:42:13:43:Infinity":6,"s:43:32:43:Infinity":7,"b:46:11:47:Infinity":8,"s:46:11:47:Infinity":8,"s:47:31:47:Infinity":9,"b:49:11:54:Infinity":9,"s:49:11:54:Infinity":10,"s:52:17:52:Infinity":11,"s:54:60:54:Infinity":12,"b:60:7:60:Infinity":10,"s:60:7:60:Infinity":13}}}
,"/Users/lorenzo/code/jbcb-championship/src/lib/components/card.svelte": {"path":"/Users/lorenzo/code/jbcb-championship/src/lib/components/card.svelte","statementMap":{"0":{"start":{"line":8,"column":38},"end":{"line":8,"column":null}},"1":{"start":{"line":17,"column":18},"end":{"line":18,"column":33}},"2":{"start":{"line":18,"column":33},"end":{"line":18,"column":null}}},"fnMap":{"0":{"name":"(anonymous_0)","decl":{"start":{"line":1,"column":0},"end":{"line":1,"column":null}},"loc":{"start":{"line":1,"column":0},"end":{"line":9,"column":null}},"line":1}},"branchMap":{"0":{"loc":{"start":{"line":8,"column":10},"end":{"line":8,"column":26}},"type":"default-arg","locations":[{"start":{"line":8,"column":21},"end":{"line":8,"column":26}}],"line":8},"1":{"loc":{"start":{"line":17,"column":26},"end":{"line":18,"column":30}},"type":"cond-expr","locations":[{"start":{"line":18,"column":20},"end":{"line":18,"column":24}},{"start":{"line":18,"column":27},"end":{"line":18,"column":30}}],"line":17}},"s":{"0":0,"1":0,"2":0},"f":{"0":0},"b":{"0":[0],"1":[0,0]},"meta":{"lastBranch":2,"lastFunction":1,"lastStatement":3,"seen":{"f:1:0:1:Infinity":0,"s:8:38:8:Infinity":0,"b:8:21:8:26":0,"s:17:18:18:33":1,"b:18:20:18:24:18:27:18:30":1,"s:18:33:18:Infinity":2}}}
,"/Users/lorenzo/code/jbcb-championship/src/lib/components/category-move-dialog.svelte": {"path":"/Users/lorenzo/code/jbcb-championship/src/lib/components/category-move-dialog.svelte","statementMap":{"0":{"start":{"line":23,"column":32},"end":{"line":23,"column":null}},"1":{"start":{"line":25,"column":18},"end":{"line":29,"column":null}},"2":{"start":{"line":28,"column":28},"end":{"line":28,"column":37}},"3":{"start":{"line":29,"column":27},"end":{"line":29,"column":null}},"4":{"start":{"line":33,"column":19},"end":{"line":33,"column":null}},"5":{"start":{"line":35,"column":15},"end":{"line":35,"column":null}},"6":{"start":{"line":38,"column":9},"end":{"line":40,"column":null}},"7":{"start":{"line":42,"column":8},"end":{"line":70,"column":null}},"8":{"start":{"line":43,"column":16},"end":{"line":52,"column":null}},"9":{"start":{"line":54,"column":6},"end":{"line":54,"column":null}},"10":{"start":{"line":55,"column":6},"end":{"line":55,"column":null}},"11":{"start":{"line":57,"column":19},"end":{"line":58,"column":null}},"12":{"start":{"line":60,"column":6},"end":{"line":60,"column":null}},"13":{"start":{"line":62,"column":12},"end":{"line":64,"column":null}},"14":{"start":{"line":67,"column":6},"end":{"line":67,"column":null}},"15":{"start":{"line":69,"column":6},"end":{"line":69,"column":null}},"16":{"start":{"line":89,"column":38},"end":{"line":89,"column":67}},"17":{"start":{"line":92,"column":21},"end":{"line":92,"column":41}},"18":{"start":{"line":92,"column":45},"end":{"line":92,"column":null}},"19":{"start":{"line":94,"column":37},"end":{"line":94,"column":null}},"20":{"start":{"line":108,"column":23},"end":{"line":108,"column":null}},"21":{"start":{"line":122,"column":12},"end":{"line":122,"column":21}},"22":{"start":{"line":125,"column":22},"end":{"line":125,"column":null}},"23":{"start":{"line":126,"column":28},"end":{"line":126,"column":null}},"24":{"start":{"line":121,"column":14},"end":{"line":122,"column":21}}},"fnMap":{"0":{"name":"(anonymous_0)","decl":{"start":{"line":1,"column":0},"end":{"line":1,"column":null}},"loc":{"start":{"line":1,"column":0},"end":{"line":72,"column":null}},"line":1},"1":{"name":"(anonymous_1)","decl":{"start":{"line":28,"column":18},"end":{"line":28,"column":20}},"loc":{"start":{"line":28,"column":28},"end":{"line":28,"column":37}},"line":28},"2":{"name":"(anonymous_2)","decl":{"start":{"line":29,"column":17},"end":{"line":29,"column":19}},"loc":{"start":{"line":29,"column":27},"end":{"line":29,"column":null}},"line":29},"3":{"name":"onFormSubmit","decl":{"start":{"line":37,"column":17},"end":{"line":37,"column":29}},"loc":{"start":{"line":37,"column":32},"end":{"line":71,"column":null}},"line":37},"4":{"name":"(anonymous_4)","decl":{"start":{"line":89,"column":27},"end":{"line":89,"column":34}},"loc":{"start":{"line":89,"column":38},"end":{"line":89,"column":67}},"line":89},"5":{"name":"children","decl":{"start":{"line":122,"column":12},"end":{"line":122,"column":20}},"loc":{"start":{"line":122,"column":26},"end":{"line":126,"column":null}},"line":122}},"branchMap":{"0":{"loc":{"start":{"line":38,"column":9},"end":{"line":40,"column":null}},"type":"if","locations":[{"start":{"line":38,"column":9},"end":{"line":40,"column":null}},{"start":{},"end":{}}],"line":38}},"s":{"0":0,"1":0,"2":0,"3":0,"4":0,"5":0,"6":0,"7":0,"8":0,"9":0,"10":0,"11":0,"12":0,"13":0,"14":0,"15":0,"16":0,"17":0,"18":0,"19":0,"20":0,"21":0,"22":0,"23":0,"24":0},"f":{"0":0,"1":0,"2":0,"3":0,"4":0,"5":0},"b":{"0":[0,0]},"meta":{"lastBranch":1,"lastFunction":6,"lastStatement":25,"seen":{"f:1:0:1:Infinity":0,"s:23:32:23:Infinity":0,"s:25:18:29:Infinity":1,"f:28:18:28:20":1,"s:28:28:28:37":2,"f:29:17:29:19":2,"s:29:27:29:Infinity":3,"s:33:19:33:Infinity":4,"s:35:15:35:Infinity":5,"f:37:17:37:29":3,"b:38:9:40:Infinity:undefined:undefined:undefined:undefined":0,"s:38:9:40:Infinity":6,"s:42:8:70:Infinity":7,"s:43:16:52:Infinity":8,"s:54:6:54:Infinity":9,"s:55:6:55:Infinity":10,"s:57:19:58:Infinity":11,"s:60:6:60:Infinity":12,"s:62:12:64:Infinity":13,"s:67:6:67:Infinity":14,"s:69:6:69:Infinity":15,"f:89:27:89:34":4,"s:89:38:89:67":16,"s:92:21:92:41":17,"s:92:45:92:Infinity":18,"s:94:37:94:Infinity":19,"s:108:23:108:Infinity":20,"s:122:12:122:21":21,"f:122:12:122:20":5,"s:125:22:125:Infinity":22,"s:126:28:126:Infinity":23,"s:121:14:122:21":24}}}
,"/Users/lorenzo/code/jbcb-championship/src/lib/components/light-switch.svelte": {"path":"/Users/lorenzo/code/jbcb-championship/src/lib/components/light-switch.svelte","statementMap":{"0":{"start":{"line":7,"column":23},"end":{"line":7,"column":28}},"1":{"start":{"line":14,"column":23},"end":{"line":19,"column":3}},"2":{"start":{"line":15,"column":17},"end":{"line":15,"column":49}},"3":{"start":{"line":16,"column":4},"end":{"line":16,"column":null}},"4":{"start":{"line":17,"column":4},"end":{"line":17,"column":null}},"5":{"start":{"line":18,"column":4},"end":{"line":18,"column":null}},"6":{"start":{"line":33,"column":18},"end":{"line":33,"column":27}},"7":{"start":{"line":34,"column":15},"end":{"line":34,"column":null}}},"fnMap":{"0":{"name":"(anonymous_0)","decl":{"start":{"line":1,"column":0},"end":{"line":1,"column":null}},"loc":{"start":{"line":1,"column":0},"end":{"line":20,"column":null}},"line":1},"1":{"name":"(anonymous_1)","decl":{"start":{"line":14,"column":23},"end":{"line":14,"column":27}},"loc":{"start":{"line":14,"column":59},"end":{"line":19,"column":3}},"line":14},"2":{"name":"children","decl":{"start":{"line":33,"column":18},"end":{"line":33,"column":26}},"loc":{"start":{"line":33,"column":34},"end":{"line":34,"column":null}},"line":33}},"branchMap":{"0":{"loc":{"start":{"line":15,"column":17},"end":{"line":15,"column":49}},"type":"cond-expr","locations":[{"start":{"line":15,"column":33},"end":{"line":15,"column":39}},{"start":{"line":15,"column":42},"end":{"line":15,"column":49}}],"line":15},"1":{"loc":{"start":{"line":34,"column":15},"end":{"line":34,"column":null}},"type":"if","locations":[{"start":{"line":34,"column":15},"end":{"line":34,"column":null}}],"line":34}},"s":{"0":0,"1":0,"2":0,"3":0,"4":0,"5":0,"6":0,"7":0},"f":{"0":0,"1":0,"2":0},"b":{"0":[0,0],"1":[0,null]},"meta":{"lastBranch":2,"lastFunction":3,"lastStatement":8,"seen":{"f:1:0:1:Infinity":0,"s:7:23:7:28":0,"s:14:23:19:3":1,"f:14:23:14:27":1,"s:15:17:15:49":2,"b:15:33:15:39:15:42:15:49":0,"s:16:4:16:Infinity":3,"s:17:4:17:Infinity":4,"s:18:4:18:Infinity":5,"s:33:18:33:27":6,"f:33:18:33:26":2,"b:34:15:34:Infinity":1,"s:34:15:34:Infinity":7}}}
,"/Users/lorenzo/code/jbcb-championship/src/lib/components/loading-spinner.svelte": {"path":"/Users/lorenzo/code/jbcb-championship/src/lib/components/loading-spinner.svelte","statementMap":{},"fnMap":{},"branchMap":{},"s":{},"f":{},"b":{},"meta":{"lastBranch":0,"lastFunction":0,"lastStatement":0,"seen":{}}}
,"/Users/lorenzo/code/jbcb-championship/src/lib/components/move-button.svelte": {"path":"/Users/lorenzo/code/jbcb-championship/src/lib/components/move-button.svelte","statementMap":{"0":{"start":{"line":11,"column":19},"end":{"line":11,"column":null}},"1":{"start":{"line":12,"column":20},"end":{"line":12,"column":25}},"2":{"start":{"line":15,"column":33},"end":{"line":15,"column":52}},"3":{"start":{"line":19,"column":23},"end":{"line":19,"column":null}},"4":{"start":{"line":19,"column":53},"end":{"line":19,"column":65}}},"fnMap":{"0":{"name":"(anonymous_0)","decl":{"start":{"line":1,"column":0},"end":{"line":1,"column":null}},"loc":{"start":{"line":1,"column":0},"end":{"line":13,"column":null}},"line":1},"1":{"name":"(anonymous_1)","decl":{"start":{"line":15,"column":22},"end":{"line":15,"column":29}},"loc":{"start":{"line":15,"column":33},"end":{"line":15,"column":52}},"line":15},"2":{"name":"(anonymous_2)","decl":{"start":{"line":19,"column":32},"end":{"line":19,"column":53}},"loc":{"start":{"line":19,"column":53},"end":{"line":19,"column":65}},"line":19}},"branchMap":{},"s":{"0":0,"1":0,"2":0,"3":0,"4":0},"f":{"0":0,"1":0,"2":0},"b":{},"meta":{"lastBranch":0,"lastFunction":3,"lastStatement":5,"seen":{"f:1:0:1:Infinity":0,"s:11:19:11:Infinity":0,"s:12:20:12:25":1,"f:15:22:15:29":1,"s:15:33:15:52":2,"s:19:23:19:Infinity":3,"f:19:32:19:53":2,"s:19:53:19:65":4}}}
,"/Users/lorenzo/code/jbcb-championship/src/lib/icons/add.svelte": {"path":"/Users/lorenzo/code/jbcb-championship/src/lib/icons/add.svelte","statementMap":{"0":{"start":{"line":6,"column":18},"end":{"line":6,"column":null}}},"fnMap":{"0":{"name":"(anonymous_0)","decl":{"start":{"line":1,"column":0},"end":{"line":1,"column":null}},"loc":{"start":{"line":1,"column":0},"end":{"line":7,"column":null}},"line":1}},"branchMap":{},"s":{"0":0},"f":{"0":0},"b":{},"meta":{"lastBranch":0,"lastFunction":1,"lastStatement":1,"seen":{"f:1:0:1:Infinity":0,"s:6:18:6:Infinity":0}}}
,"/Users/lorenzo/code/jbcb-championship/src/lib/icons/delete.svelte": {"path":"/Users/lorenzo/code/jbcb-championship/src/lib/icons/delete.svelte","statementMap":{"0":{"start":{"line":6,"column":18},"end":{"line":6,"column":null}}},"fnMap":{"0":{"name":"(anonymous_0)","decl":{"start":{"line":1,"column":0},"end":{"line":1,"column":null}},"loc":{"start":{"line":1,"column":0},"end":{"line":7,"column":null}},"line":1}},"branchMap":{},"s":{"0":0},"f":{"0":0},"b":{},"meta":{"lastBranch":0,"lastFunction":1,"lastStatement":1,"seen":{"f:1:0:1:Infinity":0,"s:6:18:6:Infinity":0}}}
,"/Users/lorenzo/code/jbcb-championship/src/lib/icons/moon.svelte": {"path":"/Users/lorenzo/code/jbcb-championship/src/lib/icons/moon.svelte","statementMap":{"0":{"start":{"line":6,"column":18},"end":{"line":6,"column":null}}},"fnMap":{"0":{"name":"(anonymous_0)","decl":{"start":{"line":1,"column":0},"end":{"line":1,"column":null}},"loc":{"start":{"line":1,"column":0},"end":{"line":7,"column":null}},"line":1}},"branchMap":{},"s":{"0":0},"f":{"0":0},"b":{},"meta":{"lastBranch":0,"lastFunction":1,"lastStatement":1,"seen":{"f:1:0:1:Infinity":0,"s:6:18:6:Infinity":0}}}
,"/Users/lorenzo/code/jbcb-championship/src/lib/icons/move-icon.svelte": {"path":"/Users/lorenzo/code/jbcb-championship/src/lib/icons/move-icon.svelte","statementMap":{"0":{"start":{"line":6,"column":18},"end":{"line":6,"column":null}}},"fnMap":{"0":{"name":"(anonymous_0)","decl":{"start":{"line":1,"column":0},"end":{"line":1,"column":null}},"loc":{"start":{"line":1,"column":0},"end":{"line":7,"column":null}},"line":1}},"branchMap":{},"s":{"0":0},"f":{"0":0},"b":{},"meta":{"lastBranch":0,"lastFunction":1,"lastStatement":1,"seen":{"f:1:0:1:Infinity":0,"s:6:18:6:Infinity":0}}}
,"/Users/lorenzo/code/jbcb-championship/src/lib/icons/reload.svelte": {"path":"/Users/lorenzo/code/jbcb-championship/src/lib/icons/reload.svelte","statementMap":{},"fnMap":{},"branchMap":{},"s":{},"f":{},"b":{},"meta":{"lastBranch":0,"lastFunction":0,"lastStatement":0,"seen":{}}}
,"/Users/lorenzo/code/jbcb-championship/src/lib/icons/settings.svelte": {"path":"/Users/lorenzo/code/jbcb-championship/src/lib/icons/settings.svelte","statementMap":{"0":{"start":{"line":6,"column":18},"end":{"line":6,"column":null}}},"fnMap":{"0":{"name":"(anonymous_0)","decl":{"start":{"line":1,"column":0},"end":{"line":1,"column":null}},"loc":{"start":{"line":1,"column":0},"end":{"line":7,"column":null}},"line":1}},"branchMap":{},"s":{"0":0},"f":{"0":0},"b":{},"meta":{"lastBranch":0,"lastFunction":1,"lastStatement":1,"seen":{"f:1:0:1:Infinity":0,"s:6:18:6:Infinity":0}}}
,"/Users/lorenzo/code/jbcb-championship/src/lib/icons/subtract.svelte": {"path":"/Users/lorenzo/code/jbcb-championship/src/lib/icons/subtract.svelte","statementMap":{"0":{"start":{"line":6,"column":18},"end":{"line":6,"column":null}}},"fnMap":{"0":{"name":"(anonymous_0)","decl":{"start":{"line":1,"column":0},"end":{"line":1,"column":null}},"loc":{"start":{"line":1,"column":0},"end":{"line":7,"column":null}},"line":1}},"branchMap":{},"s":{"0":0},"f":{"0":0},"b":{},"meta":{"lastBranch":0,"lastFunction":1,"lastStatement":1,"seen":{"f:1:0:1:Infinity":0,"s:6:18:6:Infinity":0}}}
,"/Users/lorenzo/code/jbcb-championship/src/lib/icons/sun.svelte": {"path":"/Users/lorenzo/code/jbcb-championship/src/lib/icons/sun.svelte","statementMap":{"0":{"start":{"line":6,"column":18},"end":{"line":6,"column":null}}},"fnMap":{"0":{"name":"(anonymous_0)","decl":{"start":{"line":1,"column":0},"end":{"line":1,"column":null}},"loc":{"start":{"line":1,"column":0},"end":{"line":7,"column":null}},"line":1}},"branchMap":{},"s":{"0":0},"f":{"0":0},"b":{},"meta":{"lastBranch":0,"lastFunction":1,"lastStatement":1,"seen":{"f:1:0:1:Infinity":0,"s:6:18:6:Infinity":0}}}
,"/Users/lorenzo/code/jbcb-championship/src/lib/state/athletes-state.svelte.ts": {"path":"/Users/lorenzo/code/jbcb-championship/src/lib/state/athletes-state.svelte.ts","statementMap":{"0":{"start":{"line":6,"column":2},"end":{"line":6,"column":null}},"1":{"start":{"line":9,"column":11},"end":{"line":9,"column":null}},"2":{"start":{"line":13,"column":4},"end":{"line":17,"column":null}},"3":{"start":{"line":23,"column":4},"end":{"line":23,"column":null}},"4":{"start":{"line":23,"column":54},"end":{"line":23,"column":71}},"5":{"start":{"line":27,"column":4},"end":{"line":27,"column":null}},"6":{"start":{"line":31,"column":11},"end":{"line":31,"column":null}},"7":{"start":{"line":35,"column":13},"end":{"line":35,"column":null}}},"fnMap":{"0":{"name":"(anonymous_0)","decl":{"start":{"line":8,"column":6},"end":{"line":8,"column":17}},"loc":{"start":{"line":8,"column":17},"end":{"line":10,"column":null}},"line":8},"1":{"name":"(anonymous_1)","decl":{"start":{"line":12,"column":2},"end":{"line":12,"column":13}},"loc":{"start":{"line":12,"column":58},"end":{"line":20,"column":null}},"line":12},"2":{"name":"(anonymous_2)","decl":{"start":{"line":22,"column":2},"end":{"line":22,"column":16}},"loc":{"start":{"line":22,"column":28},"end":{"line":24,"column":null}},"line":22},"3":{"name":"(anonymous_3)","decl":{"start":{"line":23,"column":36},"end":{"line":23,"column":43}},"loc":{"start":{"line":23,"column":54},"end":{"line":23,"column":71}},"line":23},"4":{"name":"(anonymous_4)","decl":{"start":{"line":26,"column":2},"end":{"line":26,"column":18}},"loc":{"start":{"line":26,"column":18},"end":{"line":28,"column":null}},"line":26},"5":{"name":"(anonymous_5)","decl":{"start":{"line":30,"column":2},"end":{"line":30,"column":16}},"loc":{"start":{"line":30,"column":16},"end":{"line":32,"column":null}},"line":30}},"branchMap":{},"s":{"0":0,"1":0,"2":0,"3":0,"4":0,"5":0,"6":0,"7":0},"f":{"0":0,"1":0,"2":0,"3":0,"4":0,"5":0},"b":{},"meta":{"lastBranch":0,"lastFunction":6,"lastStatement":8,"seen":{"s:6:2:6:Infinity":0,"f:8:6:8:17":0,"s:9:11:9:Infinity":1,"f:12:2:12:13":1,"s:13:4:17:Infinity":2,"f:22:2:22:16":2,"s:23:4:23:Infinity":3,"f:23:36:23:43":3,"s:23:54:23:71":4,"f:26:2:26:18":4,"s:27:4:27:Infinity":5,"f:30:2:30:16":5,"s:31:11:31:Infinity":6,"s:35:13:35:Infinity":7}}}
,"/Users/lorenzo/code/jbcb-championship/src/lib/state/categories-not-started-state.svelte.ts": {"path":"/Users/lorenzo/code/jbcb-championship/src/lib/state/categories-not-started-state.svelte.ts","statementMap":{"0":{"start":{"line":4,"column":2},"end":{"line":4,"column":null}},"1":{"start":{"line":7,"column":11},"end":{"line":7,"column":null}},"2":{"start":{"line":11,"column":13},"end":{"line":11,"column":null}}},"fnMap":{"0":{"name":"(anonymous_0)","decl":{"start":{"line":6,"column":2},"end":{"line":6,"column":11}},"loc":{"start":{"line":6,"column":11},"end":{"line":8,"column":null}},"line":6}},"branchMap":{},"s":{"0":0,"1":0,"2":0},"f":{"0":0},"b":{},"meta":{"lastBranch":0,"lastFunction":1,"lastStatement":3,"seen":{"s:4:2:4:Infinity":0,"f:6:2:6:11":0,"s:7:11:7:Infinity":1,"s:11:13:11:Infinity":2}}}
,"/Users/lorenzo/code/jbcb-championship/src/lib/state/category-name-state.svelte.ts": {"path":"/Users/lorenzo/code/jbcb-championship/src/lib/state/category-name-state.svelte.ts","statementMap":{"0":{"start":{"line":2,"column":24},"end":{"line":2,"column":26}},"1":{"start":{"line":5,"column":13},"end":{"line":5,"column":null}}},"fnMap":{},"branchMap":{},"s":{"0":0,"1":0},"f":{},"b":{},"meta":{"lastBranch":0,"lastFunction":0,"lastStatement":2,"seen":{"s:2:24:2:26":0,"s:5:13:5:Infinity":1}}}
,"/Users/lorenzo/code/jbcb-championship/src/lib/state/category-type-state.svelte.ts": {"path":"/Users/lorenzo/code/jbcb-championship/src/lib/state/category-type-state.svelte.ts","statementMap":{"0":{"start":{"line":3,"column":13},"end":{"line":6,"column":null}},"1":{"start":{"line":10,"column":41},"end":{"line":10,"column":45}},"2":{"start":{"line":13,"column":13},"end":{"line":13,"column":null}}},"fnMap":{},"branchMap":{},"s":{"0":0,"1":0,"2":0},"f":{},"b":{},"meta":{"lastBranch":0,"lastFunction":0,"lastStatement":3,"seen":{"s:3:13:6:Infinity":0,"s:10:41:10:45":1,"s:13:13:13:Infinity":2}}}
,"/Users/lorenzo/code/jbcb-championship/src/lib/state/duration-state.svelte.ts": {"path":"/Users/lorenzo/code/jbcb-championship/src/lib/state/duration-state.svelte.ts","statementMap":{"0":{"start":{"line":2,"column":28},"end":{"line":2,"column":39}},"1":{"start":{"line":5,"column":13},"end":{"line":5,"column":null}}},"fnMap":{},"branchMap":{},"s":{"0":0,"1":0},"f":{},"b":{},"meta":{"lastBranch":0,"lastFunction":0,"lastStatement":2,"seen":{"s:2:28:2:39":0,"s:5:13:5:Infinity":1}}}
,"/Users/lorenzo/code/jbcb-championship/src/lib/state/local-state.svelte.ts": {"path":"/Users/lorenzo/code/jbcb-championship/src/lib/state/local-state.svelte.ts","statementMap":{"0":{"start":{"line":5,"column":9},"end":{"line":5,"column":null}},"1":{"start":{"line":8,"column":4},"end":{"line":8,"column":null}},"2":{"start":{"line":9,"column":4},"end":{"line":9,"column":null}},"3":{"start":{"line":11,"column":8},"end":{"line":16,"column":null}},"4":{"start":{"line":12,"column":19},"end":{"line":12,"column":null}},"5":{"start":{"line":13,"column":10},"end":{"line":15,"column":null}},"6":{"start":{"line":14,"column":8},"end":{"line":14,"column":null}},"7":{"start":{"line":27,"column":11},"end":{"line":27,"column":null}},"8":{"start":{"line":31,"column":11},"end":{"line":31,"column":null}},"9":{"start":{"line":35,"column":11},"end":{"line":35,"column":null}},"10":{"start":{"line":39,"column":4},"end":{"line":39,"column":null}},"11":{"start":{"line":44,"column":13},"end":{"line":44,"column":null}}},"fnMap":{"0":{"name":"(anonymous_0)","decl":{"start":{"line":7,"column":2},"end":{"line":7,"column":14}},"loc":{"start":{"line":7,"column":37},"end":{"line":24,"column":null}},"line":7},"1":{"name":"(anonymous_1)","decl":{"start":{"line":26,"column":2},"end":{"line":26,"column":13}},"loc":{"start":{"line":26,"column":31},"end":{"line":28,"column":null}},"line":26},"2":{"name":"(anonymous_2)","decl":{"start":{"line":30,"column":2},"end":{"line":30,"column":15}},"loc":{"start":{"line":30,"column":32},"end":{"line":32,"column":null}},"line":30},"3":{"name":"(anonymous_3)","decl":{"start":{"line":34,"column":6},"end":{"line":34,"column":19}},"loc":{"start":{"line":34,"column":19},"end":{"line":36,"column":null}},"line":34},"4":{"name":"(anonymous_4)","decl":{"start":{"line":38,"column":6},"end":{"line":38,"column":14}},"loc":{"start":{"line":38,"column":24},"end":{"line":40,"column":null}},"line":38},"5":{"name":"localStore","decl":{"start":{"line":43,"column":16},"end":{"line":43,"column":30}},"loc":{"start":{"line":43,"column":53},"end":{"line":45,"column":null}},"line":43}},"branchMap":{"0":{"loc":{"start":{"line":11,"column":8},"end":{"line":16,"column":null}},"type":"if","locations":[{"start":{"line":11,"column":8},"end":{"line":16,"column":null}},{"start":{},"end":{}}],"line":11},"1":{"loc":{"start":{"line":13,"column":10},"end":{"line":15,"column":null}},"type":"if","locations":[{"start":{"line":13,"column":10},"end":{"line":15,"column":null}},{"start":{},"end":{}}],"line":13}},"s":{"0":4,"1":4,"2":4,"3":4,"4":4,"5":4,"6":0,"7":0,"8":0,"9":4,"10":3,"11":0},"f":{"0":4,"1":0,"2":0,"3":4,"4":3,"5":0},"b":{"0":[4,0],"1":[0,4]},"meta":{"lastBranch":2,"lastFunction":6,"lastStatement":12,"seen":{"s:5:9:5:Infinity":0,"f:7:2:7:14":0,"s:8:4:8:Infinity":1,"s:9:4:9:Infinity":2,"b:11:8:16:Infinity:undefined:undefined:undefined:undefined":0,"s:11:8:16:Infinity":3,"s:12:19:12:Infinity":4,"b:13:10:15:Infinity:undefined:undefined:undefined:undefined":1,"s:13:10:15:Infinity":5,"s:14:8:14:Infinity":6,"f:26:2:26:13":1,"s:27:11:27:Infinity":7,"f:30:2:30:15":2,"s:31:11:31:Infinity":8,"f:34:6:34:19":3,"s:35:11:35:Infinity":9,"f:38:6:38:14":4,"s:39:4:39:Infinity":10,"f:43:16:43:30":5,"s:44:13:44:Infinity":11}}}
,"/Users/lorenzo/code/jbcb-championship/src/lib/state/original-cateogry-id-state.svelte.ts": {"path":"/Users/lorenzo/code/jbcb-championship/src/lib/state/original-cateogry-id-state.svelte.ts","statementMap":{"0":{"start":{"line":2,"column":22},"end":{"line":2,"column":24}},"1":{"start":{"line":5,"column":13},"end":{"line":5,"column":null}}},"fnMap":{},"branchMap":{},"s":{"0":0,"1":0},"f":{},"b":{},"meta":{"lastBranch":0,"lastFunction":0,"lastStatement":2,"seen":{"s:2:22:2:24":0,"s:5:13:5:Infinity":1}}}
,"/Users/lorenzo/code/jbcb-championship/src/lib/state/settings-state.svelte.ts": {"path":"/Users/lorenzo/code/jbcb-championship/src/lib/state/settings-state.svelte.ts","statementMap":{"0":{"start":{"line":4,"column":2},"end":{"line":4,"column":null}},"1":{"start":{"line":7,"column":11},"end":{"line":7,"column":null}},"2":{"start":{"line":11,"column":4},"end":{"line":11,"column":null}},"3":{"start":{"line":15,"column":4},"end":{"line":15,"column":null}},"4":{"start":{"line":15,"column":61},"end":{"line":15,"column":82}},"5":{"start":{"line":19,"column":13},"end":{"line":19,"column":null}}},"fnMap":{"0":{"name":"(anonymous_0)","decl":{"start":{"line":6,"column":6},"end":{"line":6,"column":14}},"loc":{"start":{"line":6,"column":14},"end":{"line":8,"column":null}},"line":6},"1":{"name":"(anonymous_1)","decl":{"start":{"line":10,"column":2},"end":{"line":10,"column":10}},"loc":{"start":{"line":10,"column":27},"end":{"line":12,"column":null}},"line":10},"2":{"name":"(anonymous_2)","decl":{"start":{"line":14,"column":2},"end":{"line":14,"column":13}},"loc":{"start":{"line":14,"column":35},"end":{"line":16,"column":null}},"line":14},"3":{"name":"(anonymous_3)","decl":{"start":{"line":15,"column":46},"end":{"line":15,"column":53}},"loc":{"start":{"line":15,"column":61},"end":{"line":15,"column":82}},"line":15}},"branchMap":{},"s":{"0":0,"1":0,"2":0,"3":0,"4":0,"5":0},"f":{"0":0,"1":0,"2":0,"3":0},"b":{},"meta":{"lastBranch":0,"lastFunction":4,"lastStatement":6,"seen":{"s:4:2:4:Infinity":0,"f:6:6:6:14":0,"s:7:11:7:Infinity":1,"f:10:2:10:10":1,"s:11:4:11:Infinity":2,"f:14:2:14:13":2,"s:15:4:15:Infinity":3,"f:15:46:15:53":3,"s:15:61:15:82":4,"s:19:13:19:Infinity":5}}}
,"/Users/lorenzo/code/jbcb-championship/src/lib/state/timer-state.svelte.ts": {"path":"/Users/lorenzo/code/jbcb-championship/src/lib/state/timer-state.svelte.ts","statementMap":{"0":{"start":{"line":1,"column":24},"end":{"line":1,"column":null}},"1":{"start":{"line":4,"column":17},"end":{"line":4,"column":32}},"2":{"start":{"line":5,"column":21},"end":{"line":5,"column":26}},"3":{"start":{"line":6,"column":25},"end":{"line":6,"column":30}},"4":{"start":{"line":7,"column":20},"end":{"line":7,"column":35}},"5":{"start":{"line":8,"column":36},"end":{"line":8,"column":null}},"6":{"start":{"line":12,"column":13},"end":{"line":12,"column":null}}},"fnMap":{},"branchMap":{},"s":{"0":0,"1":0,"2":0,"3":0,"4":0,"5":0,"6":0},"f":{},"b":{},"meta":{"lastBranch":0,"lastFunction":0,"lastStatement":7,"seen":{"s:1:24:1:Infinity":0,"s:4:17:4:32":1,"s:5:21:5:26":2,"s:6:25:6:30":3,"s:7:20:7:35":4,"s:8:36:8:Infinity":5,"s:12:13:12:Infinity":6}}}
,"/Users/lorenzo/code/jbcb-championship/src/lib/state/tournament-state.ts": {"path":"/Users/lorenzo/code/jbcb-championship/src/lib/state/tournament-state.ts","statementMap":{"0":{"start":{"line":4,"column":2},"end":{"line":4,"column":null}},"1":{"start":{"line":7,"column":4},"end":{"line":7,"column":null}},"2":{"start":{"line":11,"column":4},"end":{"line":11,"column":null}},"3":{"start":{"line":15,"column":31},"end":{"line":15,"column":null}}},"fnMap":{"0":{"name":"(anonymous_0)","decl":{"start":{"line":6,"column":6},"end":{"line":6,"column":19}},"loc":{"start":{"line":6,"column":19},"end":{"line":8,"column":null}},"line":6},"1":{"name":"(anonymous_1)","decl":{"start":{"line":10,"column":6},"end":{"line":10,"column":17}},"loc":{"start":{"line":10,"column":31},"end":{"line":12,"column":null}},"line":10}},"branchMap":{},"s":{"0":0,"1":0,"2":0,"3":0},"f":{"0":0,"1":0},"b":{},"meta":{"lastBranch":0,"lastFunction":2,"lastStatement":4,"seen":{"s:4:2:4:Infinity":0,"f:6:6:6:19":0,"s:7:4:7:Infinity":1,"f:10:6:10:17":1,"s:11:4:11:Infinity":2,"s:15:31:15:Infinity":3}}}
,"/Users/lorenzo/code/jbcb-championship/src/lib/types/category.type.ts": {"path":"/Users/lorenzo/code/jbcb-championship/src/lib/types/category.type.ts","statementMap":{"0":{"start":{"line":7,"column":27},"end":{"line":7,"column":null}},"1":{"start":{"line":9,"column":34},"end":{"line":18,"column":null}},"2":{"start":{"line":21,"column":27},"end":{"line":23,"column":null}},"3":{"start":{"line":28,"column":31},"end":{"line":31,"column":null}},"4":{"start":{"line":36,"column":33},"end":{"line":46,"column":null}}},"fnMap":{},"branchMap":{},"s":{"0":0,"1":0,"2":0,"3":0,"4":0},"f":{},"b":{},"meta":{"lastBranch":0,"lastFunction":0,"lastStatement":5,"seen":{"s:7:27:7:Infinity":0,"s:9:34:18:Infinity":1,"s:21:27:23:Infinity":2,"s:28:31:31:Infinity":3,"s:36:33:46:Infinity":4}}}
,"/Users/lorenzo/code/jbcb-championship/src/lib/types/judoka.type.ts": {"path":"/Users/lorenzo/code/jbcb-championship/src/lib/types/judoka.type.ts","statementMap":{"0":{"start":{"line":3,"column":28},"end":{"line":7,"column":null}}},"fnMap":{},"branchMap":{},"s":{"0":0},"f":{},"b":{},"meta":{"lastBranch":0,"lastFunction":0,"lastStatement":1,"seen":{"s:3:28:7:Infinity":0}}}
,"/Users/lorenzo/code/jbcb-championship/src/lib/types/match.type.ts": {"path":"/Users/lorenzo/code/jbcb-championship/src/lib/types/match.type.ts","statementMap":{"0":{"start":{"line":5,"column":25},"end":{"line":5,"column":null}},"1":{"start":{"line":9,"column":33},"end":{"line":13,"column":null}},"2":{"start":{"line":17,"column":27},"end":{"line":25,"column":null}}},"fnMap":{},"branchMap":{},"s":{"0":0,"1":0,"2":0},"f":{},"b":{},"meta":{"lastBranch":0,"lastFunction":0,"lastStatement":3,"seen":{"s:5:25:5:Infinity":0,"s:9:33:13:Infinity":1,"s:17:27:25:Infinity":2}}}
,"/Users/lorenzo/code/jbcb-championship/src/lib/types/rounds.type.ts": {"path":"/Users/lorenzo/code/jbcb-championship/src/lib/types/rounds.type.ts","statementMap":{"0":{"start":{"line":5,"column":27},"end":{"line":9,"column":null}},"1":{"start":{"line":11,"column":28},"end":{"line":11,"column":null}}},"fnMap":{},"branchMap":{},"s":{"0":0,"1":0},"f":{},"b":{},"meta":{"lastBranch":0,"lastFunction":0,"lastStatement":2,"seen":{"s:5:27:9:Infinity":0,"s:11:28:11:Infinity":1}}}
,"/Users/lorenzo/code/jbcb-championship/src/lib/utils/timer-utils.ts": {"path":"/Users/lorenzo/code/jbcb-championship/src/lib/utils/timer-utils.ts","statementMap":{"0":{"start":{"line":2,"column":2},"end":{"line":2,"column":null}},"1":{"start":{"line":6,"column":2},"end":{"line":6,"column":null}},"2":{"start":{"line":10,"column":2},"end":{"line":11,"column":null}}},"fnMap":{"0":{"name":"getMinutes","decl":{"start":{"line":1,"column":16},"end":{"line":1,"column":27}},"loc":{"start":{"line":1,"column":38},"end":{"line":3,"column":null}},"line":1},"1":{"name":"getSeconds","decl":{"start":{"line":5,"column":16},"end":{"line":5,"column":27}},"loc":{"start":{"line":5,"column":38},"end":{"line":7,"column":null}},"line":5},"2":{"name":"formatTimeString","decl":{"start":{"line":9,"column":16},"end":{"line":9,"column":33}},"loc":{"start":{"line":9,"column":47},"end":{"line":13,"column":null}},"line":9}},"branchMap":{},"s":{"0":0,"1":0,"2":0},"f":{"0":0,"1":0,"2":0},"b":{},"meta":{"lastBranch":0,"lastFunction":3,"lastStatement":3,"seen":{"f:1:16:1:27":0,"s:2:2:2:Infinity":0,"f:5:16:5:27":1,"s:6:2:6:Infinity":1,"f:9:16:9:33":2,"s:10:2:11:Infinity":2}}}
,"/Users/lorenzo/code/jbcb-championship/src/routes/+layout.svelte": {"path":"/Users/lorenzo/code/jbcb-championship/src/routes/+layout.svelte","statementMap":{"0":{"start":{"line":11,"column":18},"end":{"line":11,"column":null}},"1":{"start":{"line":12,"column":35},"end":{"line":12,"column":77}},"2":{"start":{"line":14,"column":16},"end":{"line":14,"column":38}},"3":{"start":{"line":19,"column":9},"end":{"line":19,"column":null}},"4":{"start":{"line":43,"column":11},"end":{"line":43,"column":null}}},"fnMap":{"0":{"name":"(anonymous_0)","decl":{"start":{"line":1,"column":0},"end":{"line":1,"column":null}},"loc":{"start":{"line":1,"column":0},"end":{"line":15,"column":null}},"line":1}},"branchMap":{"0":{"loc":{"start":{"line":12,"column":35},"end":{"line":12,"column":77}},"type":"cond-expr","locations":[{"start":{"line":12,"column":45},"end":{"line":12,"column":72}},{"start":{"line":12,"column":75},"end":{"line":12,"column":77}}],"line":12}},"s":{"0":0,"1":0,"2":0,"3":0,"4":0},"f":{"0":0},"b":{"0":[0,0]},"meta":{"lastBranch":1,"lastFunction":1,"lastStatement":5,"seen":{"f:1:0:1:Infinity":0,"s:11:18:11:Infinity":0,"s:12:35:12:77":1,"b:12:45:12:72:12:75:12:77":0,"s:14:16:14:38":2,"s:19:9:19:Infinity":3,"s:43:11:43:Infinity":4}}}
,"/Users/lorenzo/code/jbcb-championship/src/routes/+page.svelte": {"path":"/Users/lorenzo/code/jbcb-championship/src/routes/+page.svelte","statementMap":{},"fnMap":{"0":{"name":"(anonymous_0)","decl":{"start":{"line":1,"column":0},"end":{"line":1,"column":null}},"loc":{"start":{"line":1,"column":0},"end":{"line":5,"column":null}},"line":1}},"branchMap":{},"s":{},"f":{"0":0},"b":{},"meta":{"lastBranch":0,"lastFunction":1,"lastStatement":0,"seen":{"f:1:0:1:Infinity":0}}}
,"/Users/lorenzo/code/jbcb-championship/src/routes/new/+page.svelte": {"path":"/Users/lorenzo/code/jbcb-championship/src/routes/new/+page.svelte","statementMap":{"0":{"start":{"line":13,"column":13},"end":{"line":16,"column":3}},"1":{"start":{"line":14,"column":4},"end":{"line":14,"column":null}},"2":{"start":{"line":15,"column":4},"end":{"line":15,"column":null}},"3":{"start":{"line":19,"column":9},"end":{"line":21,"column":null}},"4":{"start":{"line":22,"column":23},"end":{"line":30,"column":null}},"5":{"start":{"line":32,"column":4},"end":{"line":32,"column":null}},"6":{"start":{"line":33,"column":4},"end":{"line":33,"column":null}},"7":{"start":{"line":38,"column":12},"end":{"line":38,"column":null}}},"fnMap":{"0":{"name":"(anonymous_0)","decl":{"start":{"line":1,"column":0},"end":{"line":1,"column":null}},"loc":{"start":{"line":1,"column":0},"end":{"line":35,"column":null}},"line":1},"1":{"name":"(anonymous_1)","decl":{"start":{"line":13,"column":13},"end":{"line":13,"column":22}},"loc":{"start":{"line":13,"column":22},"end":{"line":16,"column":3}},"line":13},"2":{"name":"handleCreate","decl":{"start":{"line":18,"column":17},"end":{"line":18,"column":29}},"loc":{"start":{"line":18,"column":32},"end":{"line":34,"column":null}},"line":18},"3":{"name":"labelButton","decl":{"start":{"line":38,"column":12},"end":{"line":38,"column":23}},"loc":{"start":{"line":38,"column":23},"end":{"line":38,"column":null}},"line":38}},"branchMap":{"0":{"loc":{"start":{"line":19,"column":9},"end":{"line":21,"column":null}},"type":"if","locations":[{"start":{"line":19,"column":9},"end":{"line":21,"column":null}},{"start":{},"end":{}}],"line":19},"1":{"loc":{"start":{"line":19,"column":9},"end":{"line":19,"column":66}},"type":"binary-expr","locations":[{"start":{"line":19,"column":9},"end":{"line":19,"column":39}},{"start":{"line":19,"column":39},"end":{"line":19,"column":66}}],"line":19}},"s":{"0":0,"1":0,"2":0,"3":0,"4":0,"5":0,"6":0,"7":0},"f":{"0":0,"1":0,"2":0,"3":0},"b":{"0":[0,0],"1":[0,0]},"meta":{"lastBranch":2,"lastFunction":4,"lastStatement":8,"seen":{"f:1:0:1:Infinity":0,"s:13:13:16:3":0,"f:13:13:13:22":1,"s:14:4:14:Infinity":1,"s:15:4:15:Infinity":2,"f:18:17:18:29":2,"b:19:9:21:Infinity:undefined:undefined:undefined:undefined":0,"s:19:9:21:Infinity":3,"b:19:9:19:39:19:39:19:66":1,"s:22:23:30:Infinity":4,"s:32:4:32:Infinity":5,"s:33:4:33:Infinity":6,"s:38:12:38:Infinity":7,"f:38:12:38:23":3}}}
,"/Users/lorenzo/code/jbcb-championship/src/routes/new/components/athletes.svelte": {"path":"/Users/lorenzo/code/jbcb-championship/src/routes/new/components/athletes.svelte","statementMap":{"0":{"start":{"line":6,"column":18},"end":{"line":6,"column":null}},"1":{"start":{"line":6,"column":37},"end":{"line":6,"column":null}},"2":{"start":{"line":10,"column":12},"end":{"line":10,"column":null}}},"fnMap":{"0":{"name":"(anonymous_0)","decl":{"start":{"line":1,"column":0},"end":{"line":1,"column":null}},"loc":{"start":{"line":1,"column":0},"end":{"line":7,"column":null}},"line":1},"1":{"name":"(anonymous_1)","decl":{"start":{"line":6,"column":18},"end":{"line":6,"column":22}},"loc":{"start":{"line":6,"column":37},"end":{"line":6,"column":null}},"line":6},"2":{"name":"icon","decl":{"start":{"line":10,"column":12},"end":{"line":10,"column":16}},"loc":{"start":{"line":10,"column":16},"end":{"line":10,"column":null}},"line":10}},"branchMap":{},"s":{"0":0,"1":0,"2":0},"f":{"0":0,"1":0,"2":0},"b":{},"meta":{"lastBranch":0,"lastFunction":3,"lastStatement":3,"seen":{"f:1:0:1:Infinity":0,"s:6:18:6:Infinity":0,"f:6:18:6:22":1,"s:6:37:6:Infinity":1,"s:10:12:10:Infinity":2,"f:10:12:10:16":2}}}
,"/Users/lorenzo/code/jbcb-championship/src/routes/new/components/category-duration.svelte": {"path":"/Users/lorenzo/code/jbcb-championship/src/routes/new/components/category-duration.svelte","statementMap":{"0":{"start":{"line":7,"column":15},"end":{"line":7,"column":22}},"1":{"start":{"line":8,"column":14},"end":{"line":8,"column":25}},"2":{"start":{"line":9,"column":14},"end":{"line":9,"column":25}},"3":{"start":{"line":12,"column":8},"end":{"line":14,"column":null}},"4":{"start":{"line":13,"column":6},"end":{"line":13,"column":null}},"5":{"start":{"line":18,"column":8},"end":{"line":20,"column":null}},"6":{"start":{"line":19,"column":6},"end":{"line":19,"column":null}},"7":{"start":{"line":27,"column":12},"end":{"line":27,"column":null}},"8":{"start":{"line":31,"column":18},"end":{"line":31,"column":null}},"9":{"start":{"line":37,"column":7},"end":{"line":37,"column":null}},"10":{"start":{"line":42,"column":18},"end":{"line":42,"column":null}}},"fnMap":{"0":{"name":"(anonymous_0)","decl":{"start":{"line":1,"column":0},"end":{"line":1,"column":null}},"loc":{"start":{"line":1,"column":0},"end":{"line":22,"column":null}},"line":1},"1":{"name":"add","decl":{"start":{"line":11,"column":11},"end":{"line":11,"column":14}},"loc":{"start":{"line":11,"column":17},"end":{"line":15,"column":null}},"line":11},"2":{"name":"subtract","decl":{"start":{"line":17,"column":11},"end":{"line":17,"column":19}},"loc":{"start":{"line":17,"column":22},"end":{"line":21,"column":null}},"line":17}},"branchMap":{"0":{"loc":{"start":{"line":12,"column":8},"end":{"line":14,"column":null}},"type":"if","locations":[{"start":{"line":12,"column":8},"end":{"line":14,"column":null}},{"start":{},"end":{}}],"line":12},"1":{"loc":{"start":{"line":18,"column":8},"end":{"line":20,"column":null}},"type":"if","locations":[{"start":{"line":18,"column":8},"end":{"line":20,"column":null}},{"start":{},"end":{}}],"line":18}},"s":{"0":0,"1":0,"2":0,"3":0,"4":0,"5":0,"6":0,"7":0,"8":0,"9":0,"10":0},"f":{"0":0,"1":0,"2":0},"b":{"0":[0,0],"1":[0,0]},"meta":{"lastBranch":2,"lastFunction":3,"lastStatement":11,"seen":{"f:1:0:1:Infinity":0,"s:7:15:7:22":0,"s:8:14:8:25":1,"s:9:14:9:25":2,"f:11:11:11:14":1,"b:12:8:14:Infinity:undefined:undefined:undefined:undefined":0,"s:12:8:14:Infinity":3,"s:13:6:13:Infinity":4,"f:17:11:17:19":2,"b:18:8:20:Infinity:undefined:undefined:undefined:undefined":1,"s:18:8:20:Infinity":5,"s:19:6:19:Infinity":6,"s:27:12:27:Infinity":7,"s:31:18:31:Infinity":8,"s:37:7:37:Infinity":9,"s:42:18:42:Infinity":10}}}
,"/Users/lorenzo/code/jbcb-championship/src/routes/new/components/category-edit.svelte": {"path":"/Users/lorenzo/code/jbcb-championship/src/routes/new/components/category-edit.svelte","statementMap":{"0":{"start":{"line":19,"column":34},"end":{"line":19,"column":null}},"1":{"start":{"line":21,"column":16},"end":{"line":25,"column":null}},"2":{"start":{"line":28,"column":23},"end":{"line":28,"column":28}},"3":{"start":{"line":45,"column":13},"end":{"line":45,"column":null}},"4":{"start":{"line":52,"column":11},"end":{"line":52,"column":null}},"5":{"start":{"line":54,"column":7},"end":{"line":54,"column":null}}},"fnMap":{"0":{"name":"(anonymous_0)","decl":{"start":{"line":1,"column":0},"end":{"line":1,"column":null}},"loc":{"start":{"line":1,"column":0},"end":{"line":29,"column":null}},"line":1}},"branchMap":{"0":{"loc":{"start":{"line":45,"column":13},"end":{"line":45,"column":32}},"type":"binary-expr","locations":[{"start":{"line":45,"column":13},"end":{"line":45,"column":21}},{"start":{"line":45,"column":25},"end":{"line":45,"column":32}}],"line":45},"1":{"loc":{"start":{"line":54,"column":7},"end":{"line":54,"column":null}},"type":"if","locations":[{"start":{"line":54,"column":7},"end":{"line":54,"column":null}}],"line":54}},"s":{"0":0,"1":0,"2":0,"3":0,"4":0,"5":0},"f":{"0":0},"b":{"0":[0,0],"1":[0,null]},"meta":{"lastBranch":2,"lastFunction":1,"lastStatement":6,"seen":{"f:1:0:1:Infinity":0,"s:19:34:19:Infinity":0,"s:21:16:25:Infinity":1,"s:28:23:28:28":2,"s:45:13:45:Infinity":3,"b:45:13:45:21:45:25:45:32":0,"s:52:11:52:Infinity":4,"b:54:7:54:Infinity":1,"s:54:7:54:Infinity":5}}}
,"/Users/lorenzo/code/jbcb-championship/src/routes/new/components/category-name.svelte": {"path":"/Users/lorenzo/code/jbcb-championship/src/routes/new/components/category-name.svelte","statementMap":{"0":{"start":{"line":12,"column":16},"end":{"line":12,"column":null}}},"fnMap":{"0":{"name":"(anonymous_0)","decl":{"start":{"line":1,"column":0},"end":{"line":1,"column":null}},"loc":{"start":{"line":1,"column":0},"end":{"line":3,"column":null}},"line":1}},"branchMap":{},"s":{"0":0},"f":{"0":0},"b":{},"meta":{"lastBranch":0,"lastFunction":1,"lastStatement":1,"seen":{"f:1:0:1:Infinity":0,"s:12:16:12:Infinity":0}}}
,"/Users/lorenzo/code/jbcb-championship/src/routes/new/components/category-type-button.svelte": {"path":"/Users/lorenzo/code/jbcb-championship/src/routes/new/components/category-type-button.svelte","statementMap":{"0":{"start":{"line":11,"column":33},"end":{"line":11,"column":null}},"1":{"start":{"line":13,"column":15},"end":{"line":20,"column":3}},"2":{"start":{"line":14,"column":8},"end":{"line":17,"column":null}},"3":{"start":{"line":15,"column":6},"end":{"line":15,"column":null}},"4":{"start":{"line":19,"column":4},"end":{"line":19,"column":null}},"5":{"start":{"line":25,"column":16},"end":{"line":26,"column":null}},"6":{"start":{"line":32,"column":3},"end":{"line":32,"column":null}}},"fnMap":{"0":{"name":"(anonymous_0)","decl":{"start":{"line":1,"column":0},"end":{"line":1,"column":null}},"loc":{"start":{"line":1,"column":0},"end":{"line":21,"column":null}},"line":1},"1":{"name":"(anonymous_1)","decl":{"start":{"line":13,"column":15},"end":{"line":13,"column":24}},"loc":{"start":{"line":13,"column":24},"end":{"line":20,"column":3}},"line":13}},"branchMap":{"0":{"loc":{"start":{"line":11,"column":10},"end":{"line":11,"column":26}},"type":"default-arg","locations":[{"start":{"line":11,"column":21},"end":{"line":11,"column":26}}],"line":11},"1":{"loc":{"start":{"line":14,"column":8},"end":{"line":17,"column":null}},"type":"if","locations":[{"start":{"line":14,"column":8},"end":{"line":17,"column":null}},{"start":{},"end":{}}],"line":14}},"s":{"0":0,"1":0,"2":0,"3":0,"4":0,"5":0,"6":0},"f":{"0":0,"1":0},"b":{"0":[0],"1":[0,0]},"meta":{"lastBranch":2,"lastFunction":2,"lastStatement":7,"seen":{"f:1:0:1:Infinity":0,"s:11:33:11:Infinity":0,"b:11:21:11:26":0,"s:13:15:20:3":1,"f:13:15:13:24":1,"b:14:8:17:Infinity:undefined:undefined:undefined:undefined":1,"s:14:8:17:Infinity":2,"s:15:6:15:Infinity":3,"s:19:4:19:Infinity":4,"s:25:16:26:Infinity":5,"s:32:3:32:Infinity":6}}}
,"/Users/lorenzo/code/jbcb-championship/src/routes/new/components/category-type.svelte": {"path":"/Users/lorenzo/code/jbcb-championship/src/routes/new/components/category-type.svelte","statementMap":{"0":{"start":{"line":6,"column":33},"end":{"line":6,"column":62}},"1":{"start":{"line":22,"column":34},"end":{"line":22,"column":null}},"2":{"start":{"line":23,"column":34},"end":{"line":23,"column":null}}},"fnMap":{"0":{"name":"(anonymous_0)","decl":{"start":{"line":1,"column":0},"end":{"line":1,"column":null}},"loc":{"start":{"line":1,"column":0},"end":{"line":16,"column":null}},"line":1}},"branchMap":{},"s":{"0":0,"1":0,"2":0},"f":{"0":0},"b":{},"meta":{"lastBranch":0,"lastFunction":1,"lastStatement":3,"seen":{"f:1:0:1:Infinity":0,"s:6:33:6:62":0,"s:22:34:22:Infinity":1,"s:23:34:23:Infinity":2}}}
,"/Users/lorenzo/code/jbcb-championship/src/routes/new/components/new-athlete.svelte": {"path":"/Users/lorenzo/code/jbcb-championship/src/routes/new/components/new-athlete.svelte","statementMap":{"0":{"start":{"line":5,"column":20},"end":{"line":5,"column":22}},"1":{"start":{"line":6,"column":20},"end":{"line":6,"column":22}},"2":{"start":{"line":9,"column":9},"end":{"line":11,"column":null}},"3":{"start":{"line":12,"column":4},"end":{"line":12,"column":null}},"4":{"start":{"line":13,"column":4},"end":{"line":13,"column":null}},"5":{"start":{"line":28,"column":70},"end":{"line":28,"column":null}},"6":{"start":{"line":32,"column":41},"end":{"line":35,"column":null}},"7":{"start":{"line":34,"column":15},"end":{"line":34,"column":38}},"8":{"start":{"line":34,"column":48},"end":{"line":34,"column":null}},"9":{"start":{"line":35,"column":25},"end":{"line":35,"column":null}},"10":{"start":{"line":35,"column":38},"end":{"line":35,"column":null}},"11":{"start":{"line":42,"column":61},"end":{"line":42,"column":null}}},"fnMap":{"0":{"name":"(anonymous_0)","decl":{"start":{"line":1,"column":0},"end":{"line":1,"column":null}},"loc":{"start":{"line":1,"column":0},"end":{"line":15,"column":null}},"line":1},"1":{"name":"handleEnter","decl":{"start":{"line":8,"column":11},"end":{"line":8,"column":22}},"loc":{"start":{"line":8,"column":25},"end":{"line":14,"column":null}},"line":8},"2":{"name":"(anonymous_2)","decl":{"start":{"line":32,"column":45},"end":{"line":32,"column":null}},"loc":{"start":{"line":32,"column":45},"end":{"line":35,"column":null}},"line":32},"3":{"name":"(anonymous_3)","decl":{"start":{"line":35,"column":35},"end":{"line":35,"column":38}},"loc":{"start":{"line":35,"column":35},"end":{"line":35,"column":null}},"line":35}},"branchMap":{"0":{"loc":{"start":{"line":9,"column":9},"end":{"line":11,"column":null}},"type":"if","locations":[{"start":{"line":9,"column":9},"end":{"line":11,"column":null}},{"start":{},"end":{}}],"line":9}},"s":{"0":0,"1":0,"2":0,"3":0,"4":0,"5":0,"6":0,"7":0,"8":0,"9":0,"10":0,"11":0},"f":{"0":0,"1":0,"2":0,"3":0},"b":{"0":[0,0]},"meta":{"lastBranch":1,"lastFunction":4,"lastStatement":12,"seen":{"f:1:0:1:Infinity":0,"s:5:20:5:22":0,"s:6:20:6:22":1,"f:8:11:8:22":1,"b:9:9:11:Infinity:undefined:undefined:undefined:undefined":0,"s:9:9:11:Infinity":2,"s:12:4:12:Infinity":3,"s:13:4:13:Infinity":4,"s:28:70:28:Infinity":5,"s:32:41:35:Infinity":6,"f:32:45:32:Infinity":2,"s:34:15:34:38":7,"s:34:48:34:Infinity":8,"s:35:25:35:Infinity":9,"f:35:35:35:38":3,"s:35:38:35:Infinity":10,"s:42:61:42:Infinity":11}}}
}
